{"C:\\Users\\parma\\Downloads\\EasyFinanceCRM-Hostinger (1)\\EasyFinanceCRM\\frontend\\src\\api\\client.js": {"path":"C:\\Users\\parma\\Downloads\\EasyFinanceCRM-Hostinger (1)\\EasyFinanceCRM\\frontend\\src\\api\\client.js","statementMap":{"0":{"start":{"line":3,"column":18},"end":{"line":7,"column":null}},"1":{"start":{"line":9,"column":0},"end":{"line":19,"column":null}},"2":{"start":{"line":10,"column":16},"end":{"line":10,"column":null}},"3":{"start":{"line":11,"column":2},"end":{"line":17,"column":null}},"4":{"start":{"line":12,"column":4},"end":{"line":16,"column":null}},"5":{"start":{"line":13,"column":8},"end":{"line":13,"column":null}},"6":{"start":{"line":15,"column":8},"end":{"line":15,"column":null}},"7":{"start":{"line":18,"column":2},"end":{"line":18,"column":null}},"8":{"start":{"line":21,"column":0},"end":{"line":33,"column":null}},"9":{"start":{"line":22,"column":9},"end":{"line":22,"column":10}},"10":{"start":{"line":24,"column":4},"end":{"line":30,"column":null}},"11":{"start":{"line":25,"column":6},"end":{"line":25,"column":null}},"12":{"start":{"line":26,"column":6},"end":{"line":26,"column":null}},"13":{"start":{"line":27,"column":6},"end":{"line":29,"column":null}},"14":{"start":{"line":28,"column":8},"end":{"line":28,"column":null}},"15":{"start":{"line":31,"column":4},"end":{"line":31,"column":null}}},"fnMap":{"0":{"name":"(anonymous_0)","decl":{"start":{"line":9,"column":35},"end":{"line":9,"column":36}},"loc":{"start":{"line":9,"column":47},"end":{"line":19,"column":1}},"line":9},"1":{"name":"(anonymous_1)","decl":{"start":{"line":22,"column":2},"end":{"line":22,"column":3}},"loc":{"start":{"line":22,"column":9},"end":{"line":22,"column":10}},"line":22},"2":{"name":"(anonymous_2)","decl":{"start":{"line":23,"column":2},"end":{"line":23,"column":3}},"loc":{"start":{"line":23,"column":13},"end":{"line":32,"column":null}},"line":23}},"branchMap":{"0":{"loc":{"start":{"line":4,"column":12},"end":{"line":4,"column":51}},"type":"binary-expr","locations":[{"start":{"line":4,"column":12},"end":{"line":4,"column":45}},{"start":{"line":4,"column":49},"end":{"line":4,"column":51}}],"line":4},"1":{"loc":{"start":{"line":11,"column":2},"end":{"line":17,"column":null}},"type":"if","locations":[{"start":{"line":11,"column":2},"end":{"line":17,"column":null}},{"start":{},"end":{}}],"line":11},"2":{"loc":{"start":{"line":12,"column":4},"end":{"line":16,"column":null}},"type":"if","locations":[{"start":{"line":12,"column":4},"end":{"line":16,"column":null}},{"start":{"line":14,"column":11},"end":{"line":16,"column":null}}],"line":12},"3":{"loc":{"start":{"line":24,"column":4},"end":{"line":30,"column":null}},"type":"if","locations":[{"start":{"line":24,"column":4},"end":{"line":30,"column":null}},{"start":{},"end":{}}],"line":24},"4":{"loc":{"start":{"line":27,"column":6},"end":{"line":29,"column":null}},"type":"if","locations":[{"start":{"line":27,"column":6},"end":{"line":29,"column":null}},{"start":{},"end":{}}],"line":27}},"s":{"0":6,"1":6,"2":0,"3":0,"4":0,"5":0,"6":0,"7":0,"8":6,"9":0,"10":0,"11":0,"12":0,"13":0,"14":0,"15":0},"f":{"0":0,"1":0,"2":0},"b":{"0":[6,6],"1":[0,0],"2":[0,0],"3":[0,0],"4":[0,0]},"meta":{"lastBranch":5,"lastFunction":3,"lastStatement":16,"seen":{"s:3:18:7:Infinity":0,"b:4:12:4:45:4:49:4:51":0,"s:9:0:19:Infinity":1,"f:9:35:9:36":0,"s:10:16:10:Infinity":2,"b:11:2:17:Infinity:undefined:undefined:undefined:undefined":1,"s:11:2:17:Infinity":3,"b:12:4:16:Infinity:14:11:16:Infinity":2,"s:12:4:16:Infinity":4,"s:13:8:13:Infinity":5,"s:15:8:15:Infinity":6,"s:18:2:18:Infinity":7,"s:21:0:33:Infinity":8,"f:22:2:22:3":1,"s:22:9:22:10":9,"f:23:2:23:3":2,"b:24:4:30:Infinity:undefined:undefined:undefined:undefined":3,"s:24:4:30:Infinity":10,"s:25:6:25:Infinity":11,"s:26:6:26:Infinity":12,"b:27:6:29:Infinity:undefined:undefined:undefined:undefined":4,"s:27:6:29:Infinity":13,"s:28:8:28:Infinity":14,"s:31:4:31:Infinity":15}}}
,"C:\\Users\\parma\\Downloads\\EasyFinanceCRM-Hostinger (1)\\EasyFinanceCRM\\frontend\\src\\api\\leads.js": {"path":"C:\\Users\\parma\\Downloads\\EasyFinanceCRM-Hostinger (1)\\EasyFinanceCRM\\frontend\\src\\api\\leads.js","statementMap":{"0":{"start":{"line":20,"column":24},"end":{"line":63,"column":null}},"1":{"start":{"line":26,"column":4},"end":{"line":26,"column":69}},"2":{"start":{"line":30,"column":4},"end":{"line":30,"column":34}},"3":{"start":{"line":34,"column":4},"end":{"line":34,"column":42}},"4":{"start":{"line":38,"column":4},"end":{"line":38,"column":41}},"5":{"start":{"line":46,"column":4},"end":{"line":46,"column":52}},"6":{"start":{"line":50,"column":4},"end":{"line":50,"column":71}},"7":{"start":{"line":54,"column":4},"end":{"line":54,"column":36}},"8":{"start":{"line":58,"column":4},"end":{"line":58,"column":42}},"9":{"start":{"line":62,"column":4},"end":{"line":62,"column":64}},"10":{"start":{"line":66,"column":28},"end":{"line":72,"column":null}},"11":{"start":{"line":67,"column":25},"end":{"line":67,"column":64}},"12":{"start":{"line":68,"column":20},"end":{"line":68,"column":54}},"13":{"start":{"line":69,"column":24},"end":{"line":69,"column":65}},"14":{"start":{"line":70,"column":32},"end":{"line":70,"column":86}},"15":{"start":{"line":71,"column":19},"end":{"line":71,"column":55}},"16":{"start":{"line":75,"column":24},"end":{"line":77,"column":null}},"17":{"start":{"line":76,"column":14},"end":{"line":76,"column":37}},"18":{"start":{"line":95,"column":17},"end":{"line":95,"column":null}},"19":{"start":{"line":97,"column":4},"end":{"line":100,"column":null}},"20":{"start":{"line":102,"column":17},"end":{"line":102,"column":null}},"21":{"start":{"line":103,"column":17},"end":{"line":103,"column":null}},"22":{"start":{"line":105,"column":2},"end":{"line":133,"column":null}},"23":{"start":{"line":111,"column":35},"end":{"line":111,"column":45}}},"fnMap":{"0":{"name":"(anonymous_0)","decl":{"start":{"line":25,"column":8},"end":{"line":25,"column":9}},"loc":{"start":{"line":26,"column":4},"end":{"line":26,"column":69}},"line":26},"1":{"name":"(anonymous_1)","decl":{"start":{"line":29,"column":10},"end":{"line":29,"column":11}},"loc":{"start":{"line":30,"column":4},"end":{"line":30,"column":34}},"line":30},"2":{"name":"(anonymous_2)","decl":{"start":{"line":33,"column":15},"end":{"line":33,"column":16}},"loc":{"start":{"line":34,"column":4},"end":{"line":34,"column":42}},"line":34},"3":{"name":"(anonymous_3)","decl":{"start":{"line":37,"column":10},"end":{"line":37,"column":11}},"loc":{"start":{"line":38,"column":4},"end":{"line":38,"column":41}},"line":38},"4":{"name":"(anonymous_4)","decl":{"start":{"line":45,"column":15},"end":{"line":45,"column":16}},"loc":{"start":{"line":46,"column":4},"end":{"line":46,"column":52}},"line":46},"5":{"name":"(anonymous_5)","decl":{"start":{"line":49,"column":12},"end":{"line":49,"column":13}},"loc":{"start":{"line":50,"column":4},"end":{"line":50,"column":71}},"line":50},"6":{"name":"(anonymous_6)","decl":{"start":{"line":53,"column":11},"end":{"line":53,"column":12}},"loc":{"start":{"line":54,"column":4},"end":{"line":54,"column":36}},"line":54},"7":{"name":"(anonymous_7)","decl":{"start":{"line":57,"column":17},"end":{"line":57,"column":18}},"loc":{"start":{"line":58,"column":4},"end":{"line":58,"column":42}},"line":58},"8":{"name":"(anonymous_8)","decl":{"start":{"line":61,"column":13},"end":{"line":61,"column":14}},"loc":{"start":{"line":62,"column":4},"end":{"line":62,"column":64}},"line":62},"9":{"name":"(anonymous_9)","decl":{"start":{"line":67,"column":8},"end":{"line":67,"column":9}},"loc":{"start":{"line":67,"column":25},"end":{"line":67,"column":64}},"line":67},"10":{"name":"(anonymous_10)","decl":{"start":{"line":68,"column":10},"end":{"line":68,"column":11}},"loc":{"start":{"line":68,"column":20},"end":{"line":68,"column":54}},"line":68},"11":{"name":"(anonymous_11)","decl":{"start":{"line":69,"column":10},"end":{"line":69,"column":11}},"loc":{"start":{"line":69,"column":24},"end":{"line":69,"column":65}},"line":69},"12":{"name":"(anonymous_12)","decl":{"start":{"line":70,"column":16},"end":{"line":70,"column":17}},"loc":{"start":{"line":70,"column":32},"end":{"line":70,"column":86}},"line":70},"13":{"name":"(anonymous_13)","decl":{"start":{"line":71,"column":11},"end":{"line":71,"column":12}},"loc":{"start":{"line":71,"column":19},"end":{"line":71,"column":55}},"line":71},"14":{"name":"(anonymous_14)","decl":{"start":{"line":76,"column":8},"end":{"line":76,"column":9}},"loc":{"start":{"line":76,"column":14},"end":{"line":76,"column":37}},"line":76},"15":{"name":"normalizeApiLead","decl":{"start":{"line":94,"column":16},"end":{"line":94,"column":32}},"loc":{"start":{"line":94,"column":36},"end":{"line":134,"column":null}},"line":94},"16":{"name":"(anonymous_16)","decl":{"start":{"line":111,"column":28},"end":{"line":111,"column":29}},"loc":{"start":{"line":111,"column":35},"end":{"line":111,"column":45}},"line":111}},"branchMap":{"0":{"loc":{"start":{"line":25,"column":9},"end":{"line":25,"column":20}},"type":"default-arg","locations":[{"start":{"line":25,"column":18},"end":{"line":25,"column":20}}],"line":25},"1":{"loc":{"start":{"line":67,"column":9},"end":{"line":67,"column":20}},"type":"default-arg","locations":[{"start":{"line":67,"column":18},"end":{"line":67,"column":20}}],"line":67},"2":{"loc":{"start":{"line":95,"column":17},"end":{"line":95,"column":null}},"type":"binary-expr","locations":[{"start":{"line":95,"column":17},"end":{"line":95,"column":37}},{"start":{"line":95,"column":41},"end":{"line":95,"column":null}}],"line":95},"3":{"loc":{"start":{"line":97,"column":4},"end":{"line":100,"column":null}},"type":"cond-expr","locations":[{"start":{"line":97,"column":27},"end":{"line":97,"column":null}},{"start":{"line":98,"column":6},"end":{"line":100,"column":null}}],"line":97},"4":{"loc":{"start":{"line":98,"column":6},"end":{"line":100,"column":null}},"type":"cond-expr","locations":[{"start":{"line":98,"column":27},"end":{"line":98,"column":null}},{"start":{"line":99,"column":6},"end":{"line":100,"column":null}}],"line":98},"5":{"loc":{"start":{"line":99,"column":6},"end":{"line":100,"column":null}},"type":"cond-expr","locations":[{"start":{"line":99,"column":27},"end":{"line":99,"column":null}},{"start":{"line":100,"column":6},"end":{"line":100,"column":null}}],"line":99},"6":{"loc":{"start":{"line":103,"column":18},"end":{"line":103,"column":30}},"type":"binary-expr","locations":[{"start":{"line":103,"column":18},"end":{"line":103,"column":24}},{"start":{"line":103,"column":28},"end":{"line":103,"column":30}}],"line":103},"7":{"loc":{"start":{"line":111,"column":35},"end":{"line":111,"column":45}},"type":"binary-expr","locations":[{"start":{"line":111,"column":35},"end":{"line":111,"column":39}},{"start":{"line":111,"column":43},"end":{"line":111,"column":45}}],"line":111},"8":{"loc":{"start":{"line":115,"column":18},"end":{"line":115,"column":31}},"type":"binary-expr","locations":[{"start":{"line":115,"column":18},"end":{"line":115,"column":25}},{"start":{"line":115,"column":29},"end":{"line":115,"column":31}}],"line":115},"9":{"loc":{"start":{"line":124,"column":18},"end":{"line":124,"column":55}},"type":"binary-expr","locations":[{"start":{"line":124,"column":18},"end":{"line":124,"column":39}},{"start":{"line":124,"column":43},"end":{"line":124,"column":55}}],"line":124},"10":{"loc":{"start":{"line":125,"column":18},"end":{"line":125,"column":39}},"type":"binary-expr","locations":[{"start":{"line":125,"column":18},"end":{"line":125,"column":31}},{"start":{"line":125,"column":35},"end":{"line":125,"column":39}}],"line":125},"11":{"loc":{"start":{"line":126,"column":18},"end":{"line":126,"column":40}},"type":"binary-expr","locations":[{"start":{"line":126,"column":18},"end":{"line":126,"column":34}},{"start":{"line":126,"column":38},"end":{"line":126,"column":40}}],"line":126},"12":{"loc":{"start":{"line":127,"column":18},"end":{"line":127,"column":42}},"type":"binary-expr","locations":[{"start":{"line":127,"column":18},"end":{"line":127,"column":34}},{"start":{"line":127,"column":38},"end":{"line":127,"column":42}}],"line":127},"13":{"loc":{"start":{"line":129,"column":18},"end":{"line":129,"column":38}},"type":"binary-expr","locations":[{"start":{"line":129,"column":18},"end":{"line":129,"column":26}},{"start":{"line":129,"column":30},"end":{"line":129,"column":38}}],"line":129},"14":{"loc":{"start":{"line":130,"column":18},"end":{"line":130,"column":32}},"type":"binary-expr","locations":[{"start":{"line":130,"column":18},"end":{"line":130,"column":25}},{"start":{"line":130,"column":30},"end":{"line":130,"column":32}}],"line":130},"15":{"loc":{"start":{"line":131,"column":18},"end":{"line":131,"column":45}},"type":"binary-expr","locations":[{"start":{"line":131,"column":18},"end":{"line":131,"column":39}},{"start":{"line":131,"column":43},"end":{"line":131,"column":45}}],"line":131},"16":{"loc":{"start":{"line":132,"column":18},"end":{"line":132,"column":39}},"type":"binary-expr","locations":[{"start":{"line":132,"column":18},"end":{"line":132,"column":30}},{"start":{"line":132,"column":34},"end":{"line":132,"column":39}}],"line":132}},"s":{"0":5,"1":1,"2":1,"3":0,"4":0,"5":0,"6":0,"7":0,"8":0,"9":0,"10":5,"11":0,"12":0,"13":0,"14":0,"15":0,"16":5,"17":1,"18":0,"19":0,"20":0,"21":0,"22":0,"23":0},"f":{"0":1,"1":1,"2":0,"3":0,"4":0,"5":0,"6":0,"7":0,"8":0,"9":0,"10":0,"11":0,"12":0,"13":0,"14":1,"15":0,"16":0},"b":{"0":[1],"1":[0],"2":[0,0],"3":[0,0],"4":[0,0],"5":[0,0],"6":[0,0],"7":[0,0],"8":[0,0],"9":[0,0],"10":[0,0],"11":[0,0],"12":[0,0],"13":[0,0],"14":[0,0],"15":[0,0],"16":[0,0]},"meta":{"lastBranch":17,"lastFunction":17,"lastStatement":24,"seen":{"s:20:24:63:Infinity":0,"f:25:8:25:9":0,"s:26:4:26:69":1,"b:25:18:25:20":0,"f:29:10:29:11":1,"s:30:4:30:34":2,"f:33:15:33:16":2,"s:34:4:34:42":3,"f:37:10:37:11":3,"s:38:4:38:41":4,"f:45:15:45:16":4,"s:46:4:46:52":5,"f:49:12:49:13":5,"s:50:4:50:71":6,"f:53:11:53:12":6,"s:54:4:54:36":7,"f:57:17:57:18":7,"s:58:4:58:42":8,"f:61:13:61:14":8,"s:62:4:62:64":9,"s:66:28:72:Infinity":10,"f:67:8:67:9":9,"s:67:25:67:64":11,"b:67:18:67:20":1,"f:68:10:68:11":10,"s:68:20:68:54":12,"f:69:10:69:11":11,"s:69:24:69:65":13,"f:70:16:70:17":12,"s:70:32:70:86":14,"f:71:11:71:12":13,"s:71:19:71:55":15,"s:75:24:77:Infinity":16,"f:76:8:76:9":14,"s:76:14:76:37":17,"f:94:16:94:32":15,"s:95:17:95:Infinity":18,"b:95:17:95:37:95:41:95:Infinity":2,"s:97:4:100:Infinity":19,"b:97:27:97:Infinity:98:6:100:Infinity":3,"b:98:27:98:Infinity:99:6:100:Infinity":4,"b:99:27:99:Infinity:100:6:100:Infinity":5,"s:102:17:102:Infinity":20,"s:103:17:103:Infinity":21,"b:103:18:103:24:103:28:103:30":6,"s:105:2:133:Infinity":22,"f:111:28:111:29":16,"s:111:35:111:45":23,"b:111:35:111:39:111:43:111:45":7,"b:115:18:115:25:115:29:115:31":8,"b:124:18:124:39:124:43:124:55":9,"b:125:18:125:31:125:35:125:39":10,"b:126:18:126:34:126:38:126:40":11,"b:127:18:127:34:127:38:127:42":12,"b:129:18:129:26:129:30:129:38":13,"b:130:18:130:25:130:30:130:32":14,"b:131:18:131:39:131:43:131:45":15,"b:132:18:132:30:132:34:132:39":16}}}
,"C:\\Users\\parma\\Downloads\\EasyFinanceCRM-Hostinger (1)\\EasyFinanceCRM\\frontend\\src\\components\\DateRangeFilter.jsx": {"path":"C:\\Users\\parma\\Downloads\\EasyFinanceCRM-Hostinger (1)\\EasyFinanceCRM\\frontend\\src\\components\\DateRangeFilter.jsx","statementMap":{"0":{"start":{"line":10,"column":16},"end":{"line":16,"column":null}},"1":{"start":{"line":19,"column":16},"end":{"line":19,"column":null}},"2":{"start":{"line":20,"column":14},"end":{"line":20,"column":null}},"3":{"start":{"line":20,"column":21},"end":{"line":20,"column":null}},"4":{"start":{"line":22,"column":2},"end":{"line":39,"column":null}},"5":{"start":{"line":24,"column":6},"end":{"line":24,"column":null}},"6":{"start":{"line":26,"column":16},"end":{"line":26,"column":33}},"7":{"start":{"line":26,"column":33},"end":{"line":26,"column":null}},"8":{"start":{"line":27,"column":6},"end":{"line":27,"column":null}},"9":{"start":{"line":30,"column":16},"end":{"line":30,"column":33}},"10":{"start":{"line":30,"column":33},"end":{"line":30,"column":null}},"11":{"start":{"line":31,"column":6},"end":{"line":31,"column":null}},"12":{"start":{"line":34,"column":21},"end":{"line":34,"column":null}},"13":{"start":{"line":35,"column":6},"end":{"line":35,"column":null}},"14":{"start":{"line":38,"column":6},"end":{"line":38,"column":null}},"15":{"start":{"line":43,"column":38},"end":{"line":43,"column":null}},"16":{"start":{"line":44,"column":34},"end":{"line":44,"column":null}},"17":{"start":{"line":45,"column":30},"end":{"line":45,"column":null}},"18":{"start":{"line":48,"column":4},"end":{"line":48,"column":null}},"19":{"start":{"line":49,"column":4},"end":{"line":49,"column":null}},"20":{"start":{"line":49,"column":26},"end":{"line":49,"column":null}},"21":{"start":{"line":50,"column":4},"end":{"line":55,"column":null}},"22":{"start":{"line":52,"column":6},"end":{"line":52,"column":null}},"23":{"start":{"line":53,"column":6},"end":{"line":53,"column":null}},"24":{"start":{"line":54,"column":6},"end":{"line":54,"column":null}},"25":{"start":{"line":56,"column":18},"end":{"line":56,"column":null}},"26":{"start":{"line":57,"column":4},"end":{"line":57,"column":null}},"27":{"start":{"line":61,"column":4},"end":{"line":63,"column":null}},"28":{"start":{"line":62,"column":6},"end":{"line":62,"column":null}},"29":{"start":{"line":67,"column":4},"end":{"line":67,"column":null}},"30":{"start":{"line":68,"column":4},"end":{"line":68,"column":null}},"31":{"start":{"line":69,"column":4},"end":{"line":69,"column":null}},"32":{"start":{"line":70,"column":4},"end":{"line":70,"column":null}},"33":{"start":{"line":73,"column":2},"end":{"line":120,"column":null}},"34":{"start":{"line":77,"column":10},"end":{"line":84,"column":null}},"35":{"start":{"line":80,"column":27},"end":{"line":80,"column":null}},"36":{"start":{"line":99,"column":29},"end":{"line":99,"column":null}},"37":{"start":{"line":107,"column":29},"end":{"line":107,"column":null}}},"fnMap":{"0":{"name":"getPresetDates","decl":{"start":{"line":18,"column":9},"end":{"line":18,"column":24}},"loc":{"start":{"line":18,"column":29},"end":{"line":40,"column":null}},"line":18},"1":{"name":"(anonymous_1)","decl":{"start":{"line":20,"column":14},"end":{"line":20,"column":15}},"loc":{"start":{"line":20,"column":21},"end":{"line":20,"column":null}},"line":20},"2":{"name":"DateRangeFilter","decl":{"start":{"line":42,"column":24},"end":{"line":42,"column":40}},"loc":{"start":{"line":42,"column":53},"end":{"line":122,"column":null}},"line":42},"3":{"name":"handlePreset","decl":{"start":{"line":47,"column":11},"end":{"line":47,"column":24}},"loc":{"start":{"line":47,"column":29},"end":{"line":58,"column":null}},"line":47},"4":{"name":"handleCustomApply","decl":{"start":{"line":60,"column":11},"end":{"line":60,"column":31}},"loc":{"start":{"line":60,"column":31},"end":{"line":64,"column":null}},"line":60},"5":{"name":"handleClear","decl":{"start":{"line":66,"column":11},"end":{"line":66,"column":25}},"loc":{"start":{"line":66,"column":25},"end":{"line":71,"column":null}},"line":66},"6":{"name":"(anonymous_6)","decl":{"start":{"line":76,"column":21},"end":{"line":76,"column":22}},"loc":{"start":{"line":77,"column":10},"end":{"line":84,"column":null}},"line":77},"7":{"name":"(anonymous_7)","decl":{"start":{"line":80,"column":21},"end":{"line":80,"column":27}},"loc":{"start":{"line":80,"column":27},"end":{"line":80,"column":null}},"line":80},"8":{"name":"(anonymous_8)","decl":{"start":{"line":99,"column":22},"end":{"line":99,"column":23}},"loc":{"start":{"line":99,"column":29},"end":{"line":99,"column":null}},"line":99},"9":{"name":"(anonymous_9)","decl":{"start":{"line":107,"column":22},"end":{"line":107,"column":23}},"loc":{"start":{"line":107,"column":29},"end":{"line":107,"column":null}},"line":107}},"branchMap":{"0":{"loc":{"start":{"line":22,"column":2},"end":{"line":39,"column":null}},"type":"switch","locations":[{"start":{"line":23,"column":4},"end":{"line":24,"column":null}},{"start":{"line":25,"column":4},"end":{"line":28,"column":null}},{"start":{"line":29,"column":4},"end":{"line":32,"column":null}},{"start":{"line":33,"column":4},"end":{"line":36,"column":null}},{"start":{"line":37,"column":4},"end":{"line":38,"column":null}}],"line":22},"1":{"loc":{"start":{"line":49,"column":4},"end":{"line":49,"column":null}},"type":"if","locations":[{"start":{"line":49,"column":4},"end":{"line":49,"column":null}},{"start":{},"end":{}}],"line":49},"2":{"loc":{"start":{"line":50,"column":4},"end":{"line":55,"column":null}},"type":"if","locations":[{"start":{"line":50,"column":4},"end":{"line":55,"column":null}},{"start":{},"end":{}}],"line":50},"3":{"loc":{"start":{"line":61,"column":4},"end":{"line":63,"column":null}},"type":"if","locations":[{"start":{"line":61,"column":4},"end":{"line":63,"column":null}},{"start":{},"end":{}}],"line":61},"4":{"loc":{"start":{"line":61,"column":8},"end":{"line":61,"column":32}},"type":"binary-expr","locations":[{"start":{"line":61,"column":8},"end":{"line":61,"column":22}},{"start":{"line":61,"column":22},"end":{"line":61,"column":32}}],"line":61},"5":{"loc":{"start":{"line":79,"column":37},"end":{"line":79,"column":89}},"type":"cond-expr","locations":[{"start":{"line":79,"column":62},"end":{"line":79,"column":78}},{"start":{"line":79,"column":78},"end":{"line":79,"column":89}}],"line":79},"6":{"loc":{"start":{"line":86,"column":9},"end":{"line":89,"column":null}},"type":"binary-expr","locations":[{"start":{"line":86,"column":9},"end":{"line":86,"column":null}},{"start":{"line":87,"column":10},"end":{"line":89,"column":null}}],"line":86},"7":{"loc":{"start":{"line":93,"column":7},"end":{"line":118,"column":null}},"type":"binary-expr","locations":[{"start":{"line":93,"column":7},"end":{"line":93,"column":null}},{"start":{"line":94,"column":8},"end":{"line":118,"column":null}}],"line":93},"8":{"loc":{"start":{"line":113,"column":22},"end":{"line":113,"column":null}},"type":"binary-expr","locations":[{"start":{"line":113,"column":22},"end":{"line":113,"column":37}},{"start":{"line":113,"column":37},"end":{"line":113,"column":null}}],"line":113}},"s":{"0":1,"1":0,"2":0,"3":0,"4":0,"5":0,"6":0,"7":0,"8":0,"9":0,"10":0,"11":0,"12":0,"13":0,"14":0,"15":6,"16":6,"17":6,"18":0,"19":0,"20":0,"21":0,"22":0,"23":0,"24":0,"25":0,"26":0,"27":0,"28":0,"29":0,"30":0,"31":0,"32":0,"33":6,"34":30,"35":0,"36":0,"37":0},"f":{"0":0,"1":0,"2":6,"3":0,"4":0,"5":0,"6":30,"7":0,"8":0,"9":0},"b":{"0":[0,0,0,0,0],"1":[0,0],"2":[0,0],"3":[0,0],"4":[0,0],"5":[0,30],"6":[6,0],"7":[6,0],"8":[0,0]},"meta":{"lastBranch":9,"lastFunction":10,"lastStatement":38,"seen":{"s:10:16:16:Infinity":0,"f:18:9:18:24":0,"s:19:16:19:Infinity":1,"s:20:14:20:Infinity":2,"f:20:14:20:15":1,"s:20:21:20:Infinity":3,"b:23:4:24:Infinity:25:4:28:Infinity:29:4:32:Infinity:33:4:36:Infinity:37:4:38:Infinity":0,"s:22:2:39:Infinity":4,"s:24:6:24:Infinity":5,"s:26:16:26:33":6,"s:26:33:26:Infinity":7,"s:27:6:27:Infinity":8,"s:30:16:30:33":9,"s:30:33:30:Infinity":10,"s:31:6:31:Infinity":11,"s:34:21:34:Infinity":12,"s:35:6:35:Infinity":13,"s:38:6:38:Infinity":14,"f:42:24:42:40":2,"s:43:38:43:Infinity":15,"s:44:34:44:Infinity":16,"s:45:30:45:Infinity":17,"f:47:11:47:24":3,"s:48:4:48:Infinity":18,"b:49:4:49:Infinity:undefined:undefined:undefined:undefined":1,"s:49:4:49:Infinity":19,"s:49:26:49:Infinity":20,"b:50:4:55:Infinity:undefined:undefined:undefined:undefined":2,"s:50:4:55:Infinity":21,"s:52:6:52:Infinity":22,"s:53:6:53:Infinity":23,"s:54:6:54:Infinity":24,"s:56:18:56:Infinity":25,"s:57:4:57:Infinity":26,"f:60:11:60:31":4,"b:61:4:63:Infinity:undefined:undefined:undefined:undefined":3,"s:61:4:63:Infinity":27,"b:61:8:61:22:61:22:61:32":4,"s:62:6:62:Infinity":28,"f:66:11:66:25":5,"s:67:4:67:Infinity":29,"s:68:4:68:Infinity":30,"s:69:4:69:Infinity":31,"s:70:4:70:Infinity":32,"s:73:2:120:Infinity":33,"f:76:21:76:22":6,"s:77:10:84:Infinity":34,"b:79:62:79:78:79:78:79:89":5,"f:80:21:80:27":7,"s:80:27:80:Infinity":35,"b:86:9:86:Infinity:87:10:89:Infinity":6,"b:93:7:93:Infinity:94:8:118:Infinity":7,"f:99:22:99:23":8,"s:99:29:99:Infinity":36,"f:107:22:107:23":9,"s:107:29:107:Infinity":37,"b:113:22:113:37:113:37:113:Infinity":8}}}
,"C:\\Users\\parma\\Downloads\\EasyFinanceCRM-Hostinger (1)\\EasyFinanceCRM\\frontend\\src\\components\\LeadModal.jsx": {"path":"C:\\Users\\parma\\Downloads\\EasyFinanceCRM-Hostinger (1)\\EasyFinanceCRM\\frontend\\src\\components\\LeadModal.jsx","statementMap":{"0":{"start":{"line":34,"column":19},"end":{"line":34,"column":null}},"1":{"start":{"line":35,"column":19},"end":{"line":35,"column":null}},"2":{"start":{"line":36,"column":19},"end":{"line":36,"column":null}},"3":{"start":{"line":37,"column":24},"end":{"line":37,"column":null}},"4":{"start":{"line":39,"column":25},"end":{"line":42,"column":null}},"5":{"start":{"line":40,"column":12},"end":{"line":40,"column":null}},"6":{"start":{"line":41,"column":2},"end":{"line":41,"column":null}},"7":{"start":{"line":44,"column":19},"end":{"line":64,"column":null}},"8":{"start":{"line":44,"column":26},"end":{"line":64,"column":null}},"9":{"start":{"line":68,"column":15},"end":{"line":68,"column":null}},"10":{"start":{"line":69,"column":39},"end":{"line":69,"column":null}},"11":{"start":{"line":70,"column":8},"end":{"line":70,"column":null}},"12":{"start":{"line":72,"column":27},"end":{"line":72,"column":null}},"13":{"start":{"line":73,"column":29},"end":{"line":73,"column":null}},"14":{"start":{"line":74,"column":32},"end":{"line":74,"column":null}},"15":{"start":{"line":75,"column":8},"end":{"line":75,"column":null}},"16":{"start":{"line":77,"column":15},"end":{"line":77,"column":null}},"17":{"start":{"line":81,"column":8},"end":{"line":103,"column":null}},"18":{"start":{"line":82,"column":4},"end":{"line":88,"column":null}},"19":{"start":{"line":84,"column":6},"end":{"line":87,"column":null}},"20":{"start":{"line":85,"column":29},"end":{"line":85,"column":57}},"21":{"start":{"line":89,"column":4},"end":{"line":97,"column":null}},"22":{"start":{"line":91,"column":19},"end":{"line":95,"column":null}},"23":{"start":{"line":93,"column":49},"end":{"line":93,"column":77}},"24":{"start":{"line":96,"column":6},"end":{"line":96,"column":null}},"25":{"start":{"line":98,"column":4},"end":{"line":100,"column":null}},"26":{"start":{"line":99,"column":6},"end":{"line":99,"column":null}},"27":{"start":{"line":102,"column":4},"end":{"line":102,"column":null}},"28":{"start":{"line":105,"column":25},"end":{"line":105,"column":null}},"29":{"start":{"line":108,"column":2},"end":{"line":119,"column":null}},"30":{"start":{"line":109,"column":4},"end":{"line":109,"column":null}},"31":{"start":{"line":109,"column":17},"end":{"line":109,"column":null}},"32":{"start":{"line":112,"column":26},"end":{"line":112,"column":null}},"33":{"start":{"line":113,"column":4},"end":{"line":113,"column":null}},"34":{"start":{"line":114,"column":4},"end":{"line":114,"column":null}},"35":{"start":{"line":115,"column":4},"end":{"line":115,"column":null}},"36":{"start":{"line":118,"column":4},"end":{"line":118,"column":null}},"37":{"start":{"line":118,"column":21},"end":{"line":118,"column":47}},"38":{"start":{"line":122,"column":2},"end":{"line":127,"column":null}},"39":{"start":{"line":123,"column":4},"end":{"line":123,"column":null}},"40":{"start":{"line":123,"column":17},"end":{"line":123,"column":null}},"41":{"start":{"line":124,"column":20},"end":{"line":124,"column":null}},"42":{"start":{"line":124,"column":29},"end":{"line":124,"column":63}},"43":{"start":{"line":124,"column":53},"end":{"line":124,"column":63}},"44":{"start":{"line":125,"column":4},"end":{"line":125,"column":null}},"45":{"start":{"line":126,"column":4},"end":{"line":126,"column":null}},"46":{"start":{"line":126,"column":17},"end":{"line":126,"column":null}},"47":{"start":{"line":131,"column":28},"end":{"line":131,"column":null}},"48":{"start":{"line":132,"column":4},"end":{"line":132,"column":null}},"49":{"start":{"line":132,"column":23},"end":{"line":132,"column":50}},"50":{"start":{"line":133,"column":4},"end":{"line":133,"column":null}},"51":{"start":{"line":133,"column":22},"end":{"line":133,"column":null}},"52":{"start":{"line":133,"column":43},"end":{"line":133,"column":67}},"53":{"start":{"line":138,"column":17},"end":{"line":138,"column":null}},"54":{"start":{"line":139,"column":4},"end":{"line":139,"column":null}},"55":{"start":{"line":139,"column":28},"end":{"line":139,"column":null}},"56":{"start":{"line":140,"column":18},"end":{"line":140,"column":null}},"57":{"start":{"line":141,"column":4},"end":{"line":142,"column":null}},"58":{"start":{"line":141,"column":28},"end":{"line":141,"column":null}},"59":{"start":{"line":141,"column":41},"end":{"line":142,"column":null}},"60":{"start":{"line":142,"column":34},"end":{"line":142,"column":null}},"61":{"start":{"line":143,"column":4},"end":{"line":143,"column":null}},"62":{"start":{"line":148,"column":17},"end":{"line":148,"column":null}},"63":{"start":{"line":149,"column":4},"end":{"line":149,"column":null}},"64":{"start":{"line":149,"column":36},"end":{"line":149,"column":53}},"65":{"start":{"line":149,"column":53},"end":{"line":149,"column":60}},"66":{"start":{"line":151,"column":4},"end":{"line":151,"column":null}},"67":{"start":{"line":153,"column":20},"end":{"line":173,"column":null}},"68":{"start":{"line":175,"column":19},"end":{"line":175,"column":null}},"69":{"start":{"line":177,"column":4},"end":{"line":181,"column":null}},"70":{"start":{"line":178,"column":6},"end":{"line":178,"column":null}},"71":{"start":{"line":179,"column":6},"end":{"line":179,"column":null}},"72":{"start":{"line":180,"column":6},"end":{"line":180,"column":null}},"73":{"start":{"line":183,"column":4},"end":{"line":194,"column":null}},"74":{"start":{"line":184,"column":6},"end":{"line":184,"column":null}},"75":{"start":{"line":186,"column":24},"end":{"line":188,"column":null}},"76":{"start":{"line":189,"column":6},"end":{"line":193,"column":null}},"77":{"start":{"line":190,"column":8},"end":{"line":190,"column":null}},"78":{"start":{"line":191,"column":28},"end":{"line":191,"column":null}},"79":{"start":{"line":192,"column":8},"end":{"line":192,"column":null}},"80":{"start":{"line":192,"column":30},"end":{"line":192,"column":45}},"81":{"start":{"line":192,"column":45},"end":{"line":192,"column":56}},"82":{"start":{"line":192,"column":56},"end":{"line":192,"column":63}},"83":{"start":{"line":196,"column":4},"end":{"line":196,"column":null}},"84":{"start":{"line":200,"column":2},"end":{"line":200,"column":null}},"85":{"start":{"line":200,"column":15},"end":{"line":200,"column":null}},"86":{"start":{"line":202,"column":2},"end":{"line":512,"column":null}},"87":{"start":{"line":275,"column":39},"end":{"line":275,"column":67}},"88":{"start":{"line":303,"column":36},"end":{"line":303,"column":64}},"89":{"start":{"line":319,"column":18},"end":{"line":321,"column":null}},"90":{"start":{"line":336,"column":39},"end":{"line":336,"column":67}},"91":{"start":{"line":407,"column":44},"end":{"line":407,"column":72}},"92":{"start":{"line":518,"column":2},"end":{"line":521,"column":null}}},"fnMap":{"0":{"name":"(anonymous_0)","decl":{"start":{"line":39,"column":25},"end":{"line":39,"column":31}},"loc":{"start":{"line":39,"column":31},"end":{"line":42,"column":null}},"line":39},"1":{"name":"(anonymous_1)","decl":{"start":{"line":44,"column":19},"end":{"line":44,"column":26}},"loc":{"start":{"line":44,"column":26},"end":{"line":64,"column":null}},"line":44},"2":{"name":"LeadModal","decl":{"start":{"line":67,"column":24},"end":{"line":67,"column":34}},"loc":{"start":{"line":67,"column":66},"end":{"line":514,"column":null}},"line":67},"3":{"name":"(anonymous_3)","decl":{"start":{"line":81,"column":25},"end":{"line":81,"column":31}},"loc":{"start":{"line":81,"column":31},"end":{"line":103,"column":5}},"line":81},"4":{"name":"(anonymous_4)","decl":{"start":{"line":85,"column":21},"end":{"line":85,"column":22}},"loc":{"start":{"line":85,"column":29},"end":{"line":85,"column":57}},"line":85},"5":{"name":"(anonymous_5)","decl":{"start":{"line":93,"column":41},"end":{"line":93,"column":42}},"loc":{"start":{"line":93,"column":49},"end":{"line":93,"column":77}},"line":93},"6":{"name":"(anonymous_6)","decl":{"start":{"line":108,"column":12},"end":{"line":108,"column":18}},"loc":{"start":{"line":108,"column":18},"end":{"line":119,"column":5}},"line":108},"7":{"name":"(anonymous_7)","decl":{"start":{"line":118,"column":15},"end":{"line":118,"column":21}},"loc":{"start":{"line":118,"column":21},"end":{"line":118,"column":47}},"line":118},"8":{"name":"(anonymous_8)","decl":{"start":{"line":122,"column":12},"end":{"line":122,"column":18}},"loc":{"start":{"line":122,"column":18},"end":{"line":127,"column":5}},"line":122},"9":{"name":"(anonymous_9)","decl":{"start":{"line":124,"column":20},"end":{"line":124,"column":21}},"loc":{"start":{"line":124,"column":27},"end":{"line":124,"column":null}},"line":124},"10":{"name":"(anonymous_10)","decl":{"start":{"line":126,"column":11},"end":{"line":126,"column":17}},"loc":{"start":{"line":126,"column":17},"end":{"line":126,"column":null}},"line":126},"11":{"name":"handleChange","decl":{"start":{"line":130,"column":11},"end":{"line":130,"column":24}},"loc":{"start":{"line":130,"column":27},"end":{"line":134,"column":null}},"line":130},"12":{"name":"(anonymous_12)","decl":{"start":{"line":132,"column":12},"end":{"line":132,"column":13}},"loc":{"start":{"line":132,"column":23},"end":{"line":132,"column":50}},"line":132},"13":{"name":"(anonymous_13)","decl":{"start":{"line":133,"column":32},"end":{"line":133,"column":33}},"loc":{"start":{"line":133,"column":43},"end":{"line":133,"column":67}},"line":133},"14":{"name":"validate","decl":{"start":{"line":137,"column":11},"end":{"line":137,"column":22}},"loc":{"start":{"line":137,"column":22},"end":{"line":144,"column":null}},"line":137},"15":{"name":"handleSubmit","decl":{"start":{"line":147,"column":17},"end":{"line":147,"column":32}},"loc":{"start":{"line":147,"column":32},"end":{"line":197,"column":null}},"line":147},"16":{"name":"(anonymous_16)","decl":{"start":{"line":275,"column":32},"end":{"line":275,"column":33}},"loc":{"start":{"line":275,"column":39},"end":{"line":275,"column":67}},"line":275},"17":{"name":"(anonymous_17)","decl":{"start":{"line":303,"column":29},"end":{"line":303,"column":30}},"loc":{"start":{"line":303,"column":36},"end":{"line":303,"column":64}},"line":303},"18":{"name":"(anonymous_18)","decl":{"start":{"line":318,"column":35},"end":{"line":318,"column":36}},"loc":{"start":{"line":319,"column":18},"end":{"line":321,"column":null}},"line":319},"19":{"name":"(anonymous_19)","decl":{"start":{"line":336,"column":32},"end":{"line":336,"column":33}},"loc":{"start":{"line":336,"column":39},"end":{"line":336,"column":67}},"line":336},"20":{"name":"(anonymous_20)","decl":{"start":{"line":407,"column":37},"end":{"line":407,"column":38}},"loc":{"start":{"line":407,"column":44},"end":{"line":407,"column":72}},"line":407},"21":{"name":"FieldError","decl":{"start":{"line":517,"column":9},"end":{"line":517,"column":20}},"loc":{"start":{"line":517,"column":29},"end":{"line":523,"column":null}},"line":517}},"branchMap":{"0":{"loc":{"start":{"line":77,"column":15},"end":{"line":77,"column":null}},"type":"binary-expr","locations":[{"start":{"line":77,"column":15},"end":{"line":77,"column":29}},{"start":{"line":77,"column":29},"end":{"line":77,"column":null}}],"line":77},"1":{"loc":{"start":{"line":82,"column":4},"end":{"line":88,"column":null}},"type":"if","locations":[{"start":{"line":82,"column":4},"end":{"line":88,"column":null}},{"start":{},"end":{}}],"line":82},"2":{"loc":{"start":{"line":89,"column":4},"end":{"line":97,"column":null}},"type":"if","locations":[{"start":{"line":89,"column":4},"end":{"line":97,"column":null}},{"start":{},"end":{}}],"line":89},"3":{"loc":{"start":{"line":93,"column":12},"end":{"line":93,"column":37}},"type":"binary-expr","locations":[{"start":{"line":93,"column":12},"end":{"line":93,"column":33}},{"start":{"line":93,"column":33},"end":{"line":93,"column":37}}],"line":93},"4":{"loc":{"start":{"line":98,"column":4},"end":{"line":100,"column":null}},"type":"if","locations":[{"start":{"line":98,"column":4},"end":{"line":100,"column":null}},{"start":{},"end":{}}],"line":98},"5":{"loc":{"start":{"line":105,"column":25},"end":{"line":105,"column":null}},"type":"binary-expr","locations":[{"start":{"line":105,"column":25},"end":{"line":105,"column":45}},{"start":{"line":105,"column":45},"end":{"line":105,"column":null}}],"line":105},"6":{"loc":{"start":{"line":109,"column":4},"end":{"line":109,"column":null}},"type":"if","locations":[{"start":{"line":109,"column":4},"end":{"line":109,"column":null}},{"start":{},"end":{}}],"line":109},"7":{"loc":{"start":{"line":112,"column":26},"end":{"line":112,"column":null}},"type":"binary-expr","locations":[{"start":{"line":112,"column":26},"end":{"line":112,"column":50}},{"start":{"line":112,"column":50},"end":{"line":112,"column":null}}],"line":112},"8":{"loc":{"start":{"line":123,"column":4},"end":{"line":123,"column":null}},"type":"if","locations":[{"start":{"line":123,"column":4},"end":{"line":123,"column":null}},{"start":{},"end":{}}],"line":123},"9":{"loc":{"start":{"line":124,"column":29},"end":{"line":124,"column":63}},"type":"if","locations":[{"start":{"line":124,"column":29},"end":{"line":124,"column":63}},{"start":{},"end":{}}],"line":124},"10":{"loc":{"start":{"line":133,"column":4},"end":{"line":133,"column":null}},"type":"if","locations":[{"start":{"line":133,"column":4},"end":{"line":133,"column":null}},{"start":{},"end":{}}],"line":133},"11":{"loc":{"start":{"line":139,"column":4},"end":{"line":139,"column":null}},"type":"if","locations":[{"start":{"line":139,"column":4},"end":{"line":139,"column":null}},{"start":{},"end":{}}],"line":139},"12":{"loc":{"start":{"line":141,"column":4},"end":{"line":142,"column":null}},"type":"if","locations":[{"start":{"line":141,"column":4},"end":{"line":142,"column":null}},{"start":{"line":141,"column":41},"end":{"line":142,"column":null}}],"line":141},"13":{"loc":{"start":{"line":141,"column":41},"end":{"line":142,"column":null}},"type":"if","locations":[{"start":{"line":141,"column":41},"end":{"line":142,"column":null}},{"start":{},"end":{}}],"line":141},"14":{"loc":{"start":{"line":149,"column":4},"end":{"line":149,"column":null}},"type":"if","locations":[{"start":{"line":149,"column":4},"end":{"line":149,"column":null}},{"start":{},"end":{}}],"line":149},"15":{"loc":{"start":{"line":156,"column":23},"end":{"line":156,"column":null}},"type":"binary-expr","locations":[{"start":{"line":156,"column":23},"end":{"line":156,"column":44}},{"start":{"line":156,"column":44},"end":{"line":156,"column":null}}],"line":156},"16":{"loc":{"start":{"line":157,"column":23},"end":{"line":157,"column":null}},"type":"binary-expr","locations":[{"start":{"line":157,"column":23},"end":{"line":157,"column":42}},{"start":{"line":157,"column":42},"end":{"line":157,"column":null}}],"line":157},"17":{"loc":{"start":{"line":158,"column":23},"end":{"line":158,"column":null}},"type":"binary-expr","locations":[{"start":{"line":158,"column":23},"end":{"line":158,"column":47}},{"start":{"line":158,"column":47},"end":{"line":158,"column":null}}],"line":158},"18":{"loc":{"start":{"line":160,"column":23},"end":{"line":160,"column":null}},"type":"cond-expr","locations":[{"start":{"line":160,"column":37},"end":{"line":160,"column":63}},{"start":{"line":160,"column":63},"end":{"line":160,"column":null}}],"line":160},"19":{"loc":{"start":{"line":162,"column":23},"end":{"line":162,"column":null}},"type":"binary-expr","locations":[{"start":{"line":162,"column":23},"end":{"line":162,"column":43}},{"start":{"line":162,"column":43},"end":{"line":162,"column":null}}],"line":162},"20":{"loc":{"start":{"line":164,"column":23},"end":{"line":164,"column":null}},"type":"binary-expr","locations":[{"start":{"line":164,"column":23},"end":{"line":164,"column":46}},{"start":{"line":164,"column":46},"end":{"line":164,"column":null}}],"line":164},"21":{"loc":{"start":{"line":165,"column":23},"end":{"line":165,"column":null}},"type":"binary-expr","locations":[{"start":{"line":165,"column":23},"end":{"line":165,"column":46}},{"start":{"line":165,"column":46},"end":{"line":165,"column":null}}],"line":165},"22":{"loc":{"start":{"line":166,"column":23},"end":{"line":166,"column":null}},"type":"cond-expr","locations":[{"start":{"line":166,"column":45},"end":{"line":166,"column":79}},{"start":{"line":166,"column":79},"end":{"line":166,"column":null}}],"line":166},"23":{"loc":{"start":{"line":167,"column":23},"end":{"line":167,"column":null}},"type":"binary-expr","locations":[{"start":{"line":167,"column":23},"end":{"line":167,"column":45}},{"start":{"line":167,"column":45},"end":{"line":167,"column":null}}],"line":167},"24":{"loc":{"start":{"line":168,"column":23},"end":{"line":168,"column":null}},"type":"cond-expr","locations":[{"start":{"line":168,"column":44},"end":{"line":168,"column":75}},{"start":{"line":168,"column":75},"end":{"line":168,"column":null}}],"line":168},"25":{"loc":{"start":{"line":169,"column":23},"end":{"line":169,"column":null}},"type":"binary-expr","locations":[{"start":{"line":169,"column":23},"end":{"line":169,"column":54}},{"start":{"line":169,"column":54},"end":{"line":169,"column":null}}],"line":169},"26":{"loc":{"start":{"line":170,"column":23},"end":{"line":170,"column":null}},"type":"cond-expr","locations":[{"start":{"line":170,"column":42},"end":{"line":170,"column":71}},{"start":{"line":170,"column":71},"end":{"line":170,"column":null}}],"line":170},"27":{"loc":{"start":{"line":171,"column":23},"end":{"line":171,"column":null}},"type":"cond-expr","locations":[{"start":{"line":171,"column":41},"end":{"line":171,"column":71}},{"start":{"line":171,"column":71},"end":{"line":171,"column":null}}],"line":171},"28":{"loc":{"start":{"line":172,"column":23},"end":{"line":172,"column":null}},"type":"binary-expr","locations":[{"start":{"line":172,"column":23},"end":{"line":172,"column":44}},{"start":{"line":172,"column":44},"end":{"line":172,"column":null}}],"line":172},"29":{"loc":{"start":{"line":177,"column":4},"end":{"line":181,"column":null}},"type":"if","locations":[{"start":{"line":177,"column":4},"end":{"line":181,"column":null}},{"start":{},"end":{}}],"line":177},"30":{"loc":{"start":{"line":183,"column":4},"end":{"line":194,"column":null}},"type":"if","locations":[{"start":{"line":183,"column":4},"end":{"line":194,"column":null}},{"start":{},"end":{}}],"line":183},"31":{"loc":{"start":{"line":189,"column":6},"end":{"line":193,"column":null}},"type":"if","locations":[{"start":{"line":189,"column":6},"end":{"line":193,"column":null}},{"start":{},"end":{}}],"line":189},"32":{"loc":{"start":{"line":192,"column":8},"end":{"line":192,"column":null}},"type":"if","locations":[{"start":{"line":192,"column":8},"end":{"line":192,"column":null}},{"start":{},"end":{}}],"line":192},"33":{"loc":{"start":{"line":200,"column":2},"end":{"line":200,"column":null}},"type":"if","locations":[{"start":{"line":200,"column":2},"end":{"line":200,"column":null}},{"start":{},"end":{}}],"line":200},"34":{"loc":{"start":{"line":223,"column":40},"end":{"line":223,"column":67}},"type":"cond-expr","locations":[{"start":{"line":223,"column":54},"end":{"line":223,"column":65}},{"start":{"line":223,"column":65},"end":{"line":223,"column":67}}],"line":223},"35":{"loc":{"start":{"line":230,"column":15},"end":{"line":230,"column":null}},"type":"binary-expr","locations":[{"start":{"line":230,"column":15},"end":{"line":230,"column":30}},{"start":{"line":230,"column":30},"end":{"line":230,"column":null}}],"line":230},"36":{"loc":{"start":{"line":239,"column":40},"end":{"line":239,"column":68}},"type":"cond-expr","locations":[{"start":{"line":239,"column":55},"end":{"line":239,"column":66}},{"start":{"line":239,"column":66},"end":{"line":239,"column":68}}],"line":239},"37":{"loc":{"start":{"line":247,"column":15},"end":{"line":247,"column":null}},"type":"binary-expr","locations":[{"start":{"line":247,"column":15},"end":{"line":247,"column":31}},{"start":{"line":247,"column":31},"end":{"line":247,"column":null}}],"line":247},"38":{"loc":{"start":{"line":319,"column":31},"end":{"line":319,"column":53}},"type":"binary-expr","locations":[{"start":{"line":319,"column":31},"end":{"line":319,"column":39}},{"start":{"line":319,"column":39},"end":{"line":319,"column":53}}],"line":319},"39":{"loc":{"start":{"line":378,"column":15},"end":{"line":381,"column":null}},"type":"binary-expr","locations":[{"start":{"line":378,"column":15},"end":{"line":378,"column":null}},{"start":{"line":379,"column":16},"end":{"line":381,"column":null}}],"line":378},"40":{"loc":{"start":{"line":507,"column":13},"end":{"line":507,"column":null}},"type":"cond-expr","locations":[{"start":{"line":507,"column":25},"end":{"line":507,"column":37}},{"start":{"line":507,"column":37},"end":{"line":507,"column":null}}],"line":507}},"s":{"0":1,"1":1,"2":1,"3":1,"4":1,"5":4,"6":4,"7":1,"8":4,"9":5,"10":5,"11":5,"12":5,"13":5,"14":5,"15":5,"16":5,"17":5,"18":5,"19":5,"20":0,"21":0,"22":0,"23":0,"24":0,"25":0,"26":0,"27":0,"28":5,"29":5,"30":4,"31":4,"32":0,"33":4,"34":4,"35":4,"36":4,"37":0,"38":5,"39":5,"40":5,"41":0,"42":0,"43":0,"44":0,"45":0,"46":0,"47":0,"48":0,"49":0,"50":0,"51":0,"52":0,"53":0,"54":0,"55":0,"56":0,"57":0,"58":0,"59":0,"60":0,"61":0,"62":0,"63":0,"64":0,"65":0,"66":0,"67":0,"68":0,"69":0,"70":0,"71":0,"72":0,"73":0,"74":0,"75":0,"76":0,"77":0,"78":0,"79":0,"80":0,"81":0,"82":0,"83":0,"84":5,"85":5,"86":0,"87":0,"88":0,"89":0,"90":0,"91":0,"92":0},"f":{"0":4,"1":4,"2":5,"3":5,"4":0,"5":0,"6":4,"7":0,"8":5,"9":0,"10":0,"11":0,"12":0,"13":0,"14":0,"15":0,"16":0,"17":0,"18":0,"19":0,"20":0,"21":0},"b":{"0":[5,0],"1":[5,0],"2":[0,0],"3":[0,0],"4":[0,0],"5":[5,5],"6":[4,0],"7":[0,0],"8":[5,0],"9":[0,0],"10":[0,0],"11":[0,0],"12":[0,0],"13":[0,0],"14":[0,0],"15":[0,0],"16":[0,0],"17":[0,0],"18":[0,0],"19":[0,0],"20":[0,0],"21":[0,0],"22":[0,0],"23":[0,0],"24":[0,0],"25":[0,0],"26":[0,0],"27":[0,0],"28":[0,0],"29":[0,0],"30":[0,0],"31":[0,0],"32":[0,0],"33":[5,0],"34":[0,0],"35":[5,0],"36":[0,0],"37":[5,0],"38":[0,0],"39":[5,0],"40":[0,0]},"meta":{"lastBranch":41,"lastFunction":22,"lastStatement":93,"seen":{"s:34:19:34:Infinity":0,"s:35:19:35:Infinity":1,"s:36:19:36:Infinity":2,"s:37:24:37:Infinity":3,"s:39:25:42:Infinity":4,"f:39:25:39:31":0,"s:40:12:40:Infinity":5,"s:41:2:41:Infinity":6,"s:44:19:64:Infinity":7,"f:44:19:44:26":1,"s:44:26:64:Infinity":8,"f:67:24:67:34":2,"s:68:15:68:Infinity":9,"s:69:39:69:Infinity":10,"s:70:8:70:Infinity":11,"s:72:27:72:Infinity":12,"s:73:29:73:Infinity":13,"s:74:32:74:Infinity":14,"s:75:8:75:Infinity":15,"s:77:15:77:Infinity":16,"b:77:15:77:29:77:29:77:Infinity":0,"s:81:8:103:Infinity":17,"f:81:25:81:31":3,"b:82:4:88:Infinity:undefined:undefined:undefined:undefined":1,"s:82:4:88:Infinity":18,"s:84:6:87:Infinity":19,"f:85:21:85:22":4,"s:85:29:85:57":20,"b:89:4:97:Infinity:undefined:undefined:undefined:undefined":2,"s:89:4:97:Infinity":21,"s:91:19:95:Infinity":22,"b:93:12:93:33:93:33:93:37":3,"f:93:41:93:42":5,"s:93:49:93:77":23,"s:96:6:96:Infinity":24,"b:98:4:100:Infinity:undefined:undefined:undefined:undefined":4,"s:98:4:100:Infinity":25,"s:99:6:99:Infinity":26,"s:102:4:102:Infinity":27,"s:105:25:105:Infinity":28,"b:105:25:105:45:105:45:105:Infinity":5,"s:108:2:119:Infinity":29,"f:108:12:108:18":6,"b:109:4:109:Infinity:undefined:undefined:undefined:undefined":6,"s:109:4:109:Infinity":30,"s:109:17:109:Infinity":31,"s:112:26:112:Infinity":32,"b:112:26:112:50:112:50:112:Infinity":7,"s:113:4:113:Infinity":33,"s:114:4:114:Infinity":34,"s:115:4:115:Infinity":35,"s:118:4:118:Infinity":36,"f:118:15:118:21":7,"s:118:21:118:47":37,"s:122:2:127:Infinity":38,"f:122:12:122:18":8,"b:123:4:123:Infinity:undefined:undefined:undefined:undefined":8,"s:123:4:123:Infinity":39,"s:123:17:123:Infinity":40,"s:124:20:124:Infinity":41,"f:124:20:124:21":9,"b:124:29:124:63:undefined:undefined:undefined:undefined":9,"s:124:29:124:63":42,"s:124:53:124:63":43,"s:125:4:125:Infinity":44,"s:126:4:126:Infinity":45,"f:126:11:126:17":10,"s:126:17:126:Infinity":46,"f:130:11:130:24":11,"s:131:28:131:Infinity":47,"s:132:4:132:Infinity":48,"f:132:12:132:13":12,"s:132:23:132:50":49,"b:133:4:133:Infinity:undefined:undefined:undefined:undefined":10,"s:133:4:133:Infinity":50,"s:133:22:133:Infinity":51,"f:133:32:133:33":13,"s:133:43:133:67":52,"f:137:11:137:22":14,"s:138:17:138:Infinity":53,"b:139:4:139:Infinity:undefined:undefined:undefined:undefined":11,"s:139:4:139:Infinity":54,"s:139:28:139:Infinity":55,"s:140:18:140:Infinity":56,"b:141:4:142:Infinity:141:41:142:Infinity":12,"s:141:4:142:Infinity":57,"s:141:28:141:Infinity":58,"b:141:41:142:Infinity:undefined:undefined:undefined:undefined":13,"s:141:41:142:Infinity":59,"s:142:34:142:Infinity":60,"s:143:4:143:Infinity":61,"f:147:17:147:32":15,"s:148:17:148:Infinity":62,"b:149:4:149:Infinity:undefined:undefined:undefined:undefined":14,"s:149:4:149:Infinity":63,"s:149:36:149:53":64,"s:149:53:149:60":65,"s:151:4:151:Infinity":66,"s:153:20:173:Infinity":67,"b:156:23:156:44:156:44:156:Infinity":15,"b:157:23:157:42:157:42:157:Infinity":16,"b:158:23:158:47:158:47:158:Infinity":17,"b:160:37:160:63:160:63:160:Infinity":18,"b:162:23:162:43:162:43:162:Infinity":19,"b:164:23:164:46:164:46:164:Infinity":20,"b:165:23:165:46:165:46:165:Infinity":21,"b:166:45:166:79:166:79:166:Infinity":22,"b:167:23:167:45:167:45:167:Infinity":23,"b:168:44:168:75:168:75:168:Infinity":24,"b:169:23:169:54:169:54:169:Infinity":25,"b:170:42:170:71:170:71:170:Infinity":26,"b:171:41:171:71:171:71:171:Infinity":27,"b:172:23:172:44:172:44:172:Infinity":28,"s:175:19:175:Infinity":68,"b:177:4:181:Infinity:undefined:undefined:undefined:undefined":29,"s:177:4:181:Infinity":69,"s:178:6:178:Infinity":70,"s:179:6:179:Infinity":71,"s:180:6:180:Infinity":72,"b:183:4:194:Infinity:undefined:undefined:undefined:undefined":30,"s:183:4:194:Infinity":73,"s:184:6:184:Infinity":74,"s:186:24:188:Infinity":75,"b:189:6:193:Infinity:undefined:undefined:undefined:undefined":31,"s:189:6:193:Infinity":76,"s:190:8:190:Infinity":77,"s:191:28:191:Infinity":78,"b:192:8:192:Infinity:undefined:undefined:undefined:undefined":32,"s:192:8:192:Infinity":79,"s:192:30:192:45":80,"s:192:45:192:56":81,"s:192:56:192:63":82,"s:196:4:196:Infinity":83,"b:200:2:200:Infinity:undefined:undefined:undefined:undefined":33,"s:200:2:200:Infinity":84,"s:200:15:200:Infinity":85,"s:202:2:512:Infinity":86,"b:223:54:223:65:223:65:223:67":34,"b:230:15:230:30:230:30:230:Infinity":35,"b:239:55:239:66:239:66:239:68":36,"b:247:15:247:31:247:31:247:Infinity":37,"f:275:32:275:33":16,"s:275:39:275:67":87,"f:303:29:303:30":17,"s:303:36:303:64":88,"f:318:35:318:36":18,"s:319:18:321:Infinity":89,"b:319:31:319:39:319:39:319:53":38,"f:336:32:336:33":19,"s:336:39:336:67":90,"b:378:15:378:Infinity:379:16:381:Infinity":39,"f:407:37:407:38":20,"s:407:44:407:72":91,"b:507:25:507:37:507:37:507:Infinity":40,"f:517:9:517:20":21,"s:518:2:521:Infinity":92}}}
,"C:\\Users\\parma\\Downloads\\EasyFinanceCRM-Hostinger (1)\\EasyFinanceCRM\\frontend\\src\\components\\LeadsList.jsx": {"path":"C:\\Users\\parma\\Downloads\\EasyFinanceCRM-Hostinger (1)\\EasyFinanceCRM\\frontend\\src\\components\\LeadsList.jsx","statementMap":{"0":{"start":{"line":28,"column":22},"end":{"line":31,"column":null}},"1":{"start":{"line":32,"column":26},"end":{"line":32,"column":null}},"2":{"start":{"line":33,"column":26},"end":{"line":33,"column":null}},"3":{"start":{"line":36,"column":19},"end":{"line":36,"column":null}},"4":{"start":{"line":39,"column":20},"end":{"line":45,"column":null}},"5":{"start":{"line":48,"column":19},"end":{"line":51,"column":null}},"6":{"start":{"line":55,"column":15},"end":{"line":55,"column":null}},"7":{"start":{"line":56,"column":52},"end":{"line":56,"column":null}},"8":{"start":{"line":58,"column":19},"end":{"line":58,"column":null}},"9":{"start":{"line":59,"column":19},"end":{"line":59,"column":null}},"10":{"start":{"line":60,"column":20},"end":{"line":60,"column":null}},"11":{"start":{"line":63,"column":34},"end":{"line":63,"column":null}},"12":{"start":{"line":64,"column":36},"end":{"line":64,"column":null}},"13":{"start":{"line":65,"column":35},"end":{"line":65,"column":null}},"14":{"start":{"line":66,"column":35},"end":{"line":66,"column":null}},"15":{"start":{"line":69,"column":19},"end":{"line":69,"column":null}},"16":{"start":{"line":70,"column":19},"end":{"line":70,"column":null}},"17":{"start":{"line":71,"column":19},"end":{"line":71,"column":null}},"18":{"start":{"line":72,"column":19},"end":{"line":72,"column":null}},"19":{"start":{"line":75,"column":27},"end":{"line":75,"column":null}},"20":{"start":{"line":76,"column":28},"end":{"line":76,"column":null}},"21":{"start":{"line":79,"column":30},"end":{"line":79,"column":null}},"22":{"start":{"line":82,"column":8},"end":{"line":111,"column":null}},"23":{"start":{"line":83,"column":14},"end":{"line":83,"column":null}},"24":{"start":{"line":85,"column":15},"end":{"line":91,"column":null}},"25":{"start":{"line":86,"column":6},"end":{"line":86,"column":null}},"26":{"start":{"line":86,"column":79},"end":{"line":86,"column":null}},"27":{"start":{"line":87,"column":6},"end":{"line":87,"column":null}},"28":{"start":{"line":87,"column":48},"end":{"line":87,"column":null}},"29":{"start":{"line":88,"column":6},"end":{"line":88,"column":null}},"30":{"start":{"line":88,"column":48},"end":{"line":88,"column":null}},"31":{"start":{"line":89,"column":6},"end":{"line":89,"column":null}},"32":{"start":{"line":89,"column":48},"end":{"line":89,"column":null}},"33":{"start":{"line":90,"column":6},"end":{"line":90,"column":null}},"34":{"start":{"line":94,"column":4},"end":{"line":108,"column":null}},"35":{"start":{"line":96,"column":6},"end":{"line":104,"column":null}},"36":{"start":{"line":97,"column":25},"end":{"line":97,"column":54}},"37":{"start":{"line":97,"column":54},"end":{"line":97,"column":83}},"38":{"start":{"line":97,"column":83},"end":{"line":97,"column":null}},"39":{"start":{"line":98,"column":25},"end":{"line":98,"column":54}},"40":{"start":{"line":98,"column":54},"end":{"line":98,"column":83}},"41":{"start":{"line":98,"column":83},"end":{"line":98,"column":null}},"42":{"start":{"line":99,"column":25},"end":{"line":99,"column":null}},"43":{"start":{"line":100,"column":25},"end":{"line":100,"column":84}},"44":{"start":{"line":100,"column":84},"end":{"line":100,"column":null}},"45":{"start":{"line":101,"column":25},"end":{"line":101,"column":55}},"46":{"start":{"line":101,"column":55},"end":{"line":101,"column":84}},"47":{"start":{"line":101,"column":84},"end":{"line":101,"column":null}},"48":{"start":{"line":102,"column":25},"end":{"line":102,"column":55}},"49":{"start":{"line":102,"column":55},"end":{"line":102,"column":85}},"50":{"start":{"line":102,"column":85},"end":{"line":102,"column":null}},"51":{"start":{"line":103,"column":25},"end":{"line":103,"column":55}},"52":{"start":{"line":103,"column":55},"end":{"line":103,"column":null}},"53":{"start":{"line":105,"column":6},"end":{"line":105,"column":null}},"54":{"start":{"line":105,"column":19},"end":{"line":105,"column":null}},"55":{"start":{"line":106,"column":6},"end":{"line":106,"column":null}},"56":{"start":{"line":106,"column":19},"end":{"line":106,"column":null}},"57":{"start":{"line":107,"column":6},"end":{"line":107,"column":null}},"58":{"start":{"line":110,"column":4},"end":{"line":110,"column":null}},"59":{"start":{"line":115,"column":4},"end":{"line":116,"column":null}},"60":{"start":{"line":115,"column":24},"end":{"line":115,"column":null}},"61":{"start":{"line":115,"column":43},"end":{"line":115,"column":72}},"62":{"start":{"line":116,"column":11},"end":{"line":116,"column":27}},"63":{"start":{"line":116,"column":27},"end":{"line":116,"column":45}},"64":{"start":{"line":121,"column":4},"end":{"line":121,"column":null}},"65":{"start":{"line":121,"column":63},"end":{"line":121,"column":67}},"66":{"start":{"line":124,"column":4},"end":{"line":128,"column":null}},"67":{"start":{"line":125,"column":19},"end":{"line":125,"column":null}},"68":{"start":{"line":126,"column":6},"end":{"line":126,"column":null}},"69":{"start":{"line":127,"column":6},"end":{"line":127,"column":null}},"70":{"start":{"line":130,"column":21},"end":{"line":130,"column":null}},"71":{"start":{"line":130,"column":66},"end":{"line":130,"column":84}},"72":{"start":{"line":134,"column":17},"end":{"line":134,"column":null}},"73":{"start":{"line":135,"column":4},"end":{"line":135,"column":null}},"74":{"start":{"line":135,"column":28},"end":{"line":135,"column":119}},"75":{"start":{"line":136,"column":16},"end":{"line":136,"column":null}},"76":{"start":{"line":136,"column":32},"end":{"line":136,"column":103}},"77":{"start":{"line":136,"column":45},"end":{"line":136,"column":92}},"78":{"start":{"line":137,"column":14},"end":{"line":137,"column":null}},"79":{"start":{"line":138,"column":4},"end":{"line":138,"column":null}},"80":{"start":{"line":139,"column":4},"end":{"line":139,"column":null}},"81":{"start":{"line":140,"column":4},"end":{"line":140,"column":null}},"82":{"start":{"line":145,"column":4},"end":{"line":145,"column":null}},"83":{"start":{"line":145,"column":89},"end":{"line":145,"column":null}},"84":{"start":{"line":146,"column":4},"end":{"line":146,"column":null}},"85":{"start":{"line":150,"column":21},"end":{"line":150,"column":null}},"86":{"start":{"line":151,"column":8},"end":{"line":151,"column":null}},"87":{"start":{"line":154,"column":13},"end":{"line":157,"column":null}},"88":{"start":{"line":155,"column":4},"end":{"line":157,"column":null}},"89":{"start":{"line":160,"column":2},"end":{"line":280,"column":null}},"90":{"start":{"line":191,"column":63},"end":{"line":191,"column":83}},"91":{"start":{"line":196,"column":63},"end":{"line":196,"column":85}},"92":{"start":{"line":199,"column":63},"end":{"line":199,"column":84}},"93":{"start":{"line":203,"column":63},"end":{"line":203,"column":87}},"94":{"start":{"line":206,"column":63},"end":{"line":206,"column":87}},"95":{"start":{"line":217,"column":16},"end":{"line":228,"column":null}},"96":{"start":{"line":219,"column":20},"end":{"line":226,"column":null}},"97":{"start":{"line":257,"column":14},"end":{"line":266,"column":null}},"98":{"start":{"line":261,"column":32},"end":{"line":261,"column":null}},"99":{"start":{"line":262,"column":42},"end":{"line":262,"column":null}},"100":{"start":{"line":263,"column":32},"end":{"line":263,"column":null}},"101":{"start":{"line":287,"column":20},"end":{"line":287,"column":null}},"102":{"start":{"line":288,"column":24},"end":{"line":288,"column":null}},"103":{"start":{"line":290,"column":2},"end":{"line":395,"column":null}},"104":{"start":{"line":335,"column":29},"end":{"line":335,"column":null}},"105":{"start":{"line":338,"column":14},"end":{"line":338,"column":null}},"106":{"start":{"line":401,"column":2},"end":{"line":465,"column":null}},"107":{"start":{"line":411,"column":27},"end":{"line":411,"column":null}},"108":{"start":{"line":420,"column":25},"end":{"line":420,"column":null}},"109":{"start":{"line":423,"column":27},"end":{"line":423,"column":55}},"110":{"start":{"line":431,"column":25},"end":{"line":431,"column":null}},"111":{"start":{"line":434,"column":31},"end":{"line":434,"column":59}},"112":{"start":{"line":442,"column":25},"end":{"line":442,"column":null}},"113":{"start":{"line":445,"column":31},"end":{"line":445,"column":59}},"114":{"start":{"line":461,"column":23},"end":{"line":461,"column":null}}},"fnMap":{"0":{"name":"LeadsList","decl":{"start":{"line":54,"column":24},"end":{"line":54,"column":34}},"loc":{"start":{"line":54,"column":75},"end":{"line":282,"column":null}},"line":54},"1":{"name":"(anonymous_1)","decl":{"start":{"line":82,"column":27},"end":{"line":82,"column":33}},"loc":{"start":{"line":82,"column":33},"end":{"line":111,"column":5}},"line":82},"2":{"name":"(anonymous_2)","decl":{"start":{"line":85,"column":28},"end":{"line":85,"column":29}},"loc":{"start":{"line":85,"column":35},"end":{"line":91,"column":5}},"line":85},"3":{"name":"(anonymous_3)","decl":{"start":{"line":94,"column":26},"end":{"line":94,"column":27}},"loc":{"start":{"line":94,"column":36},"end":{"line":108,"column":5}},"line":94},"4":{"name":"handleSort","decl":{"start":{"line":114,"column":11},"end":{"line":114,"column":22}},"loc":{"start":{"line":114,"column":27},"end":{"line":117,"column":null}},"line":114},"5":{"name":"(anonymous_5)","decl":{"start":{"line":115,"column":35},"end":{"line":115,"column":36}},"loc":{"start":{"line":115,"column":43},"end":{"line":115,"column":72}},"line":115},"6":{"name":"toggleAll","decl":{"start":{"line":120,"column":11},"end":{"line":120,"column":21}},"loc":{"start":{"line":120,"column":24},"end":{"line":122,"column":null}},"line":120},"7":{"name":"(anonymous_7)","decl":{"start":{"line":121,"column":56},"end":{"line":121,"column":57}},"loc":{"start":{"line":121,"column":63},"end":{"line":121,"column":67}},"line":121},"8":{"name":"toggleOne","decl":{"start":{"line":123,"column":11},"end":{"line":123,"column":21}},"loc":{"start":{"line":123,"column":25},"end":{"line":129,"column":null}},"line":123},"9":{"name":"(anonymous_9)","decl":{"start":{"line":124,"column":16},"end":{"line":124,"column":17}},"loc":{"start":{"line":124,"column":26},"end":{"line":128,"column":5}},"line":124},"10":{"name":"(anonymous_10)","decl":{"start":{"line":130,"column":59},"end":{"line":130,"column":60}},"loc":{"start":{"line":130,"column":66},"end":{"line":130,"column":84}},"line":130},"11":{"name":"handleExport","decl":{"start":{"line":133,"column":11},"end":{"line":133,"column":26}},"loc":{"start":{"line":133,"column":26},"end":{"line":141,"column":null}},"line":133},"12":{"name":"(anonymous_12)","decl":{"start":{"line":135,"column":21},"end":{"line":135,"column":22}},"loc":{"start":{"line":135,"column":28},"end":{"line":135,"column":119}},"line":135},"13":{"name":"(anonymous_13)","decl":{"start":{"line":136,"column":25},"end":{"line":136,"column":26}},"loc":{"start":{"line":136,"column":32},"end":{"line":136,"column":103}},"line":136},"14":{"name":"(anonymous_14)","decl":{"start":{"line":136,"column":38},"end":{"line":136,"column":39}},"loc":{"start":{"line":136,"column":45},"end":{"line":136,"column":92}},"line":136},"15":{"name":"handleDelete","decl":{"start":{"line":144,"column":17},"end":{"line":144,"column":30}},"loc":{"start":{"line":144,"column":36},"end":{"line":147,"column":null}},"line":144},"16":{"name":"(anonymous_16)","decl":{"start":{"line":154,"column":13},"end":{"line":154,"column":14}},"loc":{"start":{"line":155,"column":4},"end":{"line":157,"column":null}},"line":155},"17":{"name":"(anonymous_17)","decl":{"start":{"line":191,"column":57},"end":{"line":191,"column":63}},"loc":{"start":{"line":191,"column":63},"end":{"line":191,"column":83}},"line":191},"18":{"name":"(anonymous_18)","decl":{"start":{"line":196,"column":57},"end":{"line":196,"column":63}},"loc":{"start":{"line":196,"column":63},"end":{"line":196,"column":85}},"line":196},"19":{"name":"(anonymous_19)","decl":{"start":{"line":199,"column":57},"end":{"line":199,"column":63}},"loc":{"start":{"line":199,"column":63},"end":{"line":199,"column":84}},"line":199},"20":{"name":"(anonymous_20)","decl":{"start":{"line":203,"column":57},"end":{"line":203,"column":63}},"loc":{"start":{"line":203,"column":63},"end":{"line":203,"column":87}},"line":203},"21":{"name":"(anonymous_21)","decl":{"start":{"line":206,"column":57},"end":{"line":206,"column":63}},"loc":{"start":{"line":206,"column":63},"end":{"line":206,"column":87}},"line":206},"22":{"name":"(anonymous_22)","decl":{"start":{"line":216,"column":40},"end":{"line":216,"column":41}},"loc":{"start":{"line":217,"column":16},"end":{"line":228,"column":null}},"line":217},"23":{"name":"(anonymous_23)","decl":{"start":{"line":218,"column":46},"end":{"line":218,"column":47}},"loc":{"start":{"line":219,"column":20},"end":{"line":226,"column":null}},"line":219},"24":{"name":"(anonymous_24)","decl":{"start":{"line":256,"column":40},"end":{"line":256,"column":41}},"loc":{"start":{"line":257,"column":14},"end":{"line":266,"column":null}},"line":257},"25":{"name":"(anonymous_25)","decl":{"start":{"line":261,"column":26},"end":{"line":261,"column":32}},"loc":{"start":{"line":261,"column":32},"end":{"line":261,"column":null}},"line":261},"26":{"name":"(anonymous_26)","decl":{"start":{"line":262,"column":31},"end":{"line":262,"column":32}},"loc":{"start":{"line":262,"column":42},"end":{"line":262,"column":null}},"line":262},"27":{"name":"(anonymous_27)","decl":{"start":{"line":263,"column":26},"end":{"line":263,"column":32}},"loc":{"start":{"line":263,"column":32},"end":{"line":263,"column":null}},"line":263},"28":{"name":"LeadRow","decl":{"start":{"line":286,"column":9},"end":{"line":286,"column":17}},"loc":{"start":{"line":286,"column":94},"end":{"line":397,"column":null}},"line":286},"29":{"name":"(anonymous_29)","decl":{"start":{"line":335,"column":22},"end":{"line":335,"column":23}},"loc":{"start":{"line":335,"column":29},"end":{"line":335,"column":null}},"line":335},"30":{"name":"(anonymous_30)","decl":{"start":{"line":337,"column":24},"end":{"line":337,"column":25}},"loc":{"start":{"line":338,"column":14},"end":{"line":338,"column":null}},"line":338},"31":{"name":"(anonymous_31)","decl":{"start":{"line":370,"column":21},"end":{"line":370,"column":27}},"loc":{"start":{"line":370,"column":27},"end":{"line":370,"column":null}},"line":370},"32":{"name":"(anonymous_32)","decl":{"start":{"line":378,"column":23},"end":{"line":378,"column":29}},"loc":{"start":{"line":378,"column":29},"end":{"line":378,"column":null}},"line":378},"33":{"name":"LeadsFilterBar","decl":{"start":{"line":400,"column":16},"end":{"line":400,"column":31}},"loc":{"start":{"line":400,"column":96},"end":{"line":467,"column":null}},"line":400},"34":{"name":"(anonymous_34)","decl":{"start":{"line":411,"column":20},"end":{"line":411,"column":21}},"loc":{"start":{"line":411,"column":27},"end":{"line":411,"column":null}},"line":411},"35":{"name":"(anonymous_35)","decl":{"start":{"line":420,"column":18},"end":{"line":420,"column":19}},"loc":{"start":{"line":420,"column":25},"end":{"line":420,"column":null}},"line":420},"36":{"name":"(anonymous_36)","decl":{"start":{"line":423,"column":20},"end":{"line":423,"column":21}},"loc":{"start":{"line":423,"column":27},"end":{"line":423,"column":55}},"line":423},"37":{"name":"(anonymous_37)","decl":{"start":{"line":431,"column":18},"end":{"line":431,"column":19}},"loc":{"start":{"line":431,"column":25},"end":{"line":431,"column":null}},"line":431},"38":{"name":"(anonymous_38)","decl":{"start":{"line":434,"column":24},"end":{"line":434,"column":25}},"loc":{"start":{"line":434,"column":31},"end":{"line":434,"column":59}},"line":434},"39":{"name":"(anonymous_39)","decl":{"start":{"line":442,"column":18},"end":{"line":442,"column":19}},"loc":{"start":{"line":442,"column":25},"end":{"line":442,"column":null}},"line":442},"40":{"name":"(anonymous_40)","decl":{"start":{"line":445,"column":24},"end":{"line":445,"column":25}},"loc":{"start":{"line":445,"column":31},"end":{"line":445,"column":59}},"line":445},"41":{"name":"(anonymous_41)","decl":{"start":{"line":461,"column":17},"end":{"line":461,"column":23}},"loc":{"start":{"line":461,"column":23},"end":{"line":461,"column":null}},"line":461}},"branchMap":{"0":{"loc":{"start":{"line":58,"column":19},"end":{"line":58,"column":null}},"type":"binary-expr","locations":[{"start":{"line":58,"column":19},"end":{"line":58,"column":33}},{"start":{"line":58,"column":33},"end":{"line":58,"column":null}}],"line":58},"1":{"loc":{"start":{"line":69,"column":19},"end":{"line":69,"column":null}},"type":"binary-expr","locations":[{"start":{"line":69,"column":19},"end":{"line":69,"column":48}},{"start":{"line":69,"column":48},"end":{"line":69,"column":null}}],"line":69},"2":{"loc":{"start":{"line":70,"column":19},"end":{"line":70,"column":null}},"type":"binary-expr","locations":[{"start":{"line":70,"column":19},"end":{"line":70,"column":48}},{"start":{"line":70,"column":48},"end":{"line":70,"column":null}}],"line":70},"3":{"loc":{"start":{"line":71,"column":19},"end":{"line":71,"column":null}},"type":"binary-expr","locations":[{"start":{"line":71,"column":19},"end":{"line":71,"column":48}},{"start":{"line":71,"column":48},"end":{"line":71,"column":null}}],"line":71},"4":{"loc":{"start":{"line":72,"column":19},"end":{"line":72,"column":null}},"type":"binary-expr","locations":[{"start":{"line":72,"column":19},"end":{"line":72,"column":48}},{"start":{"line":72,"column":48},"end":{"line":72,"column":null}}],"line":72},"5":{"loc":{"start":{"line":86,"column":6},"end":{"line":86,"column":null}},"type":"if","locations":[{"start":{"line":86,"column":6},"end":{"line":86,"column":null}},{"start":{},"end":{}}],"line":86},"6":{"loc":{"start":{"line":86,"column":10},"end":{"line":86,"column":79}},"type":"binary-expr","locations":[{"start":{"line":86,"column":10},"end":{"line":86,"column":15}},{"start":{"line":86,"column":15},"end":{"line":86,"column":79}}],"line":86},"7":{"loc":{"start":{"line":86,"column":37},"end":{"line":86,"column":52}},"type":"binary-expr","locations":[{"start":{"line":86,"column":37},"end":{"line":86,"column":47}},{"start":{"line":86,"column":47},"end":{"line":86,"column":52}}],"line":86},"8":{"loc":{"start":{"line":87,"column":6},"end":{"line":87,"column":null}},"type":"if","locations":[{"start":{"line":87,"column":6},"end":{"line":87,"column":null}},{"start":{},"end":{}}],"line":87},"9":{"loc":{"start":{"line":87,"column":10},"end":{"line":87,"column":48}},"type":"binary-expr","locations":[{"start":{"line":87,"column":10},"end":{"line":87,"column":22}},{"start":{"line":87,"column":22},"end":{"line":87,"column":48}}],"line":87},"10":{"loc":{"start":{"line":88,"column":6},"end":{"line":88,"column":null}},"type":"if","locations":[{"start":{"line":88,"column":6},"end":{"line":88,"column":null}},{"start":{},"end":{}}],"line":88},"11":{"loc":{"start":{"line":88,"column":10},"end":{"line":88,"column":48}},"type":"binary-expr","locations":[{"start":{"line":88,"column":10},"end":{"line":88,"column":22}},{"start":{"line":88,"column":22},"end":{"line":88,"column":48}}],"line":88},"12":{"loc":{"start":{"line":89,"column":6},"end":{"line":89,"column":null}},"type":"if","locations":[{"start":{"line":89,"column":6},"end":{"line":89,"column":null}},{"start":{},"end":{}}],"line":89},"13":{"loc":{"start":{"line":89,"column":10},"end":{"line":89,"column":48}},"type":"binary-expr","locations":[{"start":{"line":89,"column":10},"end":{"line":89,"column":22}},{"start":{"line":89,"column":22},"end":{"line":89,"column":48}}],"line":89},"14":{"loc":{"start":{"line":96,"column":6},"end":{"line":104,"column":null}},"type":"switch","locations":[{"start":{"line":97,"column":8},"end":{"line":97,"column":null}},{"start":{"line":98,"column":8},"end":{"line":98,"column":null}},{"start":{"line":99,"column":8},"end":{"line":100,"column":null}},{"start":{"line":101,"column":8},"end":{"line":101,"column":null}},{"start":{"line":102,"column":8},"end":{"line":102,"column":null}},{"start":{"line":103,"column":8},"end":{"line":103,"column":null}}],"line":96},"15":{"loc":{"start":{"line":98,"column":30},"end":{"line":98,"column":54}},"type":"binary-expr","locations":[{"start":{"line":98,"column":30},"end":{"line":98,"column":45}},{"start":{"line":98,"column":45},"end":{"line":98,"column":54}}],"line":98},"16":{"loc":{"start":{"line":98,"column":59},"end":{"line":98,"column":83}},"type":"binary-expr","locations":[{"start":{"line":98,"column":59},"end":{"line":98,"column":74}},{"start":{"line":98,"column":74},"end":{"line":98,"column":83}}],"line":98},"17":{"loc":{"start":{"line":101,"column":30},"end":{"line":101,"column":55}},"type":"binary-expr","locations":[{"start":{"line":101,"column":30},"end":{"line":101,"column":44}},{"start":{"line":101,"column":44},"end":{"line":101,"column":55}}],"line":101},"18":{"loc":{"start":{"line":101,"column":60},"end":{"line":101,"column":84}},"type":"binary-expr","locations":[{"start":{"line":101,"column":60},"end":{"line":101,"column":74}},{"start":{"line":101,"column":74},"end":{"line":101,"column":84}}],"line":101},"19":{"loc":{"start":{"line":105,"column":6},"end":{"line":105,"column":null}},"type":"if","locations":[{"start":{"line":105,"column":6},"end":{"line":105,"column":null}},{"start":{},"end":{}}],"line":105},"20":{"loc":{"start":{"line":105,"column":26},"end":{"line":105,"column":null}},"type":"cond-expr","locations":[{"start":{"line":105,"column":46},"end":{"line":105,"column":51}},{"start":{"line":105,"column":51},"end":{"line":105,"column":null}}],"line":105},"21":{"loc":{"start":{"line":106,"column":6},"end":{"line":106,"column":null}},"type":"if","locations":[{"start":{"line":106,"column":6},"end":{"line":106,"column":null}},{"start":{},"end":{}}],"line":106},"22":{"loc":{"start":{"line":106,"column":26},"end":{"line":106,"column":null}},"type":"cond-expr","locations":[{"start":{"line":106,"column":47},"end":{"line":106,"column":51}},{"start":{"line":106,"column":51},"end":{"line":106,"column":null}}],"line":106},"23":{"loc":{"start":{"line":115,"column":4},"end":{"line":116,"column":null}},"type":"if","locations":[{"start":{"line":115,"column":4},"end":{"line":116,"column":null}},{"start":{"line":116,"column":9},"end":{"line":116,"column":null}}],"line":115},"24":{"loc":{"start":{"line":115,"column":43},"end":{"line":115,"column":72}},"type":"cond-expr","locations":[{"start":{"line":115,"column":57},"end":{"line":115,"column":66}},{"start":{"line":115,"column":66},"end":{"line":115,"column":72}}],"line":115},"25":{"loc":{"start":{"line":121,"column":16},"end":{"line":121,"column":81}},"type":"cond-expr","locations":[{"start":{"line":121,"column":35},"end":{"line":121,"column":72}},{"start":{"line":121,"column":72},"end":{"line":121,"column":81}}],"line":121},"26":{"loc":{"start":{"line":126,"column":6},"end":{"line":126,"column":null}},"type":"cond-expr","locations":[{"start":{"line":126,"column":21},"end":{"line":126,"column":39}},{"start":{"line":126,"column":39},"end":{"line":126,"column":null}}],"line":126},"27":{"loc":{"start":{"line":130,"column":21},"end":{"line":130,"column":null}},"type":"binary-expr","locations":[{"start":{"line":130,"column":21},"end":{"line":130,"column":44}},{"start":{"line":130,"column":44},"end":{"line":130,"column":null}}],"line":130},"28":{"loc":{"start":{"line":136,"column":50},"end":{"line":136,"column":59}},"type":"binary-expr","locations":[{"start":{"line":136,"column":50},"end":{"line":136,"column":55}},{"start":{"line":136,"column":55},"end":{"line":136,"column":59}}],"line":136},"29":{"loc":{"start":{"line":145,"column":4},"end":{"line":145,"column":null}},"type":"if","locations":[{"start":{"line":145,"column":4},"end":{"line":145,"column":null}},{"start":{},"end":{}}],"line":145},"30":{"loc":{"start":{"line":150,"column":21},"end":{"line":150,"column":null}},"type":"binary-expr","locations":[{"start":{"line":150,"column":21},"end":{"line":150,"column":31}},{"start":{"line":150,"column":31},"end":{"line":150,"column":43}},{"start":{"line":150,"column":43},"end":{"line":150,"column":54}},{"start":{"line":150,"column":54},"end":{"line":150,"column":null}}],"line":150},"31":{"loc":{"start":{"line":151,"column":22},"end":{"line":151,"column":54}},"type":"binary-expr","locations":[{"start":{"line":151,"column":22},"end":{"line":151,"column":42}},{"start":{"line":151,"column":42},"end":{"line":151,"column":54}}],"line":151},"32":{"loc":{"start":{"line":151,"column":54},"end":{"line":151,"column":null}},"type":"cond-expr","locations":[{"start":{"line":151,"column":67},"end":{"line":151,"column":83}},{"start":{"line":151,"column":83},"end":{"line":151,"column":null}}],"line":151},"33":{"loc":{"start":{"line":155,"column":4},"end":{"line":157,"column":null}},"type":"cond-expr","locations":[{"start":{"line":156,"column":8},"end":{"line":156,"column":null}},{"start":{"line":157,"column":8},"end":{"line":157,"column":null}}],"line":155},"34":{"loc":{"start":{"line":156,"column":54},"end":{"line":156,"column":84}},"type":"cond-expr","locations":[{"start":{"line":156,"column":74},"end":{"line":156,"column":80}},{"start":{"line":156,"column":80},"end":{"line":156,"column":84}}],"line":156},"35":{"loc":{"start":{"line":170,"column":13},"end":{"line":170,"column":null}},"type":"cond-expr","locations":[{"start":{"line":170,"column":25},"end":{"line":170,"column":31}},{"start":{"line":170,"column":31},"end":{"line":170,"column":null}}],"line":170},"36":{"loc":{"start":{"line":215,"column":13},"end":{"line":229,"column":null}},"type":"binary-expr","locations":[{"start":{"line":215,"column":13},"end":{"line":215,"column":null}},{"start":{"line":216,"column":14},"end":{"line":229,"column":null}}],"line":215},"37":{"loc":{"start":{"line":223,"column":31},"end":{"line":223,"column":null}},"type":"cond-expr","locations":[{"start":{"line":223,"column":41},"end":{"line":223,"column":47}},{"start":{"line":223,"column":47},"end":{"line":223,"column":null}}],"line":223},"38":{"loc":{"start":{"line":223,"column":47},"end":{"line":223,"column":null}},"type":"cond-expr","locations":[{"start":{"line":223,"column":57},"end":{"line":223,"column":62}},{"start":{"line":223,"column":62},"end":{"line":223,"column":null}}],"line":223},"39":{"loc":{"start":{"line":233,"column":13},"end":{"line":252,"column":null}},"type":"binary-expr","locations":[{"start":{"line":233,"column":13},"end":{"line":233,"column":27}},{"start":{"line":233,"column":27},"end":{"line":233,"column":null}},{"start":{"line":234,"column":14},"end":{"line":252,"column":null}}],"line":233},"40":{"loc":{"start":{"line":238,"column":21},"end":{"line":238,"column":null}},"type":"cond-expr","locations":[{"start":{"line":238,"column":34},"end":{"line":238,"column":67}},{"start":{"line":238,"column":67},"end":{"line":238,"column":null}}],"line":238},"41":{"loc":{"start":{"line":240,"column":19},"end":{"line":249,"column":null}},"type":"binary-expr","locations":[{"start":{"line":240,"column":19},"end":{"line":240,"column":30}},{"start":{"line":240,"column":30},"end":{"line":240,"column":null}},{"start":{"line":241,"column":20},"end":{"line":249,"column":null}}],"line":240},"42":{"loc":{"start":{"line":256,"column":13},"end":{"line":267,"column":null}},"type":"binary-expr","locations":[{"start":{"line":256,"column":13},"end":{"line":256,"column":27}},{"start":{"line":256,"column":27},"end":{"line":267,"column":null}}],"line":256},"43":{"loc":{"start":{"line":288,"column":24},"end":{"line":288,"column":null}},"type":"cond-expr","locations":[{"start":{"line":288,"column":36},"end":{"line":288,"column":51}},{"start":{"line":288,"column":51},"end":{"line":288,"column":null}}],"line":288},"44":{"loc":{"start":{"line":291,"column":15},"end":{"line":291,"column":null}},"type":"cond-expr","locations":[{"start":{"line":291,"column":28},"end":{"line":291,"column":68}},{"start":{"line":291,"column":68},"end":{"line":291,"column":null}}],"line":291},"45":{"loc":{"start":{"line":330,"column":9},"end":{"line":344,"column":null}},"type":"cond-expr","locations":[{"start":{"line":331,"column":10},"end":{"line":340,"column":null}},{"start":{"line":342,"column":10},"end":{"line":344,"column":null}}],"line":330},"46":{"loc":{"start":{"line":342,"column":36},"end":{"line":342,"column":74}},"type":"binary-expr","locations":[{"start":{"line":342,"column":36},"end":{"line":342,"column":63}},{"start":{"line":342,"column":63},"end":{"line":342,"column":74}}],"line":342},"47":{"loc":{"start":{"line":353,"column":34},"end":{"line":353,"column":74}},"type":"binary-expr","locations":[{"start":{"line":353,"column":34},"end":{"line":353,"column":63}},{"start":{"line":353,"column":63},"end":{"line":353,"column":74}}],"line":353},"48":{"loc":{"start":{"line":360,"column":9},"end":{"line":360,"column":null}},"type":"binary-expr","locations":[{"start":
[...]
ations":[{"start":{"line":72,"column":7},"end":{"line":72,"column":null}},{"start":{"line":73,"column":8},"end":{"line":84,"column":null}}],"line":72},"3":{"loc":{"start":{"line":92,"column":30},"end":{"line":92,"column":63}},"type":"cond-expr","locations":[{"start":{"line":92,"column":49},"end":{"line":92,"column":61}},{"start":{"line":92,"column":61},"end":{"line":92,"column":63}}],"line":92},"4":{"loc":{"start":{"line":96,"column":30},"end":{"line":96,"column":null}},"type":"binary-expr","locations":[{"start":{"line":96,"column":30},"end":{"line":96,"column":51}},{"start":{"line":96,"column":51},"end":{"line":96,"column":null}}],"line":96},"5":{"loc":{"start":{"line":107,"column":11},"end":{"line":120,"column":null}},"type":"cond-expr","locations":[{"start":{"line":108,"column":14},"end":{"line":108,"column":null}},{"start":{"line":109,"column":14},"end":{"line":120,"column":null}}],"line":107},"6":{"loc":{"start":{"line":151,"column":7},"end":{"line":159,"column":null}},"type":"binary-expr","locations":[{"start":{"line":151,"column":7},"end":{"line":151,"column":null}},{"start":{"line":152,"column":8},"end":{"line":159,"column":null}}],"line":151},"7":{"loc":{"start":{"line":167,"column":7},"end":{"line":189,"column":null}},"type":"binary-expr","locations":[{"start":{"line":167,"column":7},"end":{"line":167,"column":null}},{"start":{"line":168,"column":8},"end":{"line":189,"column":null}}],"line":167},"8":{"loc":{"start":{"line":178,"column":28},"end":{"line":178,"column":null}},"type":"binary-expr","locations":[{"start":{"line":178,"column":28},"end":{"line":178,"column":49}},{"start":{"line":178,"column":49},"end":{"line":178,"column":null}}],"line":178},"9":{"loc":{"start":{"line":198,"column":25},"end":{"line":198,"column":56}},"type":"binary-expr","locations":[{"start":{"line":198,"column":25},"end":{"line":198,"column":42}},{"start":{"line":198,"column":42},"end":{"line":198,"column":56}}],"line":198},"10":{"loc":{"start":{"line":203,"column":13},"end":{"line":203,"column":null}},"type":"cond-expr","locations":[{"start":{"line":203,"column":30},"end":{"line":203,"column":71}},{"start":{"line":203,"column":71},"end":{"line":203,"column":null}}],"line":203},"11":{"loc":{"start":{"line":204,"column":13},"end":{"line":204,"column":null}},"type":"cond-expr","locations":[{"start":{"line":204,"column":30},"end":{"line":204,"column":52}},{"start":{"line":204,"column":52},"end":{"line":204,"column":null}}],"line":204},"12":{"loc":{"start":{"line":213,"column":21},"end":{"line":213,"column":null}},"type":"cond-expr","locations":[{"start":{"line":213,"column":38},"end":{"line":213,"column":64}},{"start":{"line":213,"column":64},"end":{"line":213,"column":null}}],"line":213},"13":{"loc":{"start":{"line":214,"column":11},"end":{"line":214,"column":null}},"type":"binary-expr","locations":[{"start":{"line":214,"column":11},"end":{"line":214,"column":28}},{"start":{"line":214,"column":28},"end":{"line":214,"column":null}}],"line":214}},"s":{"0":1,"1":1,"2":5,"3":5,"4":5,"5":5,"6":5,"7":5,"8":5,"9":5,"10":5,"11":2,"12":0,"13":0,"14":5,"15":25,"16":1,"17":0,"18":0,"19":35,"20":56,"21":35,"22":0,"23":0,"24":0,"25":35,"26":8,"27":0,"28":0,"29":0,"30":0,"31":0,"32":8,"33":8,"34":0,"35":0},"f":{"0":5,"1":2,"2":0,"3":25,"4":1,"5":0,"6":0,"7":35,"8":56,"9":0,"10":0,"11":0,"12":35,"13":8,"14":0,"15":0,"16":0,"17":8,"18":0,"19":0},"b":{"0":[5,0],"1":[4,1],"2":[5,5],"3":[5,20],"4":[0,0],"5":[0,5],"6":[35,27],"7":[35,35],"8":[0,0],"9":[8,0],"10":[5,3],"11":[5,3],"12":[5,3],"13":[8,8]},"meta":{"lastBranch":14,"lastFunction":20,"lastStatement":36,"seen":{"s:31:24:39:Infinity":0,"s:41:19:41:Infinity":1,"f:44:24:44:35":0,"s:45:15:45:Infinity":2,"s:46:27:46:Infinity":3,"s:47:15:47:Infinity":4,"b:47:15:47:29:47:29:47:Infinity":0,"s:49:36:49:Infinity":5,"s:50:35:50:Infinity":6,"s:51:38:51:Infinity":7,"s:53:21:53:Infinity":8,"s:54:21:54:Infinity":9,"s:57:23:59:Infinity":10,"b:58:6:58:Infinity:59:6:59:Infinity":1,"f:59:19:59:20":1,"s:59:26:59:47":11,"f:62:11:62:23":2,"s:63:4:63:Infinity":12,"s:64:4:64:Infinity":13,"s:68:2:133:Infinity":14,"b:72:7:72:Infinity:73:8:84:Infinity":2,"f:89:24:89:25":3,"s:90:10:99:Infinity":15,"b:92:49:92:61:92:61:92:63":3,"f:93:21:93:27":4,"s:93:27:93:Infinity":16,"f:96:23:96:24":5,"s:96:30:96:Infinity":17,"b:96:30:96:51:96:51:96:Infinity":4,"b:108:14:108:Infinity:109:14:120:Infinity":5,"f:108:34:108:35":6,"s:108:41:108:81":18,"f:109:34:109:35":7,"s:110:33:110:Infinity":19,"f:110:53:110:54":8,"s:110:60:110:81":20,"s:111:16:118:Infinity":21,"f:117:31:117:37":9,"s:117:37:117:Infinity":22,"f:129:17:129:23":10,"s:129:23:129:Infinity":23,"f:130:19:130:25":11,"s:130:25:130:Infinity":24,"f:138:9:138:24":12,"s:139:2:191:Infinity":25,"b:151:7:151:Infinity:152:8:159:Infinity":6,"f:162:17:162:18":13,"s:163:8:163:Infinity":26,"b:167:7:167:Infinity:168:8:189:Infinity":7,"f:178:21:178:22":14,"s:178:28:178:Infinity":27,"b:178:28:178:49:178:49:178:Infinity":8,"f:179:24:179:25":15,"s:180:12:180:Infinity":28,"s:181:12:181:Infinity":29,"f:183:24:183:25":16,"s:184:12:184:Infinity":30,"s:185:12:185:Infinity":31,"f:197:9:197:22":17,"s:198:8:198:Infinity":32,"b:198:25:198:42:198:42:198:56":9,"s:200:2:217:Infinity":33,"b:203:30:203:71:203:71:203:Infinity":10,"b:204:30:204:52:204:52:204:Infinity":11,"b:213:38:213:64:213:64:213:Infinity":12,"b:214:11:214:28:214:28:214:Infinity":13,"f:223:9:223:24":18,"s:224:2:244:Infinity":34,"f:232:24:232:25":19,"s:233:8:242:Infinity":35}}}
,"C:\\Users\\parma\\Downloads\\EasyFinanceCRM-Hostinger (1)\\EasyFinanceCRM\\frontend\\src\\pages\\Tickets.jsx": {"path":"C:\\Users\\parma\\Downloads\\EasyFinanceCRM-Hostinger (1)\\EasyFinanceCRM\\frontend\\src\\pages\\Tickets.jsx","statementMap":{"0":{"start":{"line":7,"column":15},"end":{"line":7,"column":null}},"1":{"start":{"line":8,"column":8},"end":{"line":8,"column":null}},"2":{"start":{"line":9,"column":28},"end":{"line":9,"column":null}},"3":{"start":{"line":10,"column":28},"end":{"line":10,"column":null}},"4":{"start":{"line":11,"column":32},"end":{"line":11,"column":null}},"5":{"start":{"line":12,"column":42},"end":{"line":12,"column":null}},"6":{"start":{"line":13,"column":30},"end":{"line":13,"column":null}},"7":{"start":{"line":14,"column":32},"end":{"line":19,"column":null}},"8":{"start":{"line":21,"column":2},"end":{"line":23,"column":null}},"9":{"start":{"line":22,"column":4},"end":{"line":22,"column":null}},"10":{"start":{"line":25,"column":23},"end":{"line":41,"column":null}},"11":{"start":{"line":26,"column":4},"end":{"line":26,"column":null}},"12":{"start":{"line":27,"column":4},"end":{"line":40,"column":null}},"13":{"start":{"line":29,"column":18},"end":{"line":34,"column":null}},"14":{"start":{"line":29,"column":63},"end":{"line":34,"column":8}},"15":{"start":{"line":35,"column":6},"end":{"line":35,"column":null}},"16":{"start":{"line":37,"column":6},"end":{"line":37,"column":null}},"17":{"start":{"line":39,"column":6},"end":{"line":39,"column":null}},"18":{"start":{"line":43,"column":29},"end":{"line":54,"column":null}},"19":{"start":{"line":44,"column":4},"end":{"line":44,"column":null}},"20":{"start":{"line":45,"column":4},"end":{"line":53,"column":null}},"21":{"start":{"line":46,"column":6},"end":{"line":46,"column":null}},"22":{"start":{"line":47,"column":6},"end":{"line":47,"column":null}},"23":{"start":{"line":48,"column":6},"end":{"line":48,"column":null}},"24":{"start":{"line":49,"column":6},"end":{"line":49,"column":null}},"25":{"start":{"line":50,"column":6},"end":{"line":50,"column":null}},"26":{"start":{"line":52,"column":6},"end":{"line":52,"column":null}},"27":{"start":{"line":56,"column":22},"end":{"line":68,"column":null}},"28":{"start":{"line":57,"column":4},"end":{"line":57,"column":null}},"29":{"start":{"line":57,"column":26},"end":{"line":57,"column":null}},"30":{"start":{"line":58,"column":4},"end":{"line":67,"column":null}},"31":{"start":{"line":59,"column":6},"end":{"line":59,"column":null}},"32":{"start":{"line":60,"column":6},"end":{"line":60,"column":null}},"33":{"start":{"line":62,"column":18},"end":{"line":62,"column":null}},"34":{"start":{"line":63,"column":6},"end":{"line":63,"column":null}},"35":{"start":{"line":64,"column":6},"end":{"line":64,"column":null}},"36":{"start":{"line":66,"column":6},"end":{"line":66,"column":null}},"37":{"start":{"line":70,"column":25},"end":{"line":78,"column":null}},"38":{"start":{"line":71,"column":4},"end":{"line":77,"column":null}},"39":{"start":{"line":72,"column":19},"end":{"line":72,"column":null}},"40":{"start":{"line":73,"column":26},"end":{"line":73,"column":null}},"41":{"start":{"line":74,"column":23},"end":{"line":74,"column":null}},"42":{"start":{"line":75,"column":21},"end":{"line":75,"column":null}},"43":{"start":{"line":76,"column":15},"end":{"line":76,"column":null}},"44":{"start":{"line":80,"column":2},"end":{"line":259,"column":null}},"45":{"start":{"line":87,"column":59},"end":{"line":87,"column":79}},"46":{"start":{"line":108,"column":18},"end":{"line":125,"column":null}},"47":{"start":{"line":108,"column":48},"end":{"line":108,"column":70}},"48":{"start":{"line":123,"column":85},"end":{"line":123,"column":106}},"49":{"start":{"line":123,"column":106},"end":{"line":123,"column":128}},"50":{"start":{"line":146,"column":61},"end":{"line":146,"column":86}},"51":{"start":{"line":163,"column":18},"end":{"line":170,"column":null}},"52":{"start":{"line":181,"column":35},"end":{"line":181,"column":null}},"53":{"start":{"line":201,"column":61},"end":{"line":201,"column":82}},"54":{"start":{"line":210,"column":37},"end":{"line":210,"column":null}},"55":{"start":{"line":220,"column":39},"end":{"line":220,"column":null}},"56":{"start":{"line":233,"column":39},"end":{"line":233,"column":null}},"57":{"start":{"line":246,"column":37},"end":{"line":246,"column":null}},"58":{"start":{"line":252,"column":83},"end":{"line":252,"column":104}}},"fnMap":{"0":{"name":"Tickets","decl":{"start":{"line":6,"column":24},"end":{"line":6,"column":34}},"loc":{"start":{"line":6,"column":34},"end":{"line":261,"column":null}},"line":6},"1":{"name":"(anonymous_1)","decl":{"start":{"line":21,"column":12},"end":{"line":21,"column":18}},"loc":{"start":{"line":21,"column":18},"end":{"line":23,"column":5}},"line":21},"2":{"name":"(anonymous_2)","decl":{"start":{"line":25,"column":23},"end":{"line":25,"column":35}},"loc":{"start":{"line":25,"column":35},"end":{"line":41,"column":null}},"line":25},"3":{"name":"(anonymous_3)","decl":{"start":{"line":29,"column":56},"end":{"line":29,"column":63}},"loc":{"start":{"line":29,"column":63},"end":{"line":34,"column":8}},"line":29},"4":{"name":"(anonymous_4)","decl":{"start":{"line":43,"column":29},"end":{"line":43,"column":36}},"loc":{"start":{"line":43,"column":42},"end":{"line":54,"column":null}},"line":43},"5":{"name":"(anonymous_5)","decl":{"start":{"line":56,"column":22},"end":{"line":56,"column":34}},"loc":{"start":{"line":56,"column":34},"end":{"line":68,"column":null}},"line":56},"6":{"name":"(anonymous_6)","decl":{"start":{"line":70,"column":25},"end":{"line":70,"column":26}},"loc":{"start":{"line":70,"column":37},"end":{"line":78,"column":null}},"line":70},"7":{"name":"(anonymous_7)","decl":{"start":{"line":87,"column":53},"end":{"line":87,"column":59}},"loc":{"start":{"line":87,"column":59},"end":{"line":87,"column":79}},"line":87},"8":{"name":"(anonymous_8)","decl":{"start":{"line":107,"column":29},"end":{"line":107,"column":null}},"loc":{"start":{"line":108,"column":18},"end":{"line":125,"column":null}},"line":108},"9":{"name":"(anonymous_9)","decl":{"start":{"line":108,"column":42},"end":{"line":108,"column":48}},"loc":{"start":{"line":108,"column":48},"end":{"line":108,"column":70}},"line":108},"10":{"name":"(anonymous_10)","decl":{"start":{"line":123,"column":76},"end":{"line":123,"column":77}},"loc":{"start":{"line":123,"column":83},"end":{"line":123,"column":131}},"line":123},"11":{"name":"(anonymous_11)","decl":{"start":{"line":146,"column":55},"end":{"line":146,"column":61}},"loc":{"start":{"line":146,"column":61},"end":{"line":146,"column":86}},"line":146},"12":{"name":"(anonymous_12)","decl":{"start":{"line":162,"column":52},"end":{"line":162,"column":null}},"loc":{"start":{"line":163,"column":18},"end":{"line":170,"column":null}},"line":163},"13":{"name":"(anonymous_13)","decl":{"start":{"line":181,"column":28},"end":{"line":181,"column":29}},"loc":{"start":{"line":181,"column":35},"end":{"line":181,"column":null}},"line":181},"14":{"name":"(anonymous_14)","decl":{"start":{"line":201,"column":55},"end":{"line":201,"column":61}},"loc":{"start":{"line":201,"column":61},"end":{"line":201,"column":82}},"line":201},"15":{"name":"(anonymous_15)","decl":{"start":{"line":210,"column":30},"end":{"line":210,"column":31}},"loc":{"start":{"line":210,"column":37},"end":{"line":210,"column":null}},"line":210},"16":{"name":"(anonymous_16)","decl":{"start":{"line":220,"column":32},"end":{"line":220,"column":33}},"loc":{"start":{"line":220,"column":39},"end":{"line":220,"column":null}},"line":220},"17":{"name":"(anonymous_17)","decl":{"start":{"line":233,"column":32},"end":{"line":233,"column":33}},"loc":{"start":{"line":233,"column":39},"end":{"line":233,"column":null}},"line":233},"18":{"name":"(anonymous_18)","decl":{"start":{"line":246,"column":30},"end":{"line":246,"column":31}},"loc":{"start":{"line":246,"column":37},"end":{"line":246,"column":null}},"line":246},"19":{"name":"(anonymous_19)","decl":{"start":{"line":252,"column":77},"end":{"line":252,"column":83}},"loc":{"start":{"line":252,"column":83},"end":{"line":252,"column":104}},"line":252}},"branchMap":{"0":{"loc":{"start":{"line":35,"column":17},"end":{"line":35,"column":36}},"type":"binary-expr","locations":[{"start":{"line":35,"column":17},"end":{"line":35,"column":34}},{"start":{"line":35,"column":34},"end":{"line":35,"column":36}}],"line":35},"1":{"loc":{"start":{"line":57,"column":4},"end":{"line":57,"column":null}},"type":"if","locations":[{"start":{"line":57,"column":4},"end":{"line":57,"column":null}},{"start":{},"end":{}}],"line":57},"2":{"loc":{"start":{"line":71,"column":4},"end":{"line":77,"column":null}},"type":"switch","locations":[{"start":{"line":72,"column":6},"end":{"line":72,"column":null}},{"start":{"line":73,"column":6},"end":{"line":73,"column":null}},{"start":{"line":74,"column":6},"end":{"line":74,"column":null}},{"start":{"line":75,"column":6},"end":{"line":75,"column":null}},{"start":{"line":76,"column":6},"end":{"line":76,"column":null}}],"line":71},"3":{"loc":{"start":{"line":92,"column":60},"end":{"line":92,"column":95}},"type":"cond-expr","locations":[{"start":{"line":92,"column":77},"end":{"line":92,"column":89}},{"start":{"line":92,"column":89},"end":{"line":92,"column":95}}],"line":92},"4":{"loc":{"start":{"line":117,"column":48},"end":{"line":117,"column":138}},"type":"cond-expr","locations":[{"start":{"line":117,"column":72},"end":{"line":117,"column":87}},{"start":{"line":117,"column":87},"end":{"line":117,"column":138}}],"line":117},"5":{"loc":{"start":{"line":117,"column":87},"end":{"line":117,"column":138}},"type":"cond-expr","locations":[{"start":{"line":117,"column":113},"end":{"line":117,"column":127}},{"start":{"line":117,"column":127},"end":{"line":117,"column":138}}],"line":117},"6":{"loc":{"start":{"line":127,"column":17},"end":{"line":128,"column":null}},"type":"binary-expr","locations":[{"start":{"line":127,"column":17},"end":{"line":127,"column":41}},{"start":{"line":127,"column":41},"end":{"line":127,"column":null}},{"start":{"line":128,"column":18},"end":{"line":128,"column":null}}],"line":127},"7":{"loc":{"start":{"line":136,"column":9},"end":{"line":191,"column":null}},"type":"binary-expr","locations":[{"start":{"line":136,"column":9},"end":{"line":136,"column":null}},{"start":{"line":137,"column":10},"end":{"line":191,"column":null}}],"line":136},"8":{"loc":{"start":{"line":162,"column":18},"end":{"line":162,"column":48}},"type":"binary-expr","locations":[{"start":{"line":162,"column":18},"end":{"line":162,"column":44}},{"start":{"line":162,"column":44},"end":{"line":162,"column":48}}],"line":162},"9":{"loc":{"start":{"line":164,"column":72},"end":{"line":164,"column":131}},"type":"cond-expr","locations":[{"start":{"line":164,"column":97},"end":{"line":164,"column":115}},{"start":{"line":164,"column":115},"end":{"line":164,"column":131}}],"line":164},"10":{"loc":{"start":{"line":167,"column":72},"end":{"line":167,"column":144}},"type":"cond-expr","locations":[{"start":{"line":167,"column":97},"end":{"line":167,"column":121}},{"start":{"line":167,"column":121},"end":{"line":167,"column":144}}],"line":167},"11":{"loc":{"start":{"line":196,"column":7},"end":{"line":257,"column":null}},"type":"binary-expr","locations":[{"start":{"line":196,"column":7},"end":{"line":196,"column":null}},{"start":{"line":197,"column":8},"end":{"line":257,"column":null}}],"line":196}},"s":{"0":11,"1":11,"2":11,"3":11,"4":11,"5":11,"6":11,"7":11,"8":11,"9":3,"10":11,"11":4,"12":4,"13":4,"14":0,"15":4,"16":0,"17":4,"18":11,"19":0,"20":0,"21":0,"22":0,"23":0,"24":0,"25":0,"26":0,"27":11,"28":1,"29":0,"30":1,"31":1,"32":1,"33":1,"34":1,"35":1,"36":0,"37":11,"38":8,"39":8,"40":0,"41":0,"42":0,"43":0,"44":11,"45":1,"46":5,"47":1,"48":0,"49":0,"50":0,"51":0,"52":1,"53":0,"54":0,"55":0,"56":0,"57":0,"58":0},"f":{"0":11,"1":3,"2":4,"3":0,"4":0,"5":1,"6":8,"7":1,"8":5,"9":1,"10":0,"11":0,"12":0,"13":1,"14":0,"15":0,"16":0,"17":0,"18":0,"19":0},"b":{"0":[4,0],"1":[0,1],"2":[8,0,0,0,0],"3":[3,7],"4":[1,4],"5":[0,4],"6":[11,5,0],"7":[11,3],"8":[3,0],"9":[0,0],"10":[0,0],"11":[11,2]},"meta":{"lastBranch":12,"lastFunction":20,"lastStatement":59,"seen":{"f:6:24:6:34":0,"s:7:15:7:Infinity":0,"s:8:8:8:Infinity":1,"s:9:28:9:Infinity":2,"s:10:28:10:Infinity":3,"s:11:32:11:Infinity":4,"s:12:42:12:Infinity":5,"s:13:30:13:Infinity":6,"s:14:32:19:Infinity":7,"s:21:2:23:Infinity":8,"f:21:12:21:18":1,"s:22:4:22:Infinity":9,"s:25:23:41:Infinity":10,"f:25:23:25:35":2,"s:26:4:26:Infinity":11,"s:27:4:40:Infinity":12,"s:29:18:34:Infinity":13,"f:29:56:29:63":3,"s:29:63:34:8":14,"s:35:6:35:Infinity":15,"b:35:17:35:34:35:34:35:36":0,"s:37:6:37:Infinity":16,"s:39:6:39:Infinity":17,"s:43:29:54:Infinity":18,"f:43:29:43:36":4,"s:44:4:44:Infinity":19,"s:45:4:53:Infinity":20,"s:46:6:46:Infinity":21,"s:47:6:47:Infinity":22,"s:48:6:48:Infinity":23,"s:49:6:49:Infinity":24,"s:50:6:50:Infinity":25,"s:52:6:52:Infinity":26,"s:56:22:68:Infinity":27,"f:56:22:56:34":5,"b:57:4:57:Infinity:undefined:undefined:undefined:undefined":1,"s:57:4:57:Infinity":28,"s:57:26:57:Infinity":29,"s:58:4:67:Infinity":30,"s:59:6:59:Infinity":31,"s:60:6:60:Infinity":32,"s:62:18:62:Infinity":33,"s:63:6:63:Infinity":34,"s:64:6:64:Infinity":35,"s:66:6:66:Infinity":36,"s:70:25:78:Infinity":37,"f:70:25:70:26":6,"b:72:6:72:Infinity:73:6:73:Infinity:74:6:74:Infinity:75:6:75:Infinity:76:6:76:Infinity":2,"s:71:4:77:Infinity":38,"s:72:19:72:Infinity":39,"s:73:26:73:Infinity":40,"s:74:23:74:Infinity":41,"s:75:21:75:Infinity":42,"s:76:15:76:Infinity":43,"s:80:2:259:Infinity":44,"f:87:53:87:59":7,"s:87:59:87:79":45,"b:92:77:92:89:92:89:92:95":3,"f:107:29:107:Infinity":8,"s:108:18:125:Infinity":46,"f:108:42:108:48":9,"s:108:48:108:70":47,"b:117:72:117:87:117:87:117:138":4,"b:117:113:117:127:117:127:117:138":5,"f:123:76:123:77":10,"s:123:85:123:106":48,"s:123:106:123:128":49,"b:127:17:127:41:127:41:127:Infinity:128:18:128:Infinity":6,"b:136:9:136:Infinity:137:10:191:Infinity":7,"f:146:55:146:61":11,"s:146:61:146:86":50,"b:162:18:162:44:162:44:162:48":8,"f:162:52:162:Infinity":12,"s:163:18:170:Infinity":51,"b:164:97:164:115:164:115:164:131":9,"b:167:97:167:121:167:121:167:144":10,"f:181:28:181:29":13,"s:181:35:181:Infinity":52,"b:196:7:196:Infinity:197:8:257:Infinity":11,"f:201:55:201:61":14,"s:201:61:201:82":53,"f:210:30:210:31":15,"s:210:37:210:Infinity":54,"f:220:32:220:33":16,"s:220:39:220:Infinity":55,"f:233:32:233:33":17,"s:233:39:233:Infinity":56,"f:246:30:246:31":18,"s:246:37:246:Infinity":57,"f:252:77:252:83":19,"s:252:83:252:104":58}}}
}
