<?xml version="1.0" encoding="UTF-8"?>
<testsuites>
  <testsuite name="CLI Arguments" tests="22" assertions="24" errors="7" failures="6" skipped="0" time="2.392091">
    <testsuite name="Tests\Feature\AnnouncementTest" file="C:\Users\parma\Downloads\EasyFinanceCRM-Hostinger (1)\EasyFinanceCRM\backend\tests\Feature\AnnouncementTest.php" tests="3" assertions="0" errors="3" failures="0" skipped="0" time="0.372800">
      <testcase name="test_user_can_see_published_announcements" file="C:\Users\parma\Downloads\EasyFinanceCRM-Hostinger (1)\EasyFinanceCRM\backend\tests\Feature\AnnouncementTest.php" line="14" class="Tests\Feature\AnnouncementTest" classname="Tests.Feature.AnnouncementTest" assertions="0" time="0.342352">
        <error type="Illuminate\Database\QueryException">Tests\Feature\AnnouncementTest::test_user_can_see_published_announcements&#13;
Illuminate\Database\QueryException: SQLSTATE[23000]: Integrity constraint violation: 19 CHECK constraint failed: priority (Connection: sqlite, SQL: insert into "announcements" ("title", "message", "target", "priority", "channel_app", "channel_sms", "channel_email", "channel_whatsapp", "published_at", "created_by", "updated_at", "created_at") values (Ratione corrupti dolorem dolorem tempore., Et voluptatem dolor repudiandae repellendus possimus necessitatibus beatae. Minus esse deleniti unde id quos ab. Tempore ut harum voluptas non error eum eos ut., all, high, 1, 0, 0, 0, 2026-03-12 23:59:01, 3, 2026-03-12 23:59:01, 2026-03-12 23:59:01))
&#13;
C:\Users\parma\Downloads\EasyFinanceCRM-Hostinger (1)\EasyFinanceCRM\backend\vendor\laravel\framework\src\Illuminate\Database\Connection.php:825
C:\Users\parma\Downloads\EasyFinanceCRM-Hostinger (1)\EasyFinanceCRM\backend\vendor\laravel\framework\src\Illuminate\Database\Connection.php:779
C:\Users\parma\Downloads\EasyFinanceCRM-Hostinger (1)\EasyFinanceCRM\backend\vendor\laravel\framework\src\Illuminate\Database\Connection.php:560
C:\Users\parma\Downloads\EasyFinanceCRM-Hostinger (1)\EasyFinanceCRM\backend\vendor\laravel\framework\src\Illuminate\Database\Connection.php:524
C:\Users\parma\Downloads\EasyFinanceCRM-Hostinger (1)\EasyFinanceCRM\backend\vendor\laravel\framework\src\Illuminate\Database\Query\Processors\Processor.php:32
C:\Users\parma\Downloads\EasyFinanceCRM-Hostinger (1)\EasyFinanceCRM\backend\vendor\laravel\framework\src\Illuminate\Database\Query\Builder.php:3766
C:\Users\parma\Downloads\EasyFinanceCRM-Hostinger (1)\EasyFinanceCRM\backend\vendor\laravel\framework\src\Illuminate\Database\Eloquent\Builder.php:2120
C:\Users\parma\Downloads\EasyFinanceCRM-Hostinger (1)\EasyFinanceCRM\backend\vendor\laravel\framework\src\Illuminate\Database\Eloquent\Model.php:1359
C:\Users\parma\Downloads\EasyFinanceCRM-Hostinger (1)\EasyFinanceCRM\backend\vendor\laravel\framework\src\Illuminate\Database\Eloquent\Model.php:1324
C:\Users\parma\Downloads\EasyFinanceCRM-Hostinger (1)\EasyFinanceCRM\backend\vendor\laravel\framework\src\Illuminate\Database\Eloquent\Model.php:1163
C:\Users\parma\Downloads\EasyFinanceCRM-Hostinger (1)\EasyFinanceCRM\backend\vendor\laravel\framework\src\Illuminate\Database\Eloquent\Factories\Factory.php:352
C:\Users\parma\Downloads\EasyFinanceCRM-Hostinger (1)\EasyFinanceCRM\backend\vendor\laravel\framework\src\Illuminate\Collections\Traits\EnumeratesValues.php:261
C:\Users\parma\Downloads\EasyFinanceCRM-Hostinger (1)\EasyFinanceCRM\backend\vendor\laravel\framework\src\Illuminate\Database\Eloquent\Factories\Factory.php:347
C:\Users\parma\Downloads\EasyFinanceCRM-Hostinger (1)\EasyFinanceCRM\backend\vendor\laravel\framework\src\Illuminate\Database\Eloquent\Factories\Factory.php:307
C:\Users\parma\Downloads\EasyFinanceCRM-Hostinger (1)\EasyFinanceCRM\backend\vendor\laravel\framework\src\Illuminate\Database\Eloquent\Factories\Factory.php:297
C:\Users\parma\Downloads\EasyFinanceCRM-Hostinger (1)\EasyFinanceCRM\backend\tests\Feature\AnnouncementTest.php:17</error>
        <system-out>        </system-out>
      </testcase>
      <testcase name="test_role_based_announcement_visibility" file="C:\Users\parma\Downloads\EasyFinanceCRM-Hostinger (1)\EasyFinanceCRM\backend\tests\Feature\AnnouncementTest.php" line="32" class="Tests\Feature\AnnouncementTest" classname="Tests.Feature.AnnouncementTest" assertions="0" time="0.014920">
        <error type="Illuminate\Database\QueryException">Tests\Feature\AnnouncementTest::test_role_based_announcement_visibility&#13;
Illuminate\Database\QueryException: SQLSTATE[23000]: Integrity constraint violation: 19 CHECK constraint failed: priority (Connection: sqlite, SQL: insert into "announcements" ("title", "message", "target", "priority", "channel_app", "channel_sms", "channel_email", "channel_whatsapp", "published_at", "created_by", "updated_at", "created_at") values (Quos voluptatem dolor veritatis eligendi., Ut quas consequuntur dolor. Doloremque est quaerat nostrum quo sed. Quis nobis quia esse impedit., staff, low, 1, 0, 0, 0, 2026-03-12 23:59:01, 3, 2026-03-12 23:59:01, 2026-03-12 23:59:01))
&#13;
C:\Users\parma\Downloads\EasyFinanceCRM-Hostinger (1)\EasyFinanceCRM\backend\vendor\laravel\framework\src\Illuminate\Database\Connection.php:825
C:\Users\parma\Downloads\EasyFinanceCRM-Hostinger (1)\EasyFinanceCRM\backend\vendor\laravel\framework\src\Illuminate\Database\Connection.php:779
C:\Users\parma\Downloads\EasyFinanceCRM-Hostinger (1)\EasyFinanceCRM\backend\vendor\laravel\framework\src\Illuminate\Database\Connection.php:560
C:\Users\parma\Downloads\EasyFinanceCRM-Hostinger (1)\EasyFinanceCRM\backend\vendor\laravel\framework\src\Illuminate\Database\Connection.php:524
C:\Users\parma\Downloads\EasyFinanceCRM-Hostinger (1)\EasyFinanceCRM\backend\vendor\laravel\framework\src\Illuminate\Database\Query\Processors\Processor.php:32
C:\Users\parma\Downloads\EasyFinanceCRM-Hostinger (1)\EasyFinanceCRM\backend\vendor\laravel\framework\src\Illuminate\Database\Query\Builder.php:3766
C:\Users\parma\Downloads\EasyFinanceCRM-Hostinger (1)\EasyFinanceCRM\backend\vendor\laravel\framework\src\Illuminate\Database\Eloquent\Builder.php:2120
C:\Users\parma\Downloads\EasyFinanceCRM-Hostinger (1)\EasyFinanceCRM\backend\vendor\laravel\framework\src\Illuminate\Database\Eloquent\Model.php:1359
C:\Users\parma\Downloads\EasyFinanceCRM-Hostinger (1)\EasyFinanceCRM\backend\vendor\laravel\framework\src\Illuminate\Database\Eloquent\Model.php:1324
C:\Users\parma\Downloads\EasyFinanceCRM-Hostinger (1)\EasyFinanceCRM\backend\vendor\laravel\framework\src\Illuminate\Database\Eloquent\Model.php:1163
C:\Users\parma\Downloads\EasyFinanceCRM-Hostinger (1)\EasyFinanceCRM\backend\vendor\laravel\framework\src\Illuminate\Database\Eloquent\Factories\Factory.php:352
C:\Users\parma\Downloads\EasyFinanceCRM-Hostinger (1)\EasyFinanceCRM\backend\vendor\laravel\framework\src\Illuminate\Collections\Traits\EnumeratesValues.php:261
C:\Users\parma\Downloads\EasyFinanceCRM-Hostinger (1)\EasyFinanceCRM\backend\vendor\laravel\framework\src\Illuminate\Database\Eloquent\Factories\Factory.php:347
C:\Users\parma\Downloads\EasyFinanceCRM-Hostinger (1)\EasyFinanceCRM\backend\vendor\laravel\framework\src\Illuminate\Database\Eloquent\Factories\Factory.php:303
C:\Users\parma\Downloads\EasyFinanceCRM-Hostinger (1)\EasyFinanceCRM\backend\vendor\laravel\framework\src\Illuminate\Database\Eloquent\Factories\Factory.php:297
C:\Users\parma\Downloads\EasyFinanceCRM-Hostinger (1)\EasyFinanceCRM\backend\tests\Feature\AnnouncementTest.php:37</error>
      </testcase>
      <testcase name="test_user_can_mark_announcement_as_read" file="C:\Users\parma\Downloads\EasyFinanceCRM-Hostinger (1)\EasyFinanceCRM\backend\tests\Feature\AnnouncementTest.php" line="53" class="Tests\Feature\AnnouncementTest" classname="Tests.Feature.AnnouncementTest" assertions="0" time="0.015528">
        <error type="Illuminate\Database\QueryException">Tests\Feature\AnnouncementTest::test_user_can_mark_announcement_as_read&#13;
Illuminate\Database\QueryException: SQLSTATE[23000]: Integrity constraint violation: 19 CHECK constraint failed: priority (Connection: sqlite, SQL: insert into "announcements" ("title", "message", "target", "priority", "channel_app", "channel_sms", "channel_email", "channel_whatsapp", "published_at", "created_by", "updated_at", "created_at") values (Sed occaecati repudiandae architecto quod in et ea., Qui modi facilis quos consequuntur voluptas. Sit repellat suscipit sint. Molestiae dolore sit dolor dolore deserunt nihil eos., manager, medium, 1, 0, 0, 0, 2026-03-12 23:59:01, 2, 2026-03-12 23:59:01, 2026-03-12 23:59:01))
&#13;
C:\Users\parma\Downloads\EasyFinanceCRM-Hostinger (1)\EasyFinanceCRM\backend\vendor\laravel\framework\src\Illuminate\Database\Connection.php:825
C:\Users\parma\Downloads\EasyFinanceCRM-Hostinger (1)\EasyFinanceCRM\backend\vendor\laravel\framework\src\Illuminate\Database\Connection.php:779
C:\Users\parma\Downloads\EasyFinanceCRM-Hostinger (1)\EasyFinanceCRM\backend\vendor\laravel\framework\src\Illuminate\Database\Connection.php:560
C:\Users\parma\Downloads\EasyFinanceCRM-Hostinger (1)\EasyFinanceCRM\backend\vendor\laravel\framework\src\Illuminate\Database\Connection.php:524
C:\Users\parma\Downloads\EasyFinanceCRM-Hostinger (1)\EasyFinanceCRM\backend\vendor\laravel\framework\src\Illuminate\Database\Query\Processors\Processor.php:32
C:\Users\parma\Downloads\EasyFinanceCRM-Hostinger (1)\EasyFinanceCRM\backend\vendor\laravel\framework\src\Illuminate\Database\Query\Builder.php:3766
C:\Users\parma\Downloads\EasyFinanceCRM-Hostinger (1)\EasyFinanceCRM\backend\vendor\laravel\framework\src\Illuminate\Database\Eloquent\Builder.php:2120
C:\Users\parma\Downloads\EasyFinanceCRM-Hostinger (1)\EasyFinanceCRM\backend\vendor\laravel\framework\src\Illuminate\Database\Eloquent\Model.php:1359
C:\Users\parma\Downloads\EasyFinanceCRM-Hostinger (1)\EasyFinanceCRM\backend\vendor\laravel\framework\src\Illuminate\Database\Eloquent\Model.php:1324
C:\Users\parma\Downloads\EasyFinanceCRM-Hostinger (1)\EasyFinanceCRM\backend\vendor\laravel\framework\src\Illuminate\Database\Eloquent\Model.php:1163
C:\Users\parma\Downloads\EasyFinanceCRM-Hostinger (1)\EasyFinanceCRM\backend\vendor\laravel\framework\src\Illuminate\Database\Eloquent\Factories\Factory.php:352
C:\Users\parma\Downloads\EasyFinanceCRM-Hostinger (1)\EasyFinanceCRM\backend\vendor\laravel\framework\src\Illuminate\Collections\Traits\EnumeratesValues.php:261
C:\Users\parma\Downloads\EasyFinanceCRM-Hostinger (1)\EasyFinanceCRM\backend\vendor\laravel\framework\src\Illuminate\Database\Eloquent\Factories\Factory.php:347
C:\Users\parma\Downloads\EasyFinanceCRM-Hostinger (1)\EasyFinanceCRM\backend\vendor\laravel\framework\src\Illuminate\Database\Eloquent\Factories\Factory.php:303
C:\Users\parma\Downloads\EasyFinanceCRM-Hostinger (1)\EasyFinanceCRM\backend\vendor\laravel\framework\src\Illuminate\Database\Eloquent\Factories\Factory.php:297
C:\Users\parma\Downloads\EasyFinanceCRM-Hostinger (1)\EasyFinanceCRM\backend\tests\Feature\AnnouncementTest.php:56</error>
      </testcase>
    </testsuite>
    <testsuite name="Tests\Feature\ClientTest" file="C:\Users\parma\Downloads\EasyFinanceCRM-Hostinger (1)\EasyFinanceCRM\backend\tests\Feature\ClientTest.php" tests="4" assertions="7" errors="0" failures="1" skipped="0" time="1.343017">
      <testcase name="test_admin_can_list_all_clients" file="C:\Users\parma\Downloads\EasyFinanceCRM-Hostinger (1)\EasyFinanceCRM\backend\tests\Feature\ClientTest.php" line="15" class="Tests\Feature\ClientTest" classname="Tests.Feature.ClientTest" assertions="2" time="0.129369"/>
      <testcase name="test_staff_can_only_see_own_clients" file="C:\Users\parma\Downloads\EasyFinanceCRM-Hostinger (1)\EasyFinanceCRM\backend\tests\Feature\ClientTest.php" line="26" class="Tests\Feature\ClientTest" classname="Tests.Feature.ClientTest" assertions="2" time="0.020159"/>
      <testcase name="test_dsa_can_only_see_franchise_clients" file="C:\Users\parma\Downloads\EasyFinanceCRM-Hostinger (1)\EasyFinanceCRM\backend\tests\Feature\ClientTest.php" line="40" class="Tests\Feature\ClientTest" classname="Tests.Feature.ClientTest" assertions="2" time="0.022626"/>
      <testcase name="test_can_create_client" file="C:\Users\parma\Downloads\EasyFinanceCRM-Hostinger (1)\EasyFinanceCRM\backend\tests\Feature\ClientTest.php" line="59" class="Tests\Feature\ClientTest" classname="Tests.Feature.ClientTest" assertions="1" time="1.170864">
        <failure type="PHPUnit\Framework\ExpectationFailedException">Tests\Feature\ClientTest::test_can_create_client&#13;
Expected response status code [201] but received 422.
Failed asserting that 422 is identical to 201.&#13;
&#13;
The following errors occurred during the last request:

{
    "message": "The selected loan type is invalid.",
    "errors": {
        "loan_type": [
            "The selected loan type is invalid."
        ]
    }
}
&#13;
C:\Users\parma\Downloads\EasyFinanceCRM-Hostinger (1)\EasyFinanceCRM\backend\vendor\laravel\framework\src\Illuminate\Testing\TestResponseAssert.php:45
C:\Users\parma\Downloads\EasyFinanceCRM-Hostinger (1)\EasyFinanceCRM\backend\vendor\laravel\framework\src\Illuminate\Testing\TestResponse.php:160
C:\Users\parma\Downloads\EasyFinanceCRM-Hostinger (1)\EasyFinanceCRM\backend\tests\Feature\ClientTest.php:73</failure>
      </testcase>
    </testsuite>
    <testsuite name="Tests\Feature\EmployeeTest" file="C:\Users\parma\Downloads\EasyFinanceCRM-Hostinger (1)\EasyFinanceCRM\backend\tests\Feature\EmployeeTest.php" tests="3" assertions="1" errors="2" failures="1" skipped="0" time="0.196004">
      <testcase name="test_admin_can_list_employees" file="C:\Users\parma\Downloads\EasyFinanceCRM-Hostinger (1)\EasyFinanceCRM\backend\tests\Feature\EmployeeTest.php" line="13" class="Tests\Feature\EmployeeTest" classname="Tests.Feature.EmployeeTest" assertions="0" time="0.110234">
        <error type="Illuminate\Encryption\MissingAppKeyException">Tests\Feature\EmployeeTest::test_admin_can_list_employees&#13;
Illuminate\Encryption\MissingAppKeyException: No application encryption key has been specified.
&#13;
C:\Users\parma\Downloads\EasyFinanceCRM-Hostinger (1)\EasyFinanceCRM\backend\vendor\laravel\framework\src\Illuminate\Encryption\EncryptionServiceProvider.php:83
C:\Users\parma\Downloads\EasyFinanceCRM-Hostinger (1)\EasyFinanceCRM\backend\vendor\laravel\framework\src\Illuminate\Support\helpers.php:399
C:\Users\parma\Downloads\EasyFinanceCRM-Hostinger (1)\EasyFinanceCRM\backend\vendor\laravel\framework\src\Illuminate\Encryption\EncryptionServiceProvider.php:81
C:\Users\parma\Downloads\EasyFinanceCRM-Hostinger (1)\EasyFinanceCRM\backend\vendor\laravel\framework\src\Illuminate\Encryption\EncryptionServiceProvider.php:64
C:\Users\parma\Downloads\EasyFinanceCRM-Hostinger (1)\EasyFinanceCRM\backend\vendor\laravel\framework\src\Illuminate\Encryption\EncryptionServiceProvider.php:32
C:\Users\parma\Downloads\EasyFinanceCRM-Hostinger (1)\EasyFinanceCRM\backend\vendor\laravel\framework\src\Illuminate\Container\Container.php:952
C:\Users\parma\Downloads\EasyFinanceCRM-Hostinger (1)\EasyFinanceCRM\backend\vendor\laravel\framework\src\Illuminate\Container\Container.php:832
C:\Users\parma\Downloads\EasyFinanceCRM-Hostinger (1)\EasyFinanceCRM\backend\vendor\laravel\framework\src\Illuminate\Foundation\Application.php:1078
C:\Users\parma\Downloads\EasyFinanceCRM-Hostinger (1)\EasyFinanceCRM\backend\vendor\laravel\framework\src\Illuminate\Container\Container.php:763
C:\Users\parma\Downloads\EasyFinanceCRM-Hostinger (1)\EasyFinanceCRM\backend\vendor\laravel\framework\src\Illuminate\Foundation\Application.php:1058
C:\Users\parma\Downloads\EasyFinanceCRM-Hostinger (1)\EasyFinanceCRM\backend\vendor\laravel\framework\src\Illuminate\Container\Container.php:1133
C:\Users\parma\Downloads\EasyFinanceCRM-Hostinger (1)\EasyFinanceCRM\backend\vendor\laravel\framework\src\Illuminate\Container\Container.php:1043
C:\Users\parma\Downloads\EasyFinanceCRM-Hostinger (1)\EasyFinanceCRM\backend\vendor\laravel\framework\src\Illuminate\Container\Container.php:994
C:\Users\parma\Downloads\EasyFinanceCRM-Hostinger (1)\EasyFinanceCRM\backend\vendor\laravel\framework\src\Illuminate\Container\Container.php:832
C:\Users\parma\Downloads\EasyFinanceCRM-Hostinger (1)\EasyFinanceCRM\backend\vendor\laravel\framework\src\Illuminate\Foundation\Application.php:1078
C:\Users\parma\Downloads\EasyFinanceCRM-Hostinger (1)\EasyFinanceCRM\backend\vendor\laravel\framework\src\Illuminate\Container\Container.php:763
C:\Users\parma\Downloads\EasyFinanceCRM-Hostinger (1)\EasyFinanceCRM\backend\vendor\laravel\framework\src\Illuminate\Foundation\Application.php:1058
C:\Users\parma\Downloads\EasyFinanceCRM-Hostinger (1)\EasyFinanceCRM\backend\vendor\laravel\framework\src\Illuminate\Foundation\Http\Kernel.php:258
C:\Users\parma\Downloads\EasyFinanceCRM-Hostinger (1)\EasyFinanceCRM\backend\vendor\laravel\framework\src\Illuminate\Foundation\Http\Kernel.php:216
C:\Users\parma\Downloads\EasyFinanceCRM-Hostinger (1)\EasyFinanceCRM\backend\vendor\laravel\framework\src\Illuminate\Foundation\Testing\Concerns\MakesHttpRequests.php:611
C:\Users\parma\Downloads\EasyFinanceCRM-Hostinger (1)\EasyFinanceCRM\backend\vendor\laravel\framework\src\Illuminate\Foundation\Testing\Concerns\MakesHttpRequests.php:573
C:\Users\parma\Downloads\EasyFinanceCRM-Hostinger (1)\EasyFinanceCRM\backend\vendor\laravel\framework\src\Illuminate\Foundation\Testing\Concerns\MakesHttpRequests.php:381
C:\Users\parma\Downloads\EasyFinanceCRM-Hostinger (1)\EasyFinanceCRM\backend\tests\Feature\EmployeeTest.php:19</error>
      </testcase>
      <testcase name="test_admin_can_create_employee" file="C:\Users\parma\Downloads\EasyFinanceCRM-Hostinger (1)\EasyFinanceCRM\backend\tests\Feature\EmployeeTest.php" line="28" class="Tests\Feature\EmployeeTest" classname="Tests.Feature.EmployeeTest" assertions="1" time="0.073054">
        <failure type="PHPUnit\Framework\ExpectationFailedException">Tests\Feature\EmployeeTest::test_admin_can_create_employee&#13;
Expected response status code [201] but received 405.
Failed asserting that 405 is identical to 201.
&#13;
C:\Users\parma\Downloads\EasyFinanceCRM-Hostinger (1)\EasyFinanceCRM\backend\vendor\laravel\framework\src\Illuminate\Testing\TestResponseAssert.php:45
C:\Users\parma\Downloads\EasyFinanceCRM-Hostinger (1)\EasyFinanceCRM\backend\vendor\laravel\framework\src\Illuminate\Testing\TestResponse.php:160
C:\Users\parma\Downloads\EasyFinanceCRM-Hostinger (1)\EasyFinanceCRM\backend\tests\Feature\EmployeeTest.php:41</failure>
      </testcase>
      <testcase name="test_staff_cannot_list_employees" file="C:\Users\parma\Downloads\EasyFinanceCRM-Hostinger (1)\EasyFinanceCRM\backend\tests\Feature\EmployeeTest.php" line="45" class="Tests\Feature\EmployeeTest" classname="Tests.Feature.EmployeeTest" assertions="0" time="0.012716">
        <error type="Illuminate\Encryption\MissingAppKeyException">Tests\Feature\EmployeeTest::test_staff_cannot_list_employees&#13;
Illuminate\Encryption\MissingAppKeyException: No application encryption key has been specified.
&#13;
C:\Users\parma\Downloads\EasyFinanceCRM-Hostinger (1)\EasyFinanceCRM\backend\vendor\laravel\framework\src\Illuminate\Encryption\EncryptionServiceProvider.php:83
C:\Users\parma\Downloads\EasyFinanceCRM-Hostinger (1)\EasyFinanceCRM\backend\vendor\laravel\framework\src\Illuminate\Support\helpers.php:399
C:\Users\parma\Downloads\EasyFinanceCRM-Hostinger (1)\EasyFinanceCRM\backend\vendor\laravel\framework\src\Illuminate\Encryption\EncryptionServiceProvider.php:81
C:\Users\parma\Downloads\EasyFinanceCRM-Hostinger (1)\EasyFinanceCRM\backend\vendor\laravel\framework\src\Illuminate\Encryption\EncryptionServiceProvider.php:64
C:\Users\parma\Downloads\EasyFinanceCRM-Hostinger (1)\EasyFinanceCRM\backend\vendor\laravel\framework\src\Illuminate\Encryption\EncryptionServiceProvider.php:32
C:\Users\parma\Downloads\EasyFinanceCRM-Hostinger (1)\EasyFinanceCRM\backend\vendor\laravel\framework\src\Illuminate\Container\Container.php:952
C:\Users\parma\Downloads\EasyFinanceCRM-Hostinger (1)\EasyFinanceCRM\backend\vendor\laravel\framework\src\Illuminate\Container\Container.php:832
C:\Users\parma\Downloads\EasyFinanceCRM-Hostinger (1)\EasyFinanceCRM\backend\vendor\laravel\framework\src\Illuminate\Foundation\Application.php:1078
C:\Users\parma\Downloads\EasyFinanceCRM-Hostinger (1)\EasyFinanceCRM\backend\vendor\laravel\framework\src\Illuminate\Container\Container.php:763
C:\Users\parma\Downloads\EasyFinanceCRM-Hostinger (1)\EasyFinanceCRM\backend\vendor\laravel\framework\src\Illuminate\Foundation\Application.php:1058
C:\Users\parma\Downloads\EasyFinanceCRM-Hostinger (1)\EasyFinanceCRM\backend\vendor\laravel\framework\src\Illuminate\Container\Container.php:1133
C:\Users\parma\Downloads\EasyFinanceCRM-Hostinger (1)\EasyFinanceCRM\backend\vendor\laravel\framework\src\Illuminate\Container\Container.php:1043
C:\Users\parma\Downloads\EasyFinanceCRM-Hostinger (1)\EasyFinanceCRM\backend\vendor\laravel\framework\src\Illuminate\Container\Container.php:994
C:\Users\parma\Downloads\EasyFinanceCRM-Hostinger (1)\EasyFinanceCRM\backend\vendor\laravel\framework\src\Illuminate\Container\Container.php:832
C:\Users\parma\Downloads\EasyFinanceCRM-Hostinger (1)\EasyFinanceCRM\backend\vendor\laravel\framework\src\Illuminate\Foundation\Application.php:1078
C:\Users\parma\Downloads\EasyFinanceCRM-Hostinger (1)\EasyFinanceCRM\backend\vendor\laravel\framework\src\Illuminate\Container\Container.php:763
C:\Users\parma\Downloads\EasyFinanceCRM-Hostinger (1)\EasyFinanceCRM\backend\vendor\laravel\framework\src\Illuminate\Foundation\Application.php:1058
C:\Users\parma\Downloads\EasyFinanceCRM-Hostinger (1)\EasyFinanceCRM\backend\vendor\laravel\framework\src\Illuminate\Foundation\Http\Kernel.php:258
C:\Users\parma\Downloads\EasyFinanceCRM-Hostinger (1)\EasyFinanceCRM\backend\vendor\laravel\framework\src\Illuminate\Foundation\Http\Kernel.php:216
C:\Users\parma\Downloads\EasyFinanceCRM-Hostinger (1)\EasyFinanceCRM\backend\vendor\laravel\framework\src\Illuminate\Foundation\Testing\Concerns\MakesHttpRequests.php:611
C:\Users\parma\Downloads\EasyFinanceCRM-Hostinger (1)\EasyFinanceCRM\backend\vendor\laravel\framework\src\Illuminate\Foundation\Testing\Concerns\MakesHttpRequests.php:573
C:\Users\parma\Downloads\EasyFinanceCRM-Hostinger (1)\EasyFinanceCRM\backend\vendor\laravel\framework\src\Illuminate\Foundation\Testing\Concerns\MakesHttpRequests.php:381
C:\Users\parma\Downloads\EasyFinanceCRM-Hostinger (1)\EasyFinanceCRM\backend\tests\Feature\EmployeeTest.php:49</error>
      </testcase>
    </testsuite>
    <testsuite name="Tests\Feature\FranchiseTest" file="C:\Users\parma\Downloads\EasyFinanceCRM-Hostinger (1)\EasyFinanceCRM\backend\tests\Feature\FranchiseTest.php" tests="3" assertions="4" errors="0" failures="2" skipped="0" time="0.137013">
      <testcase name="test_admin_can_list_franchises" file="C:\Users\parma\Downloads\EasyFinanceCRM-Hostinger (1)\EasyFinanceCRM\backend\tests\Feature\FranchiseTest.php" line="14" class="Tests\Feature\FranchiseTest" classname="Tests.Feature.FranchiseTest" assertions="2" time="0.078087"/>
      <testcase name="test_admin_can_create_franchise" file="C:\Users\parma\Downloads\EasyFinanceCRM-Hostinger (1)\EasyFinanceCRM\backend\tests\Feature\FranchiseTest.php" line="25" class="Tests\Feature\FranchiseTest" classname="Tests.Feature.FranchiseTest" assertions="1" time="0.042562">
        <failure type="PHPUnit\Framework\ExpectationFailedException">Tests\Feature\FranchiseTest::test_admin_can_create_franchise&#13;
Expected response status code [201] but received 422.
Failed asserting that 422 is identical to 201.&#13;
&#13;
The following errors occurred during the last request:

{
    "message": "The code field format is invalid. (and 1 more error)",
    "errors": {
        "code": [
            "The code field format is invalid."
        ],
        "commission_rate": [
            "The commission rate field is required."
        ]
    }
}
&#13;
C:\Users\parma\Downloads\EasyFinanceCRM-Hostinger (1)\EasyFinanceCRM\backend\vendor\laravel\framework\src\Illuminate\Testing\TestResponseAssert.php:45
C:\Users\parma\Downloads\EasyFinanceCRM-Hostinger (1)\EasyFinanceCRM\backend\vendor\laravel\framework\src\Illuminate\Testing\TestResponse.php:160
C:\Users\parma\Downloads\EasyFinanceCRM-Hostinger (1)\EasyFinanceCRM\backend\tests\Feature\FranchiseTest.php:39</failure>
      </testcase>
      <testcase name="test_dsa_cannot_see_other_franchises" file="C:\Users\parma\Downloads\EasyFinanceCRM-Hostinger (1)\EasyFinanceCRM\backend\tests\Feature\FranchiseTest.php" line="43" class="Tests\Feature\FranchiseTest" classname="Tests.Feature.FranchiseTest" assertions="1" time="0.016364">
        <failure type="PHPUnit\Framework\ExpectationFailedException">Tests\Feature\FranchiseTest::test_dsa_cannot_see_other_franchises&#13;
Expected response status code [403] but received 200.
Failed asserting that 200 is identical to 403.
&#13;
C:\Users\parma\Downloads\EasyFinanceCRM-Hostinger (1)\EasyFinanceCRM\backend\vendor\laravel\framework\src\Illuminate\Testing\TestResponseAssert.php:45
C:\Users\parma\Downloads\EasyFinanceCRM-Hostinger (1)\EasyFinanceCRM\backend\vendor\laravel\framework\src\Illuminate\Testing\TestResponse.php:160
C:\Users\parma\Downloads\EasyFinanceCRM-Hostinger (1)\EasyFinanceCRM\backend\tests\Feature\FranchiseTest.php:54</failure>
      </testcase>
    </testsuite>
    <testsuite name="Tests\Feature\HRTest" file="C:\Users\parma\Downloads\EasyFinanceCRM-Hostinger (1)\EasyFinanceCRM\backend\tests\Feature\HRTest.php" tests="3" assertions="2" errors="2" failures="0" skipped="0" time="0.246146">
      <testcase name="test_user_can_list_holidays" file="C:\Users\parma\Downloads\EasyFinanceCRM-Hostinger (1)\EasyFinanceCRM\backend\tests\Feature\HRTest.php" line="15" class="Tests\Feature\HRTest" classname="Tests.Feature.HRTest" assertions="0" time="0.012631">
        <error type="BadMethodCallException">Tests\Feature\HRTest::test_user_can_list_holidays&#13;
BadMethodCallException: Call to undefined method App\Models\Holiday::factory()
&#13;
C:\Users\parma\Downloads\EasyFinanceCRM-Hostinger (1)\EasyFinanceCRM\backend\vendor\laravel\framework\src\Illuminate\Support\Traits\ForwardsCalls.php:67
C:\Users\parma\Downloads\EasyFinanceCRM-Hostinger (1)\EasyFinanceCRM\backend\vendor\laravel\framework\src\Illuminate\Support\Traits\ForwardsCalls.php:36
C:\Users\parma\Downloads\EasyFinanceCRM-Hostinger (1)\EasyFinanceCRM\backend\vendor\laravel\framework\src\Illuminate\Database\Eloquent\Model.php:2372
C:\Users\parma\Downloads\EasyFinanceCRM-Hostinger (1)\EasyFinanceCRM\backend\vendor\laravel\framework\src\Illuminate\Database\Eloquent\Model.php:2384
C:\Users\parma\Downloads\EasyFinanceCRM-Hostinger (1)\EasyFinanceCRM\backend\tests\Feature\HRTest.php:18</error>
      </testcase>
      <testcase name="test_user_can_list_active_policies" file="C:\Users\parma\Downloads\EasyFinanceCRM-Hostinger (1)\EasyFinanceCRM\backend\tests\Feature\HRTest.php" line="26" class="Tests\Feature\HRTest" classname="Tests.Feature.HRTest" assertions="0" time="0.012454">
        <error type="BadMethodCallException">Tests\Feature\HRTest::test_user_can_list_active_policies&#13;
BadMethodCallException: Call to undefined method App\Models\CompanyPolicy::factory()
&#13;
C:\Users\parma\Downloads\EasyFinanceCRM-Hostinger (1)\EasyFinanceCRM\backend\vendor\laravel\framework\src\Illuminate\Support\Traits\ForwardsCalls.php:67
C:\Users\parma\Downloads\EasyFinanceCRM-Hostinger (1)\EasyFinanceCRM\backend\vendor\laravel\framework\src\Illuminate\Support\Traits\ForwardsCalls.php:36
C:\Users\parma\Downloads\EasyFinanceCRM-Hostinger (1)\EasyFinanceCRM\backend\vendor\laravel\framework\src\Illuminate\Database\Eloquent\Model.php:2372
C:\Users\parma\Downloads\EasyFinanceCRM-Hostinger (1)\EasyFinanceCRM\backend\vendor\laravel\framework\src\Illuminate\Database\Eloquent\Model.php:2384
C:\Users\parma\Downloads\EasyFinanceCRM-Hostinger (1)\EasyFinanceCRM\backend\tests\Feature\HRTest.php:29</error>
      </testcase>
      <testcase name="test_admin_can_create_holiday" file="C:\Users\parma\Downloads\EasyFinanceCRM-Hostinger (1)\EasyFinanceCRM\backend\tests\Feature\HRTest.php" line="39" class="Tests\Feature\HRTest" classname="Tests.Feature.HRTest" assertions="2" time="0.221061"/>
    </testsuite>
    <testsuite name="Tests\Feature\LeadTest" file="C:\Users\parma\Downloads\EasyFinanceCRM-Hostinger (1)\EasyFinanceCRM\backend\tests\Feature\LeadTest.php" tests="3" assertions="6" errors="0" failures="0" skipped="0" time="0.044582">
      <testcase name="test_admin_can_list_all_leads" file="C:\Users\parma\Downloads\EasyFinanceCRM-Hostinger (1)\EasyFinanceCRM\backend\tests\Feature\LeadTest.php" line="14" class="Tests\Feature\LeadTest" classname="Tests.Feature.LeadTest" assertions="2" time="0.014898"/>
      <testcase name="test_staff_can_only_see_assigned_leads" file="C:\Users\parma\Downloads\EasyFinanceCRM-Hostinger (1)\EasyFinanceCRM\backend\tests\Feature\LeadTest.php" line="26" class="Tests\Feature\LeadTest" classname="Tests.Feature.LeadTest" assertions="2" time="0.015783"/>
      <testcase name="test_can_create_lead" file="C:\Users\parma\Downloads\EasyFinanceCRM-Hostinger (1)\EasyFinanceCRM\backend\tests\Feature\LeadTest.php" line="41" class="Tests\Feature\LeadTest" classname="Tests.Feature.LeadTest" assertions="2" time="0.013901"/>
    </testsuite>
    <testsuite name="Tests\Feature\TicketTest" file="C:\Users\parma\Downloads\EasyFinanceCRM-Hostinger (1)\EasyFinanceCRM\backend\tests\Feature\TicketTest.php" tests="3" assertions="4" errors="0" failures="2" skipped="0" time="0.052529">
      <testcase name="test_user_can_create_ticket" file="C:\Users\parma\Downloads\EasyFinanceCRM-Hostinger (1)\EasyFinanceCRM\backend\tests\Feature\TicketTest.php" line="15" class="Tests\Feature\TicketTest" classname="Tests.Feature.TicketTest" assertions="2" time="0.015353"/>
      <testcase name="test_staff_can_reply_to_ticket" file="C:\Users\parma\Downloads\EasyFinanceCRM-Hostinger (1)\EasyFinanceCRM\backend\tests\Feature\TicketTest.php" line="34" class="Tests\Feature\TicketTest" classname="Tests.Feature.TicketTest" assertions="1" time="0.016324">
        <failure type="PHPUnit\Framework\ExpectationFailedException">Tests\Feature\TicketTest::test_staff_can_reply_to_ticket&#13;
Expected response status code [201] but received 405.
Failed asserting that 405 is identical to 201.
&#13;
C:\Users\parma\Downloads\EasyFinanceCRM-Hostinger (1)\EasyFinanceCRM\backend\vendor\laravel\framework\src\Illuminate\Testing\TestResponseAssert.php:45
C:\Users\parma\Downloads\EasyFinanceCRM-Hostinger (1)\EasyFinanceCRM\backend\vendor\laravel\framework\src\Illuminate\Testing\TestResponse.php:160
C:\Users\parma\Downloads\EasyFinanceCRM-Hostinger (1)\EasyFinanceCRM\backend\tests\Feature\TicketTest.php:45</failure>
      </testcase>
      <testcase name="test_client_cannot_see_others_tickets" file="C:\Users\parma\Downloads\EasyFinanceCRM-Hostinger (1)\EasyFinanceCRM\backend\tests\Feature\TicketTest.php" line="53" class="Tests\Feature\TicketTest" classname="Tests.Feature.TicketTest" assertions="1" time="0.020851">
        <failure type="PHPUnit\Framework\ExpectationFailedException">Tests\Feature\TicketTest::test_client_cannot_see_others_tickets&#13;
Expected response status code [200] but received 500.
Failed asserting that 500 is identical to 200.&#13;
&#13;
The following exception occurred during the last request:

PDOException: SQLSTATE[HY000]: General error: 1 no such column: tickets.deleted_at in C:\Users\parma\Downloads\EasyFinanceCRM-Hostinger (1)\EasyFinanceCRM\backend\vendor\laravel\framework\src\Illuminate\Database\Connection.php:407
Stack trace:
#0 C:\Users\parma\Downloads\EasyFinanceCRM-Hostinger (1)\EasyFinanceCRM\backend\vendor\laravel\framework\src\Illuminate\Database\Connection.php(407): PDO-&gt;prepare('select count(*)...')
#1 C:\Users\parma\Downloads\EasyFinanceCRM-Hostinger (1)\EasyFinanceCRM\backend\vendor\laravel\framework\src\Illuminate\Database\Connection.php(812): Illuminate\Database\Connection-&gt;Illuminate\Database\{closure}('select count(*)...', Array)
#2 C:\Users\parma\Downloads\EasyFinanceCRM-Hostinger (1)\EasyFinanceCRM\backend\vendor\laravel\framework\src\Illuminate\Database\Connection.php(779): Illuminate\Database\Connection-&gt;runQueryCallback('select count(*)...', Array, Object(Closure))
#3 C:\Users\parma\Downloads\EasyFinanceCRM-Hostinger (1)\EasyFinanceCRM\backend\vendor\laravel\framework\src\Illuminate\Database\Connection.php(398): Illuminate\Database\Connection-&gt;run('select count(*)...', Array, Object(Closure))
#4 C:\Users\parma\Downloads\EasyFinanceCRM-Hostinger (1)\EasyFinanceCRM\backend\vendor\laravel\framework\src\Illuminate\Database\Query\Builder.php(3106): Illuminate\Database\Connection-&gt;select('select count(*)...', Array, true)
#5 C:\Users\parma\Downloads\EasyFinanceCRM-Hostinger (1)\EasyFinanceCRM\backend\vendor\laravel\framework\src\Illuminate\Database\Query\Builder.php(3091): Illuminate\Database\Query\Builder-&gt;runSelect()
#6 C:\Users\parma\Downloads\EasyFinanceCRM-Hostinger (1)\EasyFinanceCRM\backend\vendor\laravel\framework\src\Illuminate\Database\Query\Builder.php(3676): Illuminate\Database\Query\Builder-&gt;Illuminate\Database\Query\{closure}()
#7 C:\Users\parma\Downloads\EasyFinanceCRM-Hostinger (1)\EasyFinanceCRM\backend\vendor\laravel\framework\src\Illuminate\Database\Query\Builder.php(3090): Illuminate\Database\Query\Builder-&gt;onceWithColumns(Array, Object(Closure))
#8 C:\Users\parma\Downloads\EasyFinanceCRM-Hostinger (1)\EasyFinanceCRM\backend\vendor\laravel\framework\src\Illuminate\Database\Query\Builder.php(3285): Illuminate\Database\Query\Builder-&gt;get()
#9 C:\Users\parma\Downloads\EasyFinanceCRM-Hostinger (1)\EasyFinanceCRM\backend\vendor\laravel\framework\src\Illuminate\Database\Query\Builder.php(3244): Illuminate\Database\Query\Builder-&gt;runPaginationCountQuery(Array)
#10 C:\Users\parma\Downloads\EasyFinanceCRM-Hostinger (1)\EasyFinanceCRM\backend\vendor\laravel\framework\src\Illuminate\Database\Eloquent\Builder.php(1029): Illuminate\Database\Query\Builder-&gt;getCountForPagination()
#11 C:\Users\parma\Downloads\EasyFinanceCRM-Hostinger (1)\EasyFinanceCRM\backend\app\Http\Controllers\Api\TicketController.php(20): Illuminate\Database\Eloquent\Builder-&gt;paginate(20)
#12 C:\Users\parma\Downloads\EasyFinanceCRM-Hostinger (1)\EasyFinanceCRM\backend\vendor\laravel\framework\src\Illuminate\Routing\ControllerDispatcher.php(47): App\Http\Controllers\Api\TicketController-&gt;index(Object(Illuminate\Http\Request))
#13 C:\Users\parma\Downloads\EasyFinanceCRM-Hostinger (1)\EasyFinanceCRM\backend\vendor\laravel\framework\src\Illuminate\Routing\Route.php(266): Illuminate\Routing\ControllerDispatcher-&gt;dispatch(Object(Illuminate\Routing\Route), Object(App\Http\Controllers\Api\TicketController), 'index')
#14 C:\Users\parma\Downloads\EasyFinanceCRM-Hostinger (1)\EasyFinanceCRM\backend\vendor\laravel\framework\src\Illuminate\Routing\Route.php(212): Illuminate\Routing\Route-&gt;runController()
#15 C:\Users\parma\Downloads\EasyFinanceCRM-Hostinger (1)\EasyFinanceCRM\backend\vendor\laravel\framework\src\Illuminate\Routing\Router.php(808): Illuminate\Routing\Route-&gt;run()
#16 C:\Users\parma\Downloads\EasyFinanceCRM-Hostinger (1)\EasyFinanceCRM\backend\vendor\laravel\framework\src\Illuminate\Pipeline\Pipeline.php(170): Illuminate\Routing\Router-&gt;Illuminate\Routing\{closure}(Object(Illuminate\Http\Request))
#17 C:\Users\parma\Downloads\EasyFinanceCRM-Hostinger (1)\EasyFinanceCRM\backend\vendor\laravel\framework\src\Illuminate\Routing\Middleware\SubstituteBindings.php(51): Illuminate\Pipeline\Pipeline-&gt;Illuminate\Pipeline\{closure}(Object(Illuminate\Http\Request))
#18 C:\Users\parma\Downloads\EasyFinanceCRM-Hostinger (1)\EasyFinanceCRM\backend\vendor\laravel\framework\src\Illuminate\Pipeline\Pipeline.php(209): Illuminate\Routing\Middleware\SubstituteBindings-&gt;handle(Object(Illuminate\Http\Request), Object(Closure))
#19 C:\Users\parma\Downloads\EasyFinanceCRM-Hostinger (1)\EasyFinanceCRM\backend\vendor\laravel\framework\src\Illuminate\Auth\Middleware\Authenticate.php(64): Illuminate\Pipeline\Pipeline-&gt;Illuminate\Pipeline\{closure}(Object(Illuminate\Http\Request))
#20 C:\Users\parma\Downloads\EasyFinanceCRM-Hostinger (1)\EasyFinanceCRM\backend\vendor\laravel\framework\src\Illuminate\Pipeline\Pipeline.php(209): Illuminate\Auth\Middleware\Authenticate-&gt;handle(Object(Illuminate\Http\Request), Object(Closure), 'sanctum')
#21 C:\Users\parma\Downloads\EasyFinanceCRM-Hostinger (1)\EasyFinanceCRM\backend\vendor\laravel\sanctum\src\Http\Middleware\EnsureFrontendRequestsAreStateful.php(26): Illuminate\Pipeline\Pipeline-&gt;Illuminate\Pipeline\{closure}(Object(Illuminate\Http\Request))
#22 C:\Users\parma\Downloads\EasyFinanceCRM-Hostinger (1)\EasyFinanceCRM\backend\vendor\laravel\framework\src\Illuminate\Pipeline\Pipeline.php(170): Laravel\Sanctum\Http\Middleware\EnsureFrontendRequestsAreStateful-&gt;Laravel\Sanctum\Http\Middleware\{closure}(Object(Illuminate\Http\Request))
#23 C:\Users\parma\Downloads\EasyFinanceCRM-Hostinger (1)\EasyFinanceCRM\backend\vendor\laravel\framework\src\Illuminate\Pipeline\Pipeline.php(127): Illuminate\Pipeline\Pipeline-&gt;Illuminate\Pipeline\{closure}(Object(Illuminate\Http\Request))
#24 C:\Users\parma\Downloads\EasyFinanceCRM-Hostinger (1)\EasyFinanceCRM\backend\vendor\laravel\sanctum\src\Http\Middleware\EnsureFrontendRequestsAreStateful.php(25): Illuminate\Pipeline\Pipeline-&gt;then(Object(Closure))
#25 C:\Users\parma\Downloads\EasyFinanceCRM-Hostinger (1)\EasyFinanceCRM\backend\vendor\laravel\framework\src\Illuminate\Pipeline\Pipeline.php(209): Laravel\Sanctum\Http\Middleware\EnsureFrontendRequestsAreStateful-&gt;handle(Object(Illuminate\Http\Request), Object(Closure))
#26 C:\Users\parma\Downloads\EasyFinanceCRM-Hostinger (1)\EasyFinanceCRM\backend\vendor\laravel\framework\src\Illuminate\Pipeline\Pipeline.php(127): Illuminate\Pipeline\Pipeline-&gt;Illuminate\Pipeline\{closure}(Object(Illuminate\Http\Request))
#27 C:\Users\parma\Downloads\EasyFinanceCRM-Hostinger (1)\EasyFinanceCRM\backend\vendor\laravel\framework\src\Illuminate\Routing\Router.php(807): Illuminate\Pipeline\Pipeline-&gt;then(Object(Closure))
#28 C:\Users\parma\Downloads\EasyFinanceCRM-Hostinger (1)\EasyFinanceCRM\backend\vendor\laravel\framework\src\Illuminate\Routing\Router.php(786): Illuminate\Routing\Router-&gt;runRouteWithinStack(Object(Illuminate\Routing\Route), Object(Illuminate\Http\Request))
#29 C:\Users\parma\Downloads\EasyFinanceCRM-Hostinger (1)\EasyFinanceCRM\backend\vendor\laravel\framework\src\Illuminate\Routing\Router.php(750): Illuminate\Routing\Router-&gt;runRoute(Object(Illuminate\Http\Request), Object(Illuminate\Routing\Route))
#30 C:\Users\parma\Downloads\EasyFinanceCRM-Hostinger (1)\EasyFinanceCRM\backend\vendor\laravel\framework\src\Illuminate\Routing\Router.php(739): Illuminate\Routing\Router-&gt;dispatchToRoute(Object(Illuminate\Http\Request))
#31 C:\Users\parma\Downloads\EasyFinanceCRM-Hostinger (1)\EasyFinanceCRM\backend\vendor\laravel\framework\src\Illuminate\Foundation\Http\Kernel.php(201): Illuminate\Routing\Router-&gt;dispatch(Object(Illuminate\Http\Request))
#32 C:\Users\parma\Downloads\EasyFinanceCRM-Hostinger (1)\EasyFinanceCRM\backend\vendor\laravel\framework\src\Illuminate\Pipeline\Pipeline.php(170): Illuminate\Foundation\Http\Kernel-&gt;Illuminate\Foundation\Http\{closure}(Object(Illuminate\Http\Request))
#33 C:\Users\parma\Downloads\EasyFinanceCRM-Hostinger (1)\EasyFinanceCRM\backend\vendor\laravel\framework\src\Illuminate\Foundation\Http\Middleware\TransformsRequest.php(21): Illuminate\Pipeline\Pipeline-&gt;Illuminate\Pipeline\{closure}(Object(Illuminate\Http\Request))
#34 C:\Users\parma\Downloads\EasyFinanceCRM-Hostinger (1)\EasyFinanceCRM\backend\vendor\laravel\framework\src\Illuminate\Foundation\Http\Middleware\ConvertEmptyStringsToNull.php(31): Illuminate\Foundation\Http\Middleware\TransformsRequest-&gt;handle(Object(Illuminate\Http\Request), Object(Closure))
#35 C:\Users\parma\Downloads\EasyFinanceCRM-Hostinger (1)\EasyFinanceCRM\backend\vendor\laravel\framework\src\Illuminate\Pipeline\Pipeline.php(209): Illuminate\Foundation\Http\Middleware\ConvertEmptyStringsToNull-&gt;handle(Object(Illuminate\Http\Request), Object(Closure))
#36 C:\Users\parma\Downloads\EasyFinanceCRM-Hostinger (1)\EasyFinanceCRM\backend\vendor\laravel\framework\src\Illuminate\Foundation\Http\Middleware\TransformsRequest.php(21): Illuminate\Pipeline\Pipeline-&gt;Illuminate\Pipeline\{closure}(Object(Illuminate\Http\Request))
#37 C:\Users\parma\Downloads\EasyFinanceCRM-Hostinger (1)\EasyFinanceCRM\backend\vendor\laravel\framework\src\Illuminate\Foundation\Http\Middleware\TrimStrings.php(51): Illuminate\Foundation\Http\Middleware\TransformsRequest-&gt;handle(Object(Illuminate\Http\Request), Object(Closure))
#38 C:\Users\parma\Downloads\EasyFinanceCRM-Hostinger (1)\EasyFinanceCRM\backend\vendor\laravel\framework\src\Illuminate\Pipeline\Pipeline.php(209): Illuminate\Foundation\Http\Middleware\TrimStrings-&gt;handle(Object(Illuminate\Http\Request), Object(Closure))
#39 C:\Users\parma\Downloads\EasyFinanceCRM-Hostinger (1)\EasyFinanceCRM\backend\vendor\laravel\framework\src\Illuminate\Http\Middleware\ValidatePostSize.php(27): Illuminate\Pipeline\Pipeline-&gt;Illuminate\Pipeline\{closure}(Object(Illuminate\Http\Request))
#40 C:\Users\parma\Downloads\EasyFinanceCRM-Hostinger (1)\EasyFinanceCRM\backend\vendor\laravel\framework\src\Illuminate\Pipeline\Pipeline.php(209): Illuminate\Http\Middleware\ValidatePostSize-&gt;handle(Object(Illuminate\Http\Request), Object(Closure))
#41 C:\Users\parma\Downloads\EasyFinanceCRM-Hostinger (1)\EasyFinanceCRM\backend\vendor\laravel\framework\src\Illuminate\Foundation\Http\Middleware\PreventRequestsDuringMaintenance.php(110): Illuminate\Pipeline\Pipeline-&gt;Illuminate\Pipeline\{closure}(Object(Illuminate\Http\Request))
#42 C:\Users\parma\Downloads\EasyFinanceCRM-Hostinger (1)\EasyFinanceCRM\backend\vendor\laravel\framework\src\Illuminate\Pipeline\Pipeline.php(209): Illuminate\Foundation\Http\Middleware\PreventRequestsDuringMaintenance-&gt;handle(Object(Illuminate\Http\Request), Object(Closure))
#43 C:\Users\parma\Downloads\EasyFinanceCRM-Hostinger (1)\EasyFinanceCRM\backend\vendor\laravel\framework\src\Illuminate\Http\Middleware\HandleCors.php(62): Illuminate\Pipeline\Pipeline-&gt;Illuminate\Pipeline\{closure}(Object(Illuminate\Http\Request))
#44 C:\Users\parma\Downloads\EasyFinanceCRM-Hostinger (1)\EasyFinanceCRM\backend\vendor\laravel\framework\src\Illuminate\Pipeline\Pipeline.php(209): Illuminate\Http\Middleware\HandleCors-&gt;handle(Object(Illuminate\Http\Request), Object(Closure))
#45 C:\Users\parma\Downloads\EasyFinanceCRM-Hostinger (1)\EasyFinanceCRM\backend\vendor\laravel\framework\src\Illuminate\Http\Middleware\TrustProxies.php(58): Illuminate\Pipeline\Pipeline-&gt;Illuminate\Pipeline\{closure}(Object(Illuminate\Http\Request))
#46 C:\Users\parma\Downloads\EasyFinanceCRM-Hostinger (1)\EasyFinanceCRM\backend\vendor\laravel\framework\src\Illuminate\Pipeline\Pipeline.php(209): Illuminate\Http\Middleware\TrustProxies-&gt;handle(Object(Illuminate\Http\Request), Object(Closure))
#47 C:\Users\parma\Downloads\EasyFinanceCRM-Hostinger (1)\EasyFinanceCRM\backend\vendor\laravel\framework\src\Illuminate\Foundation\Http\Middleware\InvokeDeferredCallbacks.php(22): Illuminate\Pipeline\Pipeline-&gt;Illuminate\Pipeline\{closure}(Object(Illuminate\Http\Request))
#48 C:\Users\parma\Downloads\EasyFinanceCRM-Hostinger (1)\EasyFinanceCRM\backend\vendor\laravel\framework\src\Illuminate\Pipeline\Pipeline.php(209): Illuminate\Foundation\Http\Middleware\InvokeDeferredCallbacks-&gt;handle(Object(Illuminate\Http\Request), Object(Closure))
#49 C:\Users\parma\Downloads\EasyFinanceCRM-Hostinger (1)\EasyFinanceCRM\backend\vendor\laravel\framework\src\Illuminate\Pipeline\Pipeline.php(127): Illuminate\Pipeline\Pipeline-&gt;Illuminate\Pipeline\{closure}(Object(Illuminate\Http\Request))
#50 C:\Users\parma\Downloads\EasyFinanceCRM-Hostinger (1)\EasyFinanceCRM\backend\vendor\laravel\framework\src\Illuminate\Foundation\Http\Kernel.php(176): Illuminate\Pipeline\Pipeline-&gt;then(Object(Closure))
#51 C:\Users\parma\Downloads\EasyFinanceCRM-Hostinger (1)\EasyFinanceCRM\backend\vendor\laravel\framework\src\Illuminate\Foundation\Http\Kernel.php(145): Illuminate\Foundation\Http\Kernel-&gt;sendRequestThroughRouter(Object(Illuminate\Http\Request))
#52 C:\Users\parma\Downloads\EasyFinanceCRM-Hostinger (1)\EasyFinanceCRM\backend\vendor\laravel\framework\src\Illuminate\Foundation\Testing\Concerns\MakesHttpRequests.php(607): Illuminate\Foundation\Http\Kernel-&gt;handle(Object(Illuminate\Http\Request))
#53 C:\Users\parma\Downloads\EasyFinanceCRM-Hostinger (1)\EasyFinanceCRM\backend\vendor\laravel\framework\src\Illuminate\Foundation\Testing\Concerns\MakesHttpRequests.php(573): Illuminate\Foundation\Testing\TestCase-&gt;call('GET', '/api/tickets', Array, Array, Array, Array, '[]')
#54 C:\Users\parma\Downloads\EasyFinanceCRM-Hostinger (1)\EasyFinanceCRM\backend\vendor\laravel\framework\src\Illuminate\Foundation\Testing\Concerns\MakesHttpRequests.php(381): Illuminate\Foundation\Testing\TestCase-&gt;json('GET', '/api/tickets', Array, Array, 0)
#55 C:\Users\parma\Downloads\EasyFinanceCRM-Hostinger (1)\EasyFinanceCRM\backend\tests\Feature\TicketTest.php(61): Illuminate\Foundation\Testing\TestCase-&gt;getJson('/api/tickets')
#56 C:\Users\parma\Downloads\EasyFinanceCRM-Hostinger (1)\EasyFinanceCRM\backend\vendor\phpunit\phpunit\src\Framework\TestCase.php(1548): Tests\Feature\TicketTest-&gt;test_client_cannot_see_others_tickets()
#57 C:\Users\parma\Downloads\EasyFinanceCRM-Hostinger (1)\EasyFinanceCRM\backend\vendor\phpunit\phpunit\src\Framework\TestCase.php(686): PHPUnit\Framework\TestCase-&gt;runTest()
#58 C:\Users\parma\Downloads\EasyFinanceCRM-Hostinger (1)\EasyFinanceCRM\backend\vendor\phpunit\phpunit\src\Framework\TestRunner.php(106): PHPUnit\Framework\TestCase-&gt;runBare()
#59 C:\Users\parma\Downloads\EasyFinanceCRM-Hostinger (1)\EasyFinanceCRM\backend\vendor\phpunit\phpunit\src\Framework\TestCase.php(516): PHPUnit\Framework\TestRunner-&gt;run(Object(Tests\Feature\TicketTest))
#60 C:\Users\parma\Downloads\EasyFinanceCRM-Hostinger (1)\EasyFinanceCRM\backend\vendor\phpunit\phpunit\src\Framework\TestSuite.php(374): PHPUnit\Framework\TestCase-&gt;run()
#61 C:\Users\parma\Downloads\EasyFinanceCRM-Hostinger (1)\EasyFinanceCRM\backend\vendor\phpunit\phpunit\src\Framework\TestSuite.php(374): PHPUnit\Framework\TestSuite-&gt;run()
#62 C:\Users\parma\Downloads\EasyFinanceCRM-Hostinger (1)\EasyFinanceCRM\backend\vendor\phpunit\phpunit\src\TextUI\TestRunner.php(64): PHPUnit\Framework\TestSuite-&gt;run()
#63 C:\Users\parma\Downloads\EasyFinanceCRM-Hostinger (1)\EasyFinanceCRM\backend\vendor\phpunit\phpunit\src\TextUI\Application.php(204): PHPUnit\TextUI\TestRunner-&gt;run(Object(PHPUnit\TextUI\Configuration\Configuration), Object(PHPUnit\Runner\ResultCache\DefaultResultCache), Object(PHPUnit\Framework\TestSuite))
#64 C:\Users\parma\Downloads\EasyFinanceCRM-Hostinger (1)\EasyFinanceCRM\backend\vendor\phpunit\phpunit\phpunit(104): PHPUnit\TextUI\Application-&gt;run(Array)
#65 C:\Users\parma\Downloads\EasyFinanceCRM-Hostinger (1)\EasyFinanceCRM\backend\vendor\bin\phpunit(122): include('C:\\Users\\parma\\...')
#66 {main}

Next Illuminate\Database\QueryException: SQLSTATE[HY000]: General error: 1 no such column: tickets.deleted_at (Connection: sqlite, SQL: select count(*) as aggregate from "tickets" where "user_id" = 1 and "tickets"."deleted_at" is null) in C:\Users\parma\Downloads\EasyFinanceCRM-Hostinger (1)\EasyFinanceCRM\backend\vendor\laravel\framework\src\Illuminate\Database\Connection.php:825
Stack trace:
#0 C:\Users\parma\Downloads\EasyFinanceCRM-Hostinger (1)\EasyFinanceCRM\backend\vendor\laravel\framework\src\Illuminate\Database\Connection.php(779): Illuminate\Database\Connection-&gt;runQueryCallback('select count(*)...', Array, Object(Closure))
#1 C:\Users\parma\Downloads\EasyFinanceCRM-Hostinger (1)\EasyFinanceCRM\backend\vendor\laravel\framework\src\Illuminate\Database\Connection.php(398): Illuminate\Database\Connection-&gt;run('select count(*)...', Array, Object(Closure))
#2 C:\Users\parma\Downloads\EasyFinanceCRM-Hostinger (1)\EasyFinanceCRM\backend\vendor\laravel\framework\src\Illuminate\Database\Query\Builder.php(3106): Illuminate\Database\Connection-&gt;select('select count(*)...', Array, true)
#3 C:\Users\parma\Downloads\EasyFinanceCRM-Hostinger (1)\EasyFinanceCRM\backend\vendor\laravel\framework\src\Illuminate\Database\Query\Builder.php(3091): Illuminate\Database\Query\Builder-&gt;runSelect()
#4 C:\Users\parma\Downloads\EasyFinanceCRM-Hostinger (1)\EasyFinanceCRM\backend\vendor\laravel\framework\src\Illuminate\Database\Query\Builder.php(3676): Illuminate\Database\Query\Builder-&gt;Illuminate\Database\Query\{closure}()
#5 C:\Users\parma\Downloads\EasyFinanceCRM-Hostinger (1)\EasyFinanceCRM\backend\vendor\laravel\framework\src\Illuminate\Database\Query\Builder.php(3090): Illuminate\Database\Query\Builder-&gt;onceWithColumns(Array, Object(Closure))
#6 C:\Users\parma\Downloads\EasyFinanceCRM-Hostinger (1)\EasyFinanceCRM\backend\vendor\laravel\framework\src\Illuminate\Database\Query\Builder.php(3285): Illuminate\Database\Query\Builder-&gt;get()
#7 C:\Users\parma\Downloads\EasyFinanceCRM-Hostinger (1)\EasyFinanceCRM\backend\vendor\laravel\framework\src\Illuminate\Database\Query\Builder.php(3244): Illuminate\Database\Query\Builder-&gt;runPaginationCountQuery(Array)
#8 C:\Users\parma\Downloads\EasyFinanceCRM-Hostinger (1)\EasyFinanceCRM\backend\vendor\laravel\framework\src\Illuminate\Database\Eloquent\Builder.php(1029): Illuminate\Database\Query\Builder-&gt;getCountForPagination()
#9 C:\Users\parma\Downloads\EasyFinanceCRM-Hostinger (1)\EasyFinanceCRM\backend\app\Http\Controllers\Api\TicketController.php(20): Illuminate\Database\Eloquent\Builder-&gt;paginate(20)
#10 C:\Users\parma\Downloads\EasyFinanceCRM-Hostinger (1)\EasyFinanceCRM\backend\vendor\laravel\framework\src\Illuminate\Routing\ControllerDispatcher.php(47): App\Http\Controllers\Api\TicketController-&gt;index(Object(Illuminate\Http\Request))
#11 C:\Users\parma\Downloads\EasyFinanceCRM-Hostinger (1)\EasyFinanceCRM\backend\vendor\laravel\framework\src\Illuminate\Routing\Route.php(266): Illuminate\Routing\ControllerDispatcher-&gt;dispatch(Object(Illuminate\Routing\Route), Object(App\Http\Controllers\Api\TicketController), 'index')
#12 C:\Users\parma\Downloads\EasyFinanceCRM-Hostinger (1)\EasyFinanceCRM\backend\vendor\laravel\framework\src\Illuminate\Routing\Route.php(212): Illuminate\Routing\Route-&gt;runController()
#13 C:\Users\parma\Downloads\EasyFinanceCRM-Hostinger (1)\EasyFinanceCRM\backend\vendor\laravel\framework\src\Illuminate\Routing\Router.php(808): Illuminate\Routing\Route-&gt;run()
#14 C:\Users\parma\Downloads\EasyFinanceCRM-Hostinger (1)\EasyFinanceCRM\backend\vendor\laravel\framework\src\Illuminate\Pipeline\Pipeline.php(170): Illuminate\Routing\Router-&gt;Illuminate\Routing\{closure}(Object(Illuminate\Http\Request))
#15 C:\Users\parma\Downloads\EasyFinanceCRM-Hostinger (1)\EasyFinanceCRM\backend\vendor\laravel\framework\src\Illuminate\Routing\Middleware\SubstituteBindings.php(51): Illuminate\Pipeline\Pipeline-&gt;Illuminate\Pipeline\{closure}(Object(Illuminate\Http\Request))
#16 C:\Users\parma\Downloads\EasyFinanceCRM-Hostinger (1)\EasyFinanceCRM\backend\vendor\laravel\framework\src\Illuminate\Pipeline\Pipeline.php(209): Illuminate\Routing\Middleware\SubstituteBindings-&gt;handle(Object(Illuminate\Http\Request), Object(Closure))
#17 C:\Users\parma\Downloads\EasyFinanceCRM-Hostinger (1)\EasyFinanceCRM\backend\vendor\laravel\framework\src\Illuminate\Auth\Middleware\Authenticate.php(64): Illuminate\Pipeline\Pipeline-&gt;Illuminate\Pipeline\{closure}(Object(Illuminate\Http\Request))
#18 C:\Users\parma\Downloads\EasyFinanceCRM-Hostinger (1)\EasyFinanceCRM\backend\vendor\laravel\framework\src\Illuminate\Pipeline\Pipeline.php(209): Illuminate\Auth\Middleware\Authenticate-&gt;handle(Object(Illuminate\Http\Request), Object(Closure), 'sanctum')
#19 C:\Users\parma\Downloads\EasyFinanceCRM-Hostinger (1)\EasyFinanceCRM\backend\vendor\laravel\sanctum\src\Http\Middleware\EnsureFrontendRequestsAreStateful.php(26): Illuminate\Pipeline\Pipeline-&gt;Illuminate\Pipeline\{closure}(Object(Illuminate\Http\Request))
#20 C:\Users\parma\Downloads\EasyFinanceCRM-Hostinger (1)\EasyFinanceCRM\backend\vendor\laravel\framework\src\Illuminate\Pipeline\Pipeline.php(170): Laravel\Sanctum\Http\Middleware\EnsureFrontendRequestsAreStateful-&gt;Laravel\Sanctum\Http\Middleware\{closure}(Object(Illuminate\Http\Request))
#21 C:\Users\parma\Downloads\EasyFinanceCRM-Hostinger (1)\EasyFinanceCRM\backend\vendor\laravel\framework\src\Illuminate\Pipeline\Pipeline.php(127): Illuminate\Pipeline\Pipeline-&gt;Illuminate\Pipeline\{closure}(Object(Illuminate\Http\Request))
#22 C:\Users\parma\Downloads\EasyFinanceCRM-Hostinger (1)\EasyFinanceCRM\backend\vendor\laravel\sanctum\src\Http\Middleware\EnsureFrontendRequestsAreStateful.php(25): Illuminate\Pipeline\Pipeline-&gt;then(Object(Closure))
#23 C:\Users\parma\Downloads\EasyFinanceCRM-Hostinger (1)\EasyFinanceCRM\backend\vendor\laravel\framework\src\Illuminate\Pipeline\Pipeline.php(209): Laravel\Sanctum\Http\Middleware\EnsureFrontendRequestsAreStateful-&gt;handle(Object(Illuminate\Http\Request), Object(Closure))
#24 C:\Users\parma\Downloads\EasyFinanceCRM-Hostinger (1)\EasyFinanceCRM\backend\vendor\laravel\framework\src\Illuminate\Pipeline\Pipeline.php(127): Illuminate\Pipeline\Pipeline-&gt;Illuminate\Pipeline\{closure}(Object(Illuminate\Http\Request))
#25 C:\Users\parma\Downloads\EasyFinanceCRM-Hostinger (1)\EasyFinanceCRM\backend\vendor\laravel\framework\src\Illuminate\Routing\Router.php(807): Illuminate\Pipeline\Pipeline-&gt;then(Object(Closure))
#26 C:\Users\parma\Downloads\EasyFinanceCRM-Hostinger (1)\EasyFinanceCRM\backend\vendor\laravel\framework\src\Illuminate\Routing\Router.php(786): Illuminate\Routing\Router-&gt;runRouteWithinStack(Object(Illuminate\Routing\Route), Object(Illuminate\Http\Request))
#27 C:\Users\parma\Downloads\EasyFinanceCRM-Hostinger (1)\EasyFinanceCRM\backend\vendor\laravel\framework\src\Illuminate\Routing\Router.php(750): Illuminate\Routing\Router-&gt;runRoute(Object(Illuminate\Http\Request), Object(Illuminate\Routing\Route))
#28 C:\Users\parma\Downloads\EasyFinanceCRM-Hostinger (1)\EasyFinanceCRM\backend\vendor\laravel\framework\src\Illuminate\Routing\Router.php(739): Illuminate\Routing\Router-&gt;dispatchToRoute(Object(Illuminate\Http\Request))
#29 C:\Users\parma\Downloads\EasyFinanceCRM-Hostinger (1)\EasyFinanceCRM\backend\vendor\laravel\framework\src\Illuminate\Foundation\Http\Kernel.php(201): Illuminate\Routing\Router-&gt;dispatch(Object(Illuminate\Http\Request))
#30 C:\Users\parma\Downloads\EasyFinanceCRM-Hostinger (1)\EasyFinanceCRM\backend\vendor\laravel\framework\src\Illuminate\Pipeline\Pipeline.php(170): Illuminate\Foundation\Http\Kernel-&gt;Illuminate\Foundation\Http\{closure}(Object(Illuminate\Http\Request))
#31 C:\Users\parma\Downloads\EasyFinanceCRM-Hostinger (1)\EasyFinanceCRM\backend\vendor\laravel\framework\src\Illuminate\Foundation\Http\Middleware\TransformsRequest.php(21): Illuminate\Pipeline\Pipeline-&gt;Illuminate\Pipeline\{closure}(Object(Illuminate\Http\Request))
#32 C:\Users\parma\Downloads\EasyFinanceCRM-Hostinger (1)\EasyFinanceCRM\backend\vendor\laravel\framework\src\Illuminate\Foundation\Http\Middleware\ConvertEmptyStringsToNull.php(31): Illuminate\Foundation\Http\Middleware\TransformsRequest-&gt;handle(Object(Illuminate\Http\Request), Object(Closure))
#33 C:\Users\parma\Downloads\EasyFinanceCRM-Hostinger (1)\EasyFinanceCRM\backend\vendor\laravel\framework\src\Illuminate\Pipeline\Pipeline.php(209): Illuminate\Foundation\Http\Middleware\ConvertEmptyStringsToNull-&gt;handle(Object(Illuminate\Http\Request), Object(Closure))
#34 C:\Users\parma\Downloads\EasyFinanceCRM-Hostinger (1)\EasyFinanceCRM\backend\vendor\laravel\framework\src\Illuminate\Foundation\Http\Middleware\TransformsRequest.php(21): Illuminate\Pipeline\Pipeline-&gt;Illuminate\Pipeline\{closure}(Object(Illuminate\Http\Request))
#35 C:\Users\parma\Downloads\EasyFinanceCRM-Hostinger (1)\EasyFinanceCRM\backend\vendor\laravel\framework\src\Illuminate\Foundation\Http\Middleware\TrimStrings.php(51): Illuminate\Foundation\Http\Middleware\TransformsRequest-&gt;handle(Object(Illuminate\Http\Request), Object(Closure))
#36 C:\Users\parma\Downloads\EasyFinanceCRM-Hostinger (1)\EasyFinanceCRM\backend\vendor\laravel\framework\src\Illuminate\Pipeline\Pipeline.php(209): Illuminate\Foundation\Http\Middleware\TrimStrings-&gt;handle(Object(Illuminate\Http\Request), Object(Closure))
#37 C:\Users\parma\Downloads\EasyFinanceCRM-Hostinger (1)\EasyFinanceCRM\backend\vendor\laravel\framework\src\Illuminate\Http\Middleware\ValidatePostSize.php(27): Illuminate\Pipeline\Pipeline-&gt;Illuminate\Pipeline\{closure}(Object(Illuminate\Http\Request))
#38 C:\Users\parma\Downloads\EasyFinanceCRM-Hostinger (1)\EasyFinanceCRM\backend\vendor\laravel\framework\src\Illuminate\Pipeline\Pipeline.php(209): Illuminate\Http\Middleware\ValidatePostSize-&gt;handle(Object(Illuminate\Http\Request), Object(Closure))
#39 C:\Users\parma\Downloads\EasyFinanceCRM-Hostinger (1)\EasyFinanceCRM\backend\vendor\laravel\framework\src\Illuminate\Foundation\Http\Middleware\PreventRequestsDuringMaintenance.php(110): Illuminate\Pipeline\Pipeline-&gt;Illuminate\Pipeline\{closure}(Object(Illuminate\Http\Request))
#40 C:\Users\parma\Downloads\EasyFinanceCRM-Hostinger (1)\EasyFinanceCRM\backend\vendor\laravel\framework\src\Illuminate\Pipeline\Pipeline.php(209): Illuminate\Foundation\Http\Middleware\PreventRequestsDuringMaintenance-&gt;handle(Object(Illuminate\Http\Request), Object(Closure))
#41 C:\Users\parma\Downloads\EasyFinanceCRM-Hostinger (1)\EasyFinanceCRM\backend\vendor\laravel\framework\src\Illuminate\Http\Middleware\HandleCors.php(62): Illuminate\Pipeline\Pipeline-&gt;Illuminate\Pipeline\{closure}(Object(Illuminate\Http\Request))
#42 C:\Users\parma\Downloads\EasyFinanceCRM-Hostinger (1)\EasyFinanceCRM\backend\vendor\laravel\framework\src\Illuminate\Pipeline\Pipeline.php(209): Illuminate\Http\Middleware\HandleCors-&gt;handle(Object(Illuminate\Http\Request), Object(Closure))
#43 C:\Users\parma\Downloads\EasyFinanceCRM-Hostinger (1)\EasyFinanceCRM\backend\vendor\laravel\framework\src\Illuminate\Http\Middleware\TrustProxies.php(58): Illuminate\Pipeline\Pipeline-&gt;Illuminate\Pipeline\{closure}(Object(Illuminate\Http\Request))
#44 C:\Users\parma\Downloads\EasyFinanceCRM-Hostinger (1)\EasyFinanceCRM\backend\vendor\laravel\framework\src\Illuminate\Pipeline\Pipeline.php(209): Illuminate\Http\Middleware\TrustProxies-&gt;handle(Object(Illuminate\Http\Request), Object(Closure))
#45 C:\Users\parma\Downloads\EasyFinanceCRM-Hostinger (1)\EasyFinanceCRM\backend\vendor\laravel\framework\src\Illuminate\Foundation\Http\Middleware\InvokeDeferredCallbacks.php(22): Illuminate\Pipeline\Pipeline-&gt;Illuminate\Pipeline\{closure}(Object(Illuminate\Http\Request))
#46 C:\Users\parma\Downloads\EasyFinanceCRM-Hostinger (1)\EasyFinanceCRM\backend\vendor\laravel\framework\src\Illuminate\Pipeline\Pipeline.php(209): Illuminate\Foundation\Http\Middleware\InvokeDeferredCallbacks-&gt;handle(Object(Illuminate\Http\Request), Object(Closure))
#47 C:\Users\parma\Downloads\EasyFinanceCRM-Hostinger (1)\EasyFinanceCRM\backend\vendor\laravel\framework\src\Illuminate\Pipeline\Pipeline.php(127): Illuminate\Pipeline\Pipeline-&gt;Illuminate\Pipeline\{closure}(Object(Illuminate\Http\Request))
#48 C:\Users\parma\Downloads\EasyFinanceCRM-Hostinger (1)\EasyFinanceCRM\backend\vendor\laravel\framework\src\Illuminate\Foundation\Http\Kernel.php(176): Illuminate\Pipeline\Pipeline-&gt;then(Object(Closure))
#49 C:\Users\parma\Downloads\EasyFinanceCRM-Hostinger (1)\EasyFinanceCRM\backend\vendor\laravel\framework\src\Illuminate\Foundation\Http\Kernel.php(145): Illuminate\Foundation\Http\Kernel-&gt;sendRequestThroughRouter(Object(Illuminate\Http\Request))
#50 C:\Users\parma\Downloads\EasyFinanceCRM-Hostinger (1)\EasyFinanceCRM\backend\vendor\laravel\framework\src\Illuminate\Foundation\Testing\Concerns\MakesHttpRequests.php(607): Illuminate\Foundation\Http\Kernel-&gt;handle(Object(Illuminate\Http\Request))
#51 C:\Users\parma\Downloads\EasyFinanceCRM-Hostinger (1)\EasyFinanceCRM\backend\vendor\laravel\framework\src\Illuminate\Foundation\Testing\Concerns\MakesHttpRequests.php(573): Illuminate\Foundation\Testing\TestCase-&gt;call('GET', '/api/tickets', Array, Array, Array, Array, '[]')
#52 C:\Users\parma\Downloads\EasyFinanceCRM-Hostinger (1)\EasyFinanceCRM\backend\vendor\laravel\framework\src\Illuminate\Foundation\Testing\Concerns\MakesHttpRequests.php(381): Illuminate\Foundation\Testing\TestCase-&gt;json('GET', '/api/tickets', Array, Array, 0)
#53 C:\Users\parma\Downloads\EasyFinanceCRM-Hostinger (1)\EasyFinanceCRM\backend\tests\Feature\TicketTest.php(61): Illuminate\Foundation\Testing\TestCase-&gt;getJson('/api/tickets')
#54 C:\Users\parma\Downloads\EasyFinanceCRM-Hostinger (1)\EasyFinanceCRM\backend\vendor\phpunit\phpunit\src\Framework\TestCase.php(1548): Tests\Feature\TicketTest-&gt;test_client_cannot_see_others_tickets()
#55 C:\Users\parma\Downloads\EasyFinanceCRM-Hostinger (1)\EasyFinanceCRM\backend\vendor\phpunit\phpunit\src\Framework\TestCase.php(686): PHPUnit\Framework\TestCase-&gt;runTest()
#56 C:\Users\parma\Downloads\EasyFinanceCRM-Hostinger (1)\EasyFinanceCRM\backend\vendor\phpunit\phpunit\src\Framework\TestRunner.php(106): PHPUnit\Framework\TestCase-&gt;runBare()
#57 C:\Users\parma\Downloads\EasyFinanceCRM-Hostinger (1)\EasyFinanceCRM\backend\vendor\phpunit\phpunit\src\Framework\TestCase.php(516): PHPUnit\Framework\TestRunner-&gt;run(Object(Tests\Feature\TicketTest))
#58 C:\Users\parma\Downloads\EasyFinanceCRM-Hostinger (1)\EasyFinanceCRM\backend\vendor\phpunit\phpunit\src\Framework\TestSuite.php(374): PHPUnit\Framework\TestCase-&gt;run()
#59 C:\Users\parma\Downloads\EasyFinanceCRM-Hostinger (1)\EasyFinanceCRM\backend\vendor\phpunit\phpunit\src\Framework\TestSuite.php(374): PHPUnit\Framework\TestSuite-&gt;run()
#60 C:\Users\parma\Downloads\EasyFinanceCRM-Hostinger (1)\EasyFinanceCRM\backend\vendor\phpunit\phpunit\src\TextUI\TestRunner.php(64): PHPUnit\Framework\TestSuite-&gt;run()
#61 C:\Users\parma\Downloads\EasyFinanceCRM-Hostinger (1)\EasyFinanceCRM\backend\vendor\phpunit\phpunit\src\TextUI\Application.php(204): PHPUnit\TextUI\TestRunner-&gt;run(Object(PHPUnit\TextUI\Configuration\Configuration), Object(PHPUnit\Runner\ResultCache\DefaultResultCache), Object(PHPUnit\Framework\TestSuite))
#62 C:\Users\parma\Downloads\EasyFinanceCRM-Hostinger (1)\EasyFinanceCRM\backend\vendor\phpunit\phpunit\phpunit(104): PHPUnit\TextUI\Application-&gt;run(Array)
#63 C:\Users\parma\Downloads\EasyFinanceCRM-Hostinger (1)\EasyFinanceCRM\backend\vendor\bin\phpunit(122): include('C:\\Users\\parma\\...')
#64 {main}

----------------------------------------------------------------------------------

SQLSTATE[HY000]: General error: 1 no such column: tickets.deleted_at (Connection: sqlite, SQL: select count(*) as aggregate from "tickets" where "user_id" = 1 and "tickets"."deleted_at" is null)
&#13;
C:\Users\parma\Downloads\EasyFinanceCRM-Hostinger (1)\EasyFinanceCRM\backend\vendor\laravel\framework\src\Illuminate\Testing\TestResponseAssert.php:45
C:\Users\parma\Downloads\EasyFinanceCRM-Hostinger (1)\EasyFinanceCRM\backend\vendor\laravel\framework\src\Illuminate\Testing\TestResponse.php:160
C:\Users\parma\Downloads\EasyFinanceCRM-Hostinger (1)\EasyFinanceCRM\backend\tests\Feature\TicketTest.php:63</failure>
      </testcase>
    </testsuite>
  </testsuite>
</testsuites>
