<?xml version="1.0" encoding="UTF-8"?>
<testsuites>
  <testsuite name="Tests\Feature\LeadTest" file="C:\Users\parma\Downloads\EasyFinanceCRM-Hostinger (1)\EasyFinanceCRM\backend\tests\Feature\LeadTest.php" tests="3" assertions="0" errors="3" failures="0" skipped="0" time="0.000000">
    <testcase name="test_admin_can_list_all_leads" file="C:\Users\parma\Downloads\EasyFinanceCRM-Hostinger (1)\EasyFinanceCRM\backend\tests\Feature\LeadTest.php" line="14" class="Tests\Feature\LeadTest" classname="Tests.Feature.LeadTest" assertions="0" time="0.000000">
      <error type="Illuminate\Database\QueryException">Tests\Feature\LeadTest::test_admin_can_list_all_leads&#13;
Illuminate\Database\QueryException: SQLSTATE[HY000]: General error: 1 table "tickets" already exists (Connection: sqlite, SQL: create table "tickets" ("id" integer primary key autoincrement not null, "user_id" integer not null, "assigned_to" integer, "subject" varchar not null, "description" text not null, "priority" varchar not null default 'Medium', "status" varchar not null default 'Open', "category" varchar not null default 'Other', "created_at" datetime, "updated_at" datetime))
&#13;
C:\Users\parma\Downloads\EasyFinanceCRM-Hostinger (1)\EasyFinanceCRM\backend\vendor\laravel\framework\src\Illuminate\Database\Connection.php:825
C:\Users\parma\Downloads\EasyFinanceCRM-Hostinger (1)\EasyFinanceCRM\backend\vendor\laravel\framework\src\Illuminate\Database\Connection.php:779
C:\Users\parma\Downloads\EasyFinanceCRM-Hostinger (1)\EasyFinanceCRM\backend\vendor\laravel\framework\src\Illuminate\Database\Connection.php:560
C:\Users\parma\Downloads\EasyFinanceCRM-Hostinger (1)\EasyFinanceCRM\backend\vendor\laravel\framework\src\Illuminate\Database\Schema\Blueprint.php:118
C:\Users\parma\Downloads\EasyFinanceCRM-Hostinger (1)\EasyFinanceCRM\backend\vendor\laravel\framework\src\Illuminate\Database\Schema\Builder.php:564
C:\Users\parma\Downloads\EasyFinanceCRM-Hostinger (1)\EasyFinanceCRM\backend\vendor\laravel\framework\src\Illuminate\Database\Schema\Builder.php:418
C:\Users\parma\Downloads\EasyFinanceCRM-Hostinger (1)\EasyFinanceCRM\backend\vendor\laravel\framework\src\Illuminate\Support\Facades\Facade.php:361
C:\Users\parma\Downloads\EasyFinanceCRM-Hostinger (1)\EasyFinanceCRM\backend\database\migrations\2024_01_01_000016_create_tickets_system.php:11
C:\Users\parma\Downloads\EasyFinanceCRM-Hostinger (1)\EasyFinanceCRM\backend\vendor\laravel\framework\src\Illuminate\Database\Migrations\Migrator.php:507
C:\Users\parma\Downloads\EasyFinanceCRM-Hostinger (1)\EasyFinanceCRM\backend\vendor\laravel\framework\src\Illuminate\Database\Migrations\Migrator.php:432
C:\Users\parma\Downloads\EasyFinanceCRM-Hostinger (1)\EasyFinanceCRM\backend\vendor\laravel\framework\src\Illuminate\Database\Migrations\Migrator.php:441
C:\Users\parma\Downloads\EasyFinanceCRM-Hostinger (1)\EasyFinanceCRM\backend\vendor\laravel\framework\src\Illuminate\Database\Migrations\Migrator.php:244
C:\Users\parma\Downloads\EasyFinanceCRM-Hostinger (1)\EasyFinanceCRM\backend\vendor\laravel\framework\src\Illuminate\Console\View\Components\Task.php:40
C:\Users\parma\Downloads\EasyFinanceCRM-Hostinger (1)\EasyFinanceCRM\backend\vendor\laravel\framework\src\Illuminate\Database\Migrations\Migrator.php:798
C:\Users\parma\Downloads\EasyFinanceCRM-Hostinger (1)\EasyFinanceCRM\backend\vendor\laravel\framework\src\Illuminate\Database\Migrations\Migrator.php:244
C:\Users\parma\Downloads\EasyFinanceCRM-Hostinger (1)\EasyFinanceCRM\backend\vendor\laravel\framework\src\Illuminate\Database\Migrations\Migrator.php:211
C:\Users\parma\Downloads\EasyFinanceCRM-Hostinger (1)\EasyFinanceCRM\backend\vendor\laravel\framework\src\Illuminate\Database\Migrations\Migrator.php:138
C:\Users\parma\Downloads\EasyFinanceCRM-Hostinger (1)\EasyFinanceCRM\backend\vendor\laravel\framework\src\Illuminate\Database\Console\Migrations\MigrateCommand.php:117
C:\Users\parma\Downloads\EasyFinanceCRM-Hostinger (1)\EasyFinanceCRM\backend\vendor\laravel\framework\src\Illuminate\Database\Migrations\Migrator.php:658
C:\Users\parma\Downloads\EasyFinanceCRM-Hostinger (1)\EasyFinanceCRM\backend\vendor\laravel\framework\src\Illuminate\Database\Console\Migrations\MigrateCommand.php:110
C:\Users\parma\Downloads\EasyFinanceCRM-Hostinger (1)\EasyFinanceCRM\backend\vendor\laravel\framework\src\Illuminate\Database\Console\Migrations\MigrateCommand.php:89
C:\Users\parma\Downloads\EasyFinanceCRM-Hostinger (1)\EasyFinanceCRM\backend\vendor\laravel\framework\src\Illuminate\Container\BoundMethod.php:36
C:\Users\parma\Downloads\EasyFinanceCRM-Hostinger (1)\EasyFinanceCRM\backend\vendor\laravel\framework\src\Illuminate\Container\Util.php:43
C:\Users\parma\Downloads\EasyFinanceCRM-Hostinger (1)\EasyFinanceCRM\backend\vendor\laravel\framework\src\Illuminate\Container\BoundMethod.php:95
C:\Users\parma\Downloads\EasyFinanceCRM-Hostinger (1)\EasyFinanceCRM\backend\vendor\laravel\framework\src\Illuminate\Container\BoundMethod.php:35
C:\Users\parma\Downloads\EasyFinanceCRM-Hostinger (1)\EasyFinanceCRM\backend\vendor\laravel\framework\src\Illuminate\Container\Container.php:696
C:\Users\parma\Downloads\EasyFinanceCRM-Hostinger (1)\EasyFinanceCRM\backend\vendor\laravel\framework\src\Illuminate\Console\Command.php:213
C:\Users\parma\Downloads\EasyFinanceCRM-Hostinger (1)\EasyFinanceCRM\backend\vendor\symfony\console\Command\Command.php:341
C:\Users\parma\Downloads\EasyFinanceCRM-Hostinger (1)\EasyFinanceCRM\backend\vendor\laravel\framework\src\Illuminate\Console\Command.php:182
C:\Users\parma\Downloads\EasyFinanceCRM-Hostinger (1)\EasyFinanceCRM\backend\vendor\laravel\framework\src\Illuminate\Console\Concerns\CallsCommands.php:68
C:\Users\parma\Downloads\EasyFinanceCRM-Hostinger (1)\EasyFinanceCRM\backend\vendor\laravel\framework\src\Illuminate\Console\Concerns\CallsCommands.php:29
C:\Users\parma\Downloads\EasyFinanceCRM-Hostinger (1)\EasyFinanceCRM\backend\vendor\laravel\framework\src\Illuminate\Database\Console\Migrations\FreshCommand.php:82
C:\Users\parma\Downloads\EasyFinanceCRM-Hostinger (1)\EasyFinanceCRM\backend\vendor\laravel\framework\src\Illuminate\Container\BoundMethod.php:36
C:\Users\parma\Downloads\EasyFinanceCRM-Hostinger (1)\EasyFinanceCRM\backend\vendor\laravel\framework\src\Illuminate\Container\Util.php:43
C:\Users\parma\Downloads\EasyFinanceCRM-Hostinger (1)\EasyFinanceCRM\backend\vendor\laravel\framework\src\Illuminate\Container\BoundMethod.php:95
C:\Users\parma\Downloads\EasyFinanceCRM-Hostinger (1)\EasyFinanceCRM\backend\vendor\laravel\framework\src\Illuminate\Container\BoundMethod.php:35
C:\Users\parma\Downloads\EasyFinanceCRM-Hostinger (1)\EasyFinanceCRM\backend\vendor\laravel\framework\src\Illuminate\Container\Container.php:696
C:\Users\parma\Downloads\EasyFinanceCRM-Hostinger (1)\EasyFinanceCRM\backend\vendor\laravel\framework\src\Illuminate\Console\Command.php:213
C:\Users\parma\Downloads\EasyFinanceCRM-Hostinger (1)\EasyFinanceCRM\backend\vendor\symfony\console\Command\Command.php:341
C:\Users\parma\Downloads\EasyFinanceCRM-Hostinger (1)\EasyFinanceCRM\backend\vendor\laravel\framework\src\Illuminate\Console\Command.php:182
C:\Users\parma\Downloads\EasyFinanceCRM-Hostinger (1)\EasyFinanceCRM\backend\vendor\symfony\console\Application.php:1094
C:\Users\parma\Downloads\EasyFinanceCRM-Hostinger (1)\EasyFinanceCRM\backend\vendor\symfony\console\Application.php:356
C:\Users\parma\Downloads\EasyFinanceCRM-Hostinger (1)\EasyFinanceCRM\backend\vendor\symfony\console\Application.php:195
C:\Users\parma\Downloads\EasyFinanceCRM-Hostinger (1)\EasyFinanceCRM\backend\vendor\laravel\framework\src\Illuminate\Console\Application.php:166
C:\Users\parma\Downloads\EasyFinanceCRM-Hostinger (1)\EasyFinanceCRM\backend\vendor\laravel\framework\src\Illuminate\Foundation\Console\Kernel.php:427
C:\Users\parma\Downloads\EasyFinanceCRM-Hostinger (1)\EasyFinanceCRM\backend\vendor\laravel\framework\src\Illuminate\Testing\PendingCommand.php:332
C:\Users\parma\Downloads\EasyFinanceCRM-Hostinger (1)\EasyFinanceCRM\backend\vendor\laravel\framework\src\Illuminate\Testing\PendingCommand.php:556
C:\Users\parma\Downloads\EasyFinanceCRM-Hostinger (1)\EasyFinanceCRM\backend\vendor\laravel\framework\src\Illuminate\Foundation\Testing\Concerns\InteractsWithConsole.php:87
C:\Users\parma\Downloads\EasyFinanceCRM-Hostinger (1)\EasyFinanceCRM\backend\vendor\laravel\framework\src\Illuminate\Foundation\Testing\RefreshDatabase.php:66
C:\Users\parma\Downloads\EasyFinanceCRM-Hostinger (1)\EasyFinanceCRM\backend\vendor\laravel\framework\src\Illuminate\Foundation\Testing\RefreshDatabase.php:25
C:\Users\parma\Downloads\EasyFinanceCRM-Hostinger (1)\EasyFinanceCRM\backend\vendor\laravel\framework\src\Illuminate\Foundation\Testing\Concerns\InteractsWithTestCaseLifecycle.php:209
C:\Users\parma\Downloads\EasyFinanceCRM-Hostinger (1)\EasyFinanceCRM\backend\vendor\laravel\framework\src\Illuminate\Foundation\Testing\Concerns\InteractsWithTestCaseLifecycle.php:97
C:\Users\parma\Downloads\EasyFinanceCRM-Hostinger (1)\EasyFinanceCRM\backend\vendor\laravel\framework\src\Illuminate\Foundation\Testing\TestCase.php:44</error>
    </testcase>
    <testcase name="test_staff_can_only_see_assigned_leads" file="C:\Users\parma\Downloads\EasyFinanceCRM-Hostinger (1)\EasyFinanceCRM\backend\tests\Feature\LeadTest.php" line="26" class="Tests\Feature\LeadTest" classname="Tests.Feature.LeadTest" assertions="0" time="0.000000">
      <error type="Illuminate\Database\QueryException">Tests\Feature\LeadTest::test_staff_can_only_see_assigned_leads&#13;
Illuminate\Database\QueryException: SQLSTATE[HY000]: General error: 1 table "tickets" already exists (Connection: sqlite, SQL: create table "tickets" ("id" integer primary key autoincrement not null, "user_id" integer not null, "assigned_to" integer, "subject" varchar not null, "description" text not null, "priority" varchar not null default 'Medium', "status" varchar not null default 'Open', "category" varchar not null default 'Other', "created_at" datetime, "updated_at" datetime))
&#13;
C:\Users\parma\Downloads\EasyFinanceCRM-Hostinger (1)\EasyFinanceCRM\backend\vendor\laravel\framework\src\Illuminate\Database\Connection.php:825
C:\Users\parma\Downloads\EasyFinanceCRM-Hostinger (1)\EasyFinanceCRM\backend\vendor\laravel\framework\src\Illuminate\Database\Connection.php:779
C:\Users\parma\Downloads\EasyFinanceCRM-Hostinger (1)\EasyFinanceCRM\backend\vendor\laravel\framework\src\Illuminate\Database\Connection.php:560
C:\Users\parma\Downloads\EasyFinanceCRM-Hostinger (1)\EasyFinanceCRM\backend\vendor\laravel\framework\src\Illuminate\Database\Schema\Blueprint.php:118
C:\Users\parma\Downloads\EasyFinanceCRM-Hostinger (1)\EasyFinanceCRM\backend\vendor\laravel\framework\src\Illuminate\Database\Schema\Builder.php:564
C:\Users\parma\Downloads\EasyFinanceCRM-Hostinger (1)\EasyFinanceCRM\backend\vendor\laravel\framework\src\Illuminate\Database\Schema\Builder.php:418
C:\Users\parma\Downloads\EasyFinanceCRM-Hostinger (1)\EasyFinanceCRM\backend\vendor\laravel\framework\src\Illuminate\Support\Facades\Facade.php:361
C:\Users\parma\Downloads\EasyFinanceCRM-Hostinger (1)\EasyFinanceCRM\backend\database\migrations\2024_01_01_000016_create_tickets_system.php:11
C:\Users\parma\Downloads\EasyFinanceCRM-Hostinger (1)\EasyFinanceCRM\backend\vendor\laravel\framework\src\Illuminate\Database\Migrations\Migrator.php:507
C:\Users\parma\Downloads\EasyFinanceCRM-Hostinger (1)\EasyFinanceCRM\backend\vendor\laravel\framework\src\Illuminate\Database\Migrations\Migrator.php:432
C:\Users\parma\Downloads\EasyFinanceCRM-Hostinger (1)\EasyFinanceCRM\backend\vendor\laravel\framework\src\Illuminate\Database\Migrations\Migrator.php:441
C:\Users\parma\Downloads\EasyFinanceCRM-Hostinger (1)\EasyFinanceCRM\backend\vendor\laravel\framework\src\Illuminate\Database\Migrations\Migrator.php:244
C:\Users\parma\Downloads\EasyFinanceCRM-Hostinger (1)\EasyFinanceCRM\backend\vendor\laravel\framework\src\Illuminate\Console\View\Components\Task.php:40
C:\Users\parma\Downloads\EasyFinanceCRM-Hostinger (1)\EasyFinanceCRM\backend\vendor\laravel\framework\src\Illuminate\Database\Migrations\Migrator.php:798
C:\Users\parma\Downloads\EasyFinanceCRM-Hostinger (1)\EasyFinanceCRM\backend\vendor\laravel\framework\src\Illuminate\Database\Migrations\Migrator.php:244
C:\Users\parma\Downloads\EasyFinanceCRM-Hostinger (1)\EasyFinanceCRM\backend\vendor\laravel\framework\src\Illuminate\Database\Migrations\Migrator.php:211
C:\Users\parma\Downloads\EasyFinanceCRM-Hostinger (1)\EasyFinanceCRM\backend\vendor\laravel\framework\src\Illuminate\Database\Migrations\Migrator.php:138
C:\Users\parma\Downloads\EasyFinanceCRM-Hostinger (1)\EasyFinanceCRM\backend\vendor\laravel\framework\src\Illuminate\Database\Console\Migrations\MigrateCommand.php:117
C:\Users\parma\Downloads\EasyFinanceCRM-Hostinger (1)\EasyFinanceCRM\backend\vendor\laravel\framework\src\Illuminate\Database\Migrations\Migrator.php:658
C:\Users\parma\Downloads\EasyFinanceCRM-Hostinger (1)\EasyFinanceCRM\backend\vendor\laravel\framework\src\Illuminate\Database\Console\Migrations\MigrateCommand.php:110
C:\Users\parma\Downloads\EasyFinanceCRM-Hostinger (1)\EasyFinanceCRM\backend\vendor\laravel\framework\src\Illuminate\Database\Console\Migrations\MigrateCommand.php:89
C:\Users\parma\Downloads\EasyFinanceCRM-Hostinger (1)\EasyFinanceCRM\backend\vendor\laravel\framework\src\Illuminate\Container\BoundMethod.php:36
C:\Users\parma\Downloads\EasyFinanceCRM-Hostinger (1)\EasyFinanceCRM\backend\vendor\laravel\framework\src\Illuminate\Container\Util.php:43
C:\Users\parma\Downloads\EasyFinanceCRM-Hostinger (1)\EasyFinanceCRM\backend\vendor\laravel\framework\src\Illuminate\Container\BoundMethod.php:95
C:\Users\parma\Downloads\EasyFinanceCRM-Hostinger (1)\EasyFinanceCRM\backend\vendor\laravel\framework\src\Illuminate\Container\BoundMethod.php:35
C:\Users\parma\Downloads\EasyFinanceCRM-Hostinger (1)\EasyFinanceCRM\backend\vendor\laravel\framework\src\Illuminate\Container\Container.php:696
C:\Users\parma\Downloads\EasyFinanceCRM-Hostinger (1)\EasyFinanceCRM\backend\vendor\laravel\framework\src\Illuminate\Console\Command.php:213
C:\Users\parma\Downloads\EasyFinanceCRM-Hostinger (1)\EasyFinanceCRM\backend\vendor\symfony\console\Command\Command.php:341
C:\Users\parma\Downloads\EasyFinanceCRM-Hostinger (1)\EasyFinanceCRM\backend\vendor\laravel\framework\src\Illuminate\Console\Command.php:182
C:\Users\parma\Downloads\EasyFinanceCRM-Hostinger (1)\EasyFinanceCRM\backend\vendor\laravel\framework\src\Illuminate\Console\Concerns\CallsCommands.php:68
C:\Users\parma\Downloads\EasyFinanceCRM-Hostinger (1)\EasyFinanceCRM\backend\vendor\laravel\framework\src\Illuminate\Console\Concerns\CallsCommands.php:29
C:\Users\parma\Downloads\EasyFinanceCRM-Hostinger (1)\EasyFinanceCRM\backend\vendor\laravel\framework\src\Illuminate\Database\Console\Migrations\FreshCommand.php:82
C:\Users\parma\Downloads\EasyFinanceCRM-Hostinger (1)\EasyFinanceCRM\backend\vendor\laravel\framework\src\Illuminate\Container\BoundMethod.php:36
C:\Users\parma\Downloads\EasyFinanceCRM-Hostinger (1)\EasyFinanceCRM\backend\vendor\laravel\framework\src\Illuminate\Container\Util.php:43
C:\Users\parma\Downloads\EasyFinanceCRM-Hostinger (1)\EasyFinanceCRM\backend\vendor\laravel\framework\src\Illuminate\Container\BoundMethod.php:95
C:\Users\parma\Downloads\EasyFinanceCRM-Hostinger (1)\EasyFinanceCRM\backend\vendor\laravel\framework\src\Illuminate\Container\BoundMethod.php:35
C:\Users\parma\Downloads\EasyFinanceCRM-Hostinger (1)\EasyFinanceCRM\backend\vendor\laravel\framework\src\Illuminate\Container\Container.php:696
C:\Users\parma\Downloads\EasyFinanceCRM-Hostinger (1)\EasyFinanceCRM\backend\vendor\laravel\framework\src\Illuminate\Console\Command.php:213
C:\Users\parma\Downloads\EasyFinanceCRM-Hostinger (1)\EasyFinanceCRM\backend\vendor\symfony\console\Command\Command.php:341
C:\Users\parma\Downloads\EasyFinanceCRM-Hostinger (1)\EasyFinanceCRM\backend\vendor\laravel\framework\src\Illuminate\Console\Command.php:182
C:\Users\parma\Downloads\EasyFinanceCRM-Hostinger (1)\EasyFinanceCRM\backend\vendor\symfony\console\Application.php:1094
C:\Users\parma\Downloads\EasyFinanceCRM-Hostinger (1)\EasyFinanceCRM\backend\vendor\symfony\console\Application.php:356
C:\Users\parma\Downloads\EasyFinanceCRM-Hostinger (1)\EasyFinanceCRM\backend\vendor\symfony\console\Application.php:195
C:\Users\parma\Downloads\EasyFinanceCRM-Hostinger (1)\EasyFinanceCRM\backend\vendor\laravel\framework\src\Illuminate\Console\Application.php:166
C:\Users\parma\Downloads\EasyFinanceCRM-Hostinger (1)\EasyFinanceCRM\backend\vendor\laravel\framework\src\Illuminate\Foundation\Console\Kernel.php:427
C:\Users\parma\Downloads\EasyFinanceCRM-Hostinger (1)\EasyFinanceCRM\backend\vendor\laravel\framework\src\Illuminate\Testing\PendingCommand.php:332
C:\Users\parma\Downloads\EasyFinanceCRM-Hostinger (1)\EasyFinanceCRM\backend\vendor\laravel\framework\src\Illuminate\Testing\PendingCommand.php:556
C:\Users\parma\Downloads\EasyFinanceCRM-Hostinger (1)\EasyFinanceCRM\backend\vendor\laravel\framework\src\Illuminate\Foundation\Testing\Concerns\InteractsWithConsole.php:87
C:\Users\parma\Downloads\EasyFinanceCRM-Hostinger (1)\EasyFinanceCRM\backend\vendor\laravel\framework\src\Illuminate\Foundation\Testing\RefreshDatabase.php:66
C:\Users\parma\Downloads\EasyFinanceCRM-Hostinger (1)\EasyFinanceCRM\backend\vendor\laravel\framework\src\Illuminate\Foundation\Testing\RefreshDatabase.php:25
C:\Users\parma\Downloads\EasyFinanceCRM-Hostinger (1)\EasyFinanceCRM\backend\vendor\laravel\framework\src\Illuminate\Foundation\Testing\Concerns\InteractsWithTestCaseLifecycle.php:209
C:\Users\parma\Downloads\EasyFinanceCRM-Hostinger (1)\EasyFinanceCRM\backend\vendor\laravel\framework\src\Illuminate\Foundation\Testing\Concerns\InteractsWithTestCaseLifecycle.php:97
C:\Users\parma\Downloads\EasyFinanceCRM-Hostinger (1)\EasyFinanceCRM\backend\vendor\laravel\framework\src\Illuminate\Foundation\Testing\TestCase.php:44</error>
      <system-out>        </system-out>
    </testcase>
    <testcase name="test_can_create_lead" file="C:\Users\parma\Downloads\EasyFinanceCRM-Hostinger (1)\EasyFinanceCRM\backend\tests\Feature\LeadTest.php" line="41" class="Tests\Feature\LeadTest" classname="Tests.Feature.LeadTest" assertions="0" time="0.000000">
      <error type="Illuminate\Database\QueryException">Tests\Feature\LeadTest::test_can_create_lead&#13;
Illuminate\Database\QueryException: SQLSTATE[HY000]: General error: 1 table "tickets" already exists (Connection: sqlite, SQL: create table "tickets" ("id" integer primary key autoincrement not null, "user_id" integer not null, "assigned_to" integer, "subject" varchar not null, "description" text not null, "priority" varchar not null default 'Medium', "status" varchar not null default 'Open', "category" varchar not null default 'Other', "created_at" datetime, "updated_at" datetime))
&#13;
C:\Users\parma\Downloads\EasyFinanceCRM-Hostinger (1)\EasyFinanceCRM\backend\vendor\laravel\framework\src\Illuminate\Database\Connection.php:825
C:\Users\parma\Downloads\EasyFinanceCRM-Hostinger (1)\EasyFinanceCRM\backend\vendor\laravel\framework\src\Illuminate\Database\Connection.php:779
C:\Users\parma\Downloads\EasyFinanceCRM-Hostinger (1)\EasyFinanceCRM\backend\vendor\laravel\framework\src\Illuminate\Database\Connection.php:560
C:\Users\parma\Downloads\EasyFinanceCRM-Hostinger (1)\EasyFinanceCRM\backend\vendor\laravel\framework\src\Illuminate\Database\Schema\Blueprint.php:118
C:\Users\parma\Downloads\EasyFinanceCRM-Hostinger (1)\EasyFinanceCRM\backend\vendor\laravel\framework\src\Illuminate\Database\Schema\Builder.php:564
C:\Users\parma\Downloads\EasyFinanceCRM-Hostinger (1)\EasyFinanceCRM\backend\vendor\laravel\framework\src\Illuminate\Database\Schema\Builder.php:418
C:\Users\parma\Downloads\EasyFinanceCRM-Hostinger (1)\EasyFinanceCRM\backend\vendor\laravel\framework\src\Illuminate\Support\Facades\Facade.php:361
C:\Users\parma\Downloads\EasyFinanceCRM-Hostinger (1)\EasyFinanceCRM\backend\database\migrations\2024_01_01_000016_create_tickets_system.php:11
C:\Users\parma\Downloads\EasyFinanceCRM-Hostinger (1)\EasyFinanceCRM\backend\vendor\laravel\framework\src\Illuminate\Database\Migrations\Migrator.php:507
C:\Users\parma\Downloads\EasyFinanceCRM-Hostinger (1)\EasyFinanceCRM\backend\vendor\laravel\framework\src\Illuminate\Database\Migrations\Migrator.php:432
C:\Users\parma\Downloads\EasyFinanceCRM-Hostinger (1)\EasyFinanceCRM\backend\vendor\laravel\framework\src\Illuminate\Database\Migrations\Migrator.php:441
C:\Users\parma\Downloads\EasyFinanceCRM-Hostinger (1)\EasyFinanceCRM\backend\vendor\laravel\framework\src\Illuminate\Database\Migrations\Migrator.php:244
C:\Users\parma\Downloads\EasyFinanceCRM-Hostinger (1)\EasyFinanceCRM\backend\vendor\laravel\framework\src\Illuminate\Console\View\Components\Task.php:40
C:\Users\parma\Downloads\EasyFinanceCRM-Hostinger (1)\EasyFinanceCRM\backend\vendor\laravel\framework\src\Illuminate\Database\Migrations\Migrator.php:798
C:\Users\parma\Downloads\EasyFinanceCRM-Hostinger (1)\EasyFinanceCRM\backend\vendor\laravel\framework\src\Illuminate\Database\Migrations\Migrator.php:244
C:\Users\parma\Downloads\EasyFinanceCRM-Hostinger (1)\EasyFinanceCRM\backend\vendor\laravel\framework\src\Illuminate\Database\Migrations\Migrator.php:211
C:\Users\parma\Downloads\EasyFinanceCRM-Hostinger (1)\EasyFinanceCRM\backend\vendor\laravel\framework\src\Illuminate\Database\Migrations\Migrator.php:138
C:\Users\parma\Downloads\EasyFinanceCRM-Hostinger (1)\EasyFinanceCRM\backend\vendor\laravel\framework\src\Illuminate\Database\Console\Migrations\MigrateCommand.php:117
C:\Users\parma\Downloads\EasyFinanceCRM-Hostinger (1)\EasyFinanceCRM\backend\vendor\laravel\framework\src\Illuminate\Database\Migrations\Migrator.php:658
C:\Users\parma\Downloads\EasyFinanceCRM-Hostinger (1)\EasyFinanceCRM\backend\vendor\laravel\framework\src\Illuminate\Database\Console\Migrations\MigrateCommand.php:110
C:\Users\parma\Downloads\EasyFinanceCRM-Hostinger (1)\EasyFinanceCRM\backend\vendor\laravel\framework\src\Illuminate\Database\Console\Migrations\MigrateCommand.php:89
C:\Users\parma\Downloads\EasyFinanceCRM-Hostinger (1)\EasyFinanceCRM\backend\vendor\laravel\framework\src\Illuminate\Container\BoundMethod.php:36
C:\Users\parma\Downloads\EasyFinanceCRM-Hostinger (1)\EasyFinanceCRM\backend\vendor\laravel\framework\src\Illuminate\Container\Util.php:43
C:\Users\parma\Downloads\EasyFinanceCRM-Hostinger (1)\EasyFinanceCRM\backend\vendor\laravel\framework\src\Illuminate\Container\BoundMethod.php:95
C:\Users\parma\Downloads\EasyFinanceCRM-Hostinger (1)\EasyFinanceCRM\backend\vendor\laravel\framework\src\Illuminate\Container\BoundMethod.php:35
C:\Users\parma\Downloads\EasyFinanceCRM-Hostinger (1)\EasyFinanceCRM\backend\vendor\laravel\framework\src\Illuminate\Container\Container.php:696
C:\Users\parma\Downloads\EasyFinanceCRM-Hostinger (1)\EasyFinanceCRM\backend\vendor\laravel\framework\src\Illuminate\Console\Command.php:213
C:\Users\parma\Downloads\EasyFinanceCRM-Hostinger (1)\EasyFinanceCRM\backend\vendor\symfony\console\Command\Command.php:341
C:\Users\parma\Downloads\EasyFinanceCRM-Hostinger (1)\EasyFinanceCRM\backend\vendor\laravel\framework\src\Illuminate\Console\Command.php:182
C:\Users\parma\Downloads\EasyFinanceCRM-Hostinger (1)\EasyFinanceCRM\backend\vendor\laravel\framework\src\Illuminate\Console\Concerns\CallsCommands.php:68
C:\Users\parma\Downloads\EasyFinanceCRM-Hostinger (1)\EasyFinanceCRM\backend\vendor\laravel\framework\src\Illuminate\Console\Concerns\CallsCommands.php:29
C:\Users\parma\Downloads\EasyFinanceCRM-Hostinger (1)\EasyFinanceCRM\backend\vendor\laravel\framework\src\Illuminate\Database\Console\Migrations\FreshCommand.php:82
C:\Users\parma\Downloads\EasyFinanceCRM-Hostinger (1)\EasyFinanceCRM\backend\vendor\laravel\framework\src\Illuminate\Container\BoundMethod.php:36
C:\Users\parma\Downloads\EasyFinanceCRM-Hostinger (1)\EasyFinanceCRM\backend\vendor\laravel\framework\src\Illuminate\Container\Util.php:43
C:\Users\parma\Downloads\EasyFinanceCRM-Hostinger (1)\EasyFinanceCRM\backend\vendor\laravel\framework\src\Illuminate\Container\BoundMethod.php:95
C:\Users\parma\Downloads\EasyFinanceCRM-Hostinger (1)\EasyFinanceCRM\backend\vendor\laravel\framework\src\Illuminate\Container\BoundMethod.php:35
C:\Users\parma\Downloads\EasyFinanceCRM-Hostinger (1)\EasyFinanceCRM\backend\vendor\laravel\framework\src\Illuminate\Container\Container.php:696
C:\Users\parma\Downloads\EasyFinanceCRM-Hostinger (1)\EasyFinanceCRM\backend\vendor\laravel\framework\src\Illuminate\Console\Command.php:213
C:\Users\parma\Downloads\EasyFinanceCRM-Hostinger (1)\EasyFinanceCRM\backend\vendor\symfony\console\Command\Command.php:341
C:\Users\parma\Downloads\EasyFinanceCRM-Hostinger (1)\EasyFinanceCRM\backend\vendor\laravel\framework\src\Illuminate\Console\Command.php:182
C:\Users\parma\Downloads\EasyFinanceCRM-Hostinger (1)\EasyFinanceCRM\backend\vendor\symfony\console\Application.php:1094
C:\Users\parma\Downloads\EasyFinanceCRM-Hostinger (1)\EasyFinanceCRM\backend\vendor\symfony\console\Application.php:356
C:\Users\parma\Downloads\EasyFinanceCRM-Hostinger (1)\EasyFinanceCRM\backend\vendor\symfony\console\Application.php:195
C:\Users\parma\Downloads\EasyFinanceCRM-Hostinger (1)\EasyFinanceCRM\backend\vendor\laravel\framework\src\Illuminate\Console\Application.php:166
C:\Users\parma\Downloads\EasyFinanceCRM-Hostinger (1)\EasyFinanceCRM\backend\vendor\laravel\framework\src\Illuminate\Foundation\Console\Kernel.php:427
C:\Users\parma\Downloads\EasyFinanceCRM-Hostinger (1)\EasyFinanceCRM\backend\vendor\laravel\framework\src\Illuminate\Testing\PendingCommand.php:332
C:\Users\parma\Downloads\EasyFinanceCRM-Hostinger (1)\EasyFinanceCRM\backend\vendor\laravel\framework\src\Illuminate\Testing\PendingCommand.php:556
C:\Users\parma\Downloads\EasyFinanceCRM-Hostinger (1)\EasyFinanceCRM\backend\vendor\laravel\framework\src\Illuminate\Foundation\Testing\Concerns\InteractsWithConsole.php:87
C:\Users\parma\Downloads\EasyFinanceCRM-Hostinger (1)\EasyFinanceCRM\backend\vendor\laravel\framework\src\Illuminate\Foundation\Testing\RefreshDatabase.php:66
C:\Users\parma\Downloads\EasyFinanceCRM-Hostinger (1)\EasyFinanceCRM\backend\vendor\laravel\framework\src\Illuminate\Foundation\Testing\RefreshDatabase.php:25
C:\Users\parma\Downloads\EasyFinanceCRM-Hostinger (1)\EasyFinanceCRM\backend\vendor\laravel\framework\src\Illuminate\Foundation\Testing\Concerns\InteractsWithTestCaseLifecycle.php:209
C:\Users\parma\Downloads\EasyFinanceCRM-Hostinger (1)\EasyFinanceCRM\backend\vendor\laravel\framework\src\Illuminate\Foundation\Testing\Concerns\InteractsWithTestCaseLifecycle.php:97
C:\Users\parma\Downloads\EasyFinanceCRM-Hostinger (1)\EasyFinanceCRM\backend\vendor\laravel\framework\src\Illuminate\Foundation\Testing\TestCase.php:44</error>
    </testcase>
  </testsuite>
</testsuites>
